#
# A fatal error has been detected by the Java Runtime Environment:
#
#  SIGSEGV (0xb) at pc=0x00000001679dd12f, pid=630, tid=44803
#
# JRE version: Java(TM) SE Runtime Environment (7.0_75-b13) (build 1.7.0_75-b13)
# Java VM: Java HotSpot(TM) 64-Bit Server VM (24.75-b04 mixed mode bsd-amd64 compressed oops)
# Problematic frame:
# C  [librxtxSerial.jnilib+0x312f]  Java_gnu_io_RXTXPort_interruptEventLoop+0x6b
#
# Failed to write core dump. Core dumps have been disabled. To enable core dumping, try "ulimit -c unlimited" before starting Java again
#
# If you would like to submit a bug report, please visit:
#   http://bugreport.sun.com/bugreport/crash.jsp
# The crash happened outside the Java Virtual Machine in native code.
# See problematic frame for where to report the bug.
#

---------------  T H R E A D  ---------------

Current thread (0x00007ffbe38b4000):  JavaThread "AWT-EventQueue-0" [_thread_in_native, id=44803, stack(0x0000000161db8000,0x0000000161eb8000)]

siginfo:si_signo=SIGSEGV: si_errno=0, si_code=1 (SEGV_MAPERR), si_addr=0x0000000168104948

Registers:
RAX=0x0000000000000000, RBX=0x00000001681047e0, RCX=0x00000000ffffffff, RDX=0xffffffffffffffff
RSP=0x0000000161eb5680, RBP=0x0000000161eb5690, RSI=0x0000000000000000, RDI=0x000000000000003c
R8 =0x0000000000000000, R9 =0x0000000002faf080, R10=0x0000000000000001, R11=0x00007fff73c1d250
R12=0x000000000000002b, R13=0x0000000113ceb0b8, R14=0x0000000161eb5708, R15=0x00007ffbe38b4000
RIP=0x00000001679dd12f, EFLAGS=0x0000000000010202, ERR=0x0000000000000004
  TRAPNO=0x000000000000000e

Top of Stack: (sp=0x0000000161eb5680)
0x0000000161eb5680:   0000000113ceb0b8 0000000000000000
0x0000000161eb5690:   0000000161eb56e8 000000010f9ec758
0x0000000161eb56a0:   000000010f9f7443 0000000161eb56a8
0x0000000161eb56b0:   0000000113ceb0b8 0000000161eb5708
0x0000000161eb56c0:   0000000113d15dd0 0000000000000000
0x0000000161eb56d0:   0000000113ceb0b8 0000000000000000
0x0000000161eb56e0:   0000000161eb5708 0000000161eb5750
0x0000000161eb56f0:   000000010f9e0058 0000000000000000
0x0000000161eb5700:   000000010f9e8cd8 0000000118a2fdb8
0x0000000161eb5710:   0000000161eb5710 0000000113ceb63f
0x0000000161eb5720:   0000000161eb5768 0000000113d15dd0
0x0000000161eb5730:   0000000000000000 0000000113ceb6a8
0x0000000161eb5740:   0000000161eb5708 0000000161eb5768
0x0000000161eb5750:   0000000161eb57b0 000000010f9e0058
0x0000000161eb5760:   0000000000000000 0000000118a2fdb8
0x0000000161eb5770:   0000000161eb5770 00000001133fcf51
0x0000000161eb5780:   0000000161eb57c0 00000001133fe648
0x0000000161eb5790:   0000000000000000 00000001133fcf98
0x0000000161eb57a0:   0000000161eb5768 0000000161eb57c0
0x0000000161eb57b0:   0000000161eb5808 000000010f9e0058
0x0000000161eb57c0:   00000001180ca0c8 0000000161eb57c8
0x0000000161eb57d0:   0000000113333e04 0000000161eb5828
0x0000000161eb57e0:   0000000113385f28 0000000000000000
0x0000000161eb57f0:   0000000113333e58 0000000161eb57c0
0x0000000161eb5800:   0000000161eb5820 0000000161eb5870
0x0000000161eb5810:   000000010f9e0058 0000000000000000
0x0000000161eb5820:   00000001433f3728 000000011887b020
0x0000000161eb5830:   0000000161eb5830 000000011333556a
0x0000000161eb5840:   0000000161eb5888 0000000113385f28
0x0000000161eb5850:   0000000000000000 0000000113335590
0x0000000161eb5860:   0000000161eb5820 0000000161eb5880
0x0000000161eb5870:   0000000161eb58d0 000000010f9e0058 

Instructions: (pc=0x00000001679dd12f)
0x00000001679dd10f:   00 01 00 00 00 48 8b bb 78 01 00 00 be 06 00 00
0x00000001679dd11f:   00 e8 4d 27 00 00 bf 50 c3 00 00 e8 c7 27 00 00
0x00000001679dd12f:   83 bb 68 01 00 00 01 74 16 48 8b bb 78 01 00 00
0x00000001679dd13f:   e8 16 27 00 00 c7 83 68 01 00 00 01 00 00 00 5b 

Register to memory mapping:

RAX=0x0000000000000000 is an unknown value
RBX=0x00000001681047e0 is an unknown value
RCX=0x00000000ffffffff is an unknown value
RDX=0xffffffffffffffff is an unknown value
RSP=0x0000000161eb5680 is pointing into the stack for thread: 0x00007ffbe38b4000
RBP=0x0000000161eb5690 is pointing into the stack for thread: 0x00007ffbe38b4000
RSI=0x0000000000000000 is an unknown value
RDI=0x000000000000003c is an unknown value
R8 =0x0000000000000000 is an unknown value
R9 =0x0000000002faf080 is an unknown value
R10=0x0000000000000001 is an unknown value
R11=0x00007fff73c1d250: errno+0 in /usr/lib/system/libsystem_kernel.dylib at 0x00007fff8adfa000
R12=0x000000000000002b is an unknown value
R13=0x0000000113ceb0b8 is an oop
{method} 
 - klass: {other class}
R14=0x0000000161eb5708 is pointing into the stack for thread: 0x00007ffbe38b4000
R15=0x00007ffbe38b4000 is a thread


Stack: [0x0000000161db8000,0x0000000161eb8000],  sp=0x0000000161eb5680,  free space=1013k
Native frames: (J=compiled Java code, j=interpreted, Vv=VM code, C=native code)
C  [librxtxSerial.jnilib+0x312f]  Java_gnu_io_RXTXPort_interruptEventLoop+0x6b
j  gnu.io.RXTXPort.interruptEventLoop()V+0
j  gnu.io.RXTXPort.removeEventListener()V+55
j  jcan2.Serial.disconnect()V+33
j  jcan2.MainWindow.disconnectButtonActionPerformed(Ljava/awt/event/ActionEvent;)V+4
j  jcan2.MainWindow.access$2000(Ljcan2/MainWindow;Ljava/awt/event/ActionEvent;)V+2
j  jcan2.MainWindow$20.actionPerformed(Ljava/awt/event/ActionEvent;)V+5
j  javax.swing.AbstractButton.fireActionPerformed(Ljava/awt/event/ActionEvent;)V+84
j  javax.swing.AbstractButton$Handler.actionPerformed(Ljava/awt/event/ActionEvent;)V+5
j  javax.swing.DefaultButtonModel.fireActionPerformed(Ljava/awt/event/ActionEvent;)V+35
j  javax.swing.DefaultButtonModel.setPressed(Z)V+117
j  javax.swing.plaf.basic.BasicButtonListener.mouseReleased(Ljava/awt/event/MouseEvent;)V+35
j  java.awt.Component.processMouseEvent(Ljava/awt/event/MouseEvent;)V+64
j  javax.swing.JComponent.processMouseEvent(Ljava/awt/event/MouseEvent;)V+23
j  java.awt.Component.processEvent(Ljava/awt/AWTEvent;)V+81
j  java.awt.Container.processEvent(Ljava/awt/AWTEvent;)V+18
j  java.awt.Component.dispatchEventImpl(Ljava/awt/AWTEvent;)V+581
j  java.awt.Container.dispatchEventImpl(Ljava/awt/AWTEvent;)V+42
j  java.awt.Component.dispatchEvent(Ljava/awt/AWTEvent;)V+2
j  java.awt.LightweightDispatcher.retargetMouseEvent(Ljava/awt/Component;ILjava/awt/event/MouseEvent;)V+327
j  java.awt.LightweightDispatcher.processMouseEvent(Ljava/awt/event/MouseEvent;)Z+139
j  java.awt.LightweightDispatcher.dispatchEvent(Ljava/awt/AWTEvent;)Z+50
j  java.awt.Container.dispatchEventImpl(Ljava/awt/AWTEvent;)V+12
j  java.awt.Window.dispatchEventImpl(Ljava/awt/AWTEvent;)V+19
j  java.awt.Component.dispatchEvent(Ljava/awt/AWTEvent;)V+2
j  java.awt.EventQueue.dispatchEventImpl(Ljava/awt/AWTEvent;Ljava/lang/Object;)V+41
j  java.awt.EventQueue.access$300(Ljava/awt/EventQueue;Ljava/awt/AWTEvent;Ljava/lang/Object;)V+3
j  java.awt.EventQueue$3.run()Ljava/lang/Void;+12
j  java.awt.EventQueue$3.run()Ljava/lang/Object;+1
v  ~StubRoutines::call_stub
V  [libjvm.dylib+0x2dbb58]  JavaCalls::call_helper(JavaValue*, methodHandle*, JavaCallArguments*, Thread*)+0x22a
V  [libjvm.dylib+0x2db928]  JavaCalls::call(JavaValue*, methodHandle, JavaCallArguments*, Thread*)+0x28
V  [libjvm.dylib+0x32f100]  JVM_DoPrivileged+0x411
j  java.security.AccessController.doPrivileged(Ljava/security/PrivilegedAction;Ljava/security/AccessControlContext;)Ljava/lang/Object;+0
j  java.security.ProtectionDomain$1.doIntersectionPrivilege(Ljava/security/PrivilegedAction;Ljava/security/AccessControlContext;Ljava/security/AccessControlContext;)Ljava/lang/Object;+28
j  java.security.ProtectionDomain$1.doIntersectionPrivilege(Ljava/security/PrivilegedAction;Ljava/security/AccessControlContext;)Ljava/lang/Object;+6
j  java.awt.EventQueue$4.run()Ljava/lang/Void;+11
j  java.awt.EventQueue$4.run()Ljava/lang/Object;+1
v  ~StubRoutines::call_stub
V  [libjvm.dylib+0x2dbb58]  JavaCalls::call_helper(JavaValue*, methodHandle*, JavaCallArguments*, Thread*)+0x22a
V  [libjvm.dylib+0x2db928]  JavaCalls::call(JavaValue*, methodHandle, JavaCallArguments*, Thread*)+0x28
V  [libjvm.dylib+0x32f100]  JVM_DoPrivileged+0x411
j  java.security.AccessController.doPrivileged(Ljava/security/PrivilegedAction;Ljava/security/AccessControlContext;)Ljava/lang/Object;+0
J 863 C2 java.awt.EventDispatchThread.pumpOneEventForFilters(I)V (295 bytes) @ 0x000000010fc56bc8 [0x000000010fc56640+0x588]
j  java.awt.EventDispatchThread.pumpEventsForFilter(ILjava/awt/Conditional;Ljava/awt/EventFilter;)V+35
j  java.awt.EventDispatchThread.pumpEventsForHierarchy(ILjava/awt/Conditional;Ljava/awt/Component;)V+11
j  java.awt.EventDispatchThread.pumpEvents(ILjava/awt/Conditional;)V+4
j  java.awt.EventDispatchThread.pumpEvents(Ljava/awt/Conditional;)V+3
j  java.awt.EventDispatchThread.run()V+9
v  ~StubRoutines::call_stub
V  [libjvm.dylib+0x2dbb58]  JavaCalls::call_helper(JavaValue*, methodHandle*, JavaCallArguments*, Thread*)+0x22a
V  [libjvm.dylib+0x2dc06f]  JavaCalls::call_virtual(JavaValue*, KlassHandle, Symbol*, Symbol*, JavaCallArguments*, Thread*)+0x11b
V  [libjvm.dylib+0x2dc1ac]  JavaCalls::call_virtual(JavaValue*, Handle, KlassHandle, Symbol*, Symbol*, Thread*)+0x4a
V  [libjvm.dylib+0x32b082]  thread_entry(JavaThread*, Thread*)+0xad
V  [libjvm.dylib+0x4f6cb9]  JavaThread::thread_main_inner()+0x9b
V  [libjvm.dylib+0x4f83c1]  JavaThread::run()+0x1a3
V  [libjvm.dylib+0x421762]  java_start(Thread*)+0x126
C  [libsystem_c.dylib+0x14772]  _pthread_start+0x147
C  [libsystem_c.dylib+0x11a1]  thread_start+0xd

Java frames: (J=compiled Java code, j=interpreted, Vv=VM code)
j  gnu.io.RXTXPort.interruptEventLoop()V+0
j  gnu.io.RXTXPort.removeEventListener()V+55
j  jcan2.Serial.disconnect()V+33
j  jcan2.MainWindow.disconnectButtonActionPerformed(Ljava/awt/event/ActionEvent;)V+4
j  jcan2.MainWindow.access$2000(Ljcan2/MainWindow;Ljava/awt/event/ActionEvent;)V+2
j  jcan2.MainWindow$20.actionPerformed(Ljava/awt/event/ActionEvent;)V+5
j  javax.swing.AbstractButton.fireActionPerformed(Ljava/awt/event/ActionEvent;)V+84
j  javax.swing.AbstractButton$Handler.actionPerformed(Ljava/awt/event/ActionEvent;)V+5
j  javax.swing.DefaultButtonModel.fireActionPerformed(Ljava/awt/event/ActionEvent;)V+35
j  javax.swing.DefaultButtonModel.setPressed(Z)V+117
j  javax.swing.plaf.basic.BasicButtonListener.mouseReleased(Ljava/awt/event/MouseEvent;)V+35
j  java.awt.Component.processMouseEvent(Ljava/awt/event/MouseEvent;)V+64
j  javax.swing.JComponent.processMouseEvent(Ljava/awt/event/MouseEvent;)V+23
j  java.awt.Component.processEvent(Ljava/awt/AWTEvent;)V+81
j  java.awt.Container.processEvent(Ljava/awt/AWTEvent;)V+18
j  java.awt.Component.dispatchEventImpl(Ljava/awt/AWTEvent;)V+581
j  java.awt.Container.dispatchEventImpl(Ljava/awt/AWTEvent;)V+42
j  java.awt.Component.dispatchEvent(Ljava/awt/AWTEvent;)V+2
j  java.awt.LightweightDispatcher.retargetMouseEvent(Ljava/awt/Component;ILjava/awt/event/MouseEvent;)V+327
j  java.awt.LightweightDispatcher.processMouseEvent(Ljava/awt/event/MouseEvent;)Z+139
j  java.awt.LightweightDispatcher.dispatchEvent(Ljava/awt/AWTEvent;)Z+50
j  java.awt.Container.dispatchEventImpl(Ljava/awt/AWTEvent;)V+12
j  java.awt.Window.dispatchEventImpl(Ljava/awt/AWTEvent;)V+19
j  java.awt.Component.dispatchEvent(Ljava/awt/AWTEvent;)V+2
j  java.awt.EventQueue.dispatchEventImpl(Ljava/awt/AWTEvent;Ljava/lang/Object;)V+41
j  java.awt.EventQueue.access$300(Ljava/awt/EventQueue;Ljava/awt/AWTEvent;Ljava/lang/Object;)V+3
j  java.awt.EventQueue$3.run()Ljava/lang/Void;+12
j  java.awt.EventQueue$3.run()Ljava/lang/Object;+1
v  ~StubRoutines::call_stub
j  java.security.AccessController.doPrivileged(Ljava/security/PrivilegedAction;Ljava/security/AccessControlContext;)Ljava/lang/Object;+0
j  java.security.ProtectionDomain$1.doIntersectionPrivilege(Ljava/security/PrivilegedAction;Ljava/security/AccessControlContext;Ljava/security/AccessControlContext;)Ljava/lang/Object;+28
j  java.security.ProtectionDomain$1.doIntersectionPrivilege(Ljava/security/PrivilegedAction;Ljava/security/AccessControlContext;)Ljava/lang/Object;+6
j  java.awt.EventQueue$4.run()Ljava/lang/Void;+11
j  java.awt.EventQueue$4.run()Ljava/lang/Object;+1
v  ~StubRoutines::call_stub
j  java.security.AccessController.doPrivileged(Ljava/security/PrivilegedAction;Ljava/security/AccessControlContext;)Ljava/lang/Object;+0
J 863 C2 java.awt.EventDispatchThread.pumpOneEventForFilters(I)V (295 bytes) @ 0x000000010fc56bc8 [0x000000010fc56640+0x588]
j  java.awt.EventDispatchThread.pumpEventsForFilter(ILjava/awt/Conditional;Ljava/awt/EventFilter;)V+35
j  java.awt.EventDispatchThread.pumpEventsForHierarchy(ILjava/awt/Conditional;Ljava/awt/Component;)V+11
j  java.awt.EventDispatchThread.pumpEvents(ILjava/awt/Conditional;)V+4
j  java.awt.EventDispatchThread.pumpEvents(Ljava/awt/Conditional;)V+3
j  java.awt.EventDispatchThread.run()V+9
v  ~StubRoutines::call_stub

---------------  P R O C E S S  ---------------

Java Threads: ( => current thread )
  0x00007ffbe3854800 JavaThread "Timer-1" [_thread_blocked, id=55679, stack(0x0000000166808000,0x0000000166908000)]
  0x00007ffbe2977000 JavaThread "Timer-0" [_thread_blocked, id=60271, stack(0x0000000168199000,0x0000000168299000)]
  0x00007ffbe28b2000 JavaThread "TimerQueue" daemon [_thread_blocked, id=46851, stack(0x00000001622bc000,0x00000001623bc000)]
  0x00007ffbe3917800 JavaThread "OSMJobThread 1" daemon [_thread_blocked, id=45835, stack(0x0000000161ebb000,0x0000000161fbb000)]
  0x00007ffbe3804800 JavaThread "DestroyJavaVM" [_thread_blocked, id=6403, stack(0x000000010f805000,0x000000010f905000)]
=>0x00007ffbe38b4000 JavaThread "AWT-EventQueue-0" [_thread_in_native, id=44803, stack(0x0000000161db8000,0x0000000161eb8000)]
  0x00007ffbe405c800 JavaThread "Java2D Disposer" daemon [_thread_blocked, id=43267, stack(0x0000000161a35000,0x0000000161b35000)]
  0x00007ffbe28af000 JavaThread "Java2D Queue Flusher" daemon [_thread_blocked, id=31511, stack(0x000000016041f000,0x000000016051f000)]
  0x00007ffbe28a8800 JavaThread "AWT-Shutdown" [_thread_blocked, id=28931, stack(0x000000015db87000,0x000000015dc87000)]
  0x00007ffbe4823000 JavaThread "AppKit Thread" daemon [_thread_in_native, id=3847, stack(0x00007fff5078a000,0x00007fff50f8a000)]
  0x00007ffbe283d000 JavaThread "Service Thread" daemon [_thread_blocked, id=23043, stack(0x000000015c43e000,0x000000015c53e000)]
  0x00007ffbe283c000 JavaThread "C2 CompilerThread1" daemon [_thread_blocked, id=22531, stack(0x000000015c33b000,0x000000015c43b000)]
  0x00007ffbe283a800 JavaThread "C2 CompilerThread0" daemon [_thread_blocked, id=22019, stack(0x000000015c238000,0x000000015c338000)]
  0x00007ffbe2835000 JavaThread "Signal Dispatcher" daemon [_thread_blocked, id=21507, stack(0x000000015c135000,0x000000015c235000)]
  0x00007ffbe3833000 JavaThread "Finalizer" daemon [_thread_blocked, id=16899, stack(0x000000015be63000,0x000000015bf63000)]
  0x00007ffbe3832000 JavaThread "Reference Handler" daemon [_thread_blocked, id=16387, stack(0x000000015bd60000,0x000000015be60000)]

Other Threads:
  0x00007ffbe2817800 VMThread [stack: 0x000000015bc5d000,0x000000015bd5d000] [id=15875]
  0x00007ffbe2836000 WatcherThread [stack: 0x000000015c541000,0x000000015c641000] [id=23555]

VM state:not at safepoint (normal execution)

VM Mutex/Monitor currently owned by a thread: None

Heap
 PSYoungGen      total 19968K, used 13612K [0x0000000142800000, 0x0000000143c80000, 0x0000000157d80000)
  eden space 18944K, 66% used [0x0000000142800000,0x000000014345b1b8,0x0000000143a80000)
  from space 1024K, 93% used [0x0000000143b80000,0x0000000143c70000,0x0000000143c80000)
  to   space 1024K, 0% used [0x0000000143a80000,0x0000000143a80000,0x0000000143b80000)
 ParOldGen       total 37376K, used 19233K [0x0000000117d80000, 0x000000011a200000, 0x0000000142800000)
  object space 37376K, 51% used [0x0000000117d80000,0x00000001190486c8,0x000000011a200000)
 PSPermGen       total 42496K, used 21149K [0x0000000112b80000, 0x0000000115500000, 0x0000000117d80000)
  object space 42496K, 49% used [0x0000000112b80000,0x0000000114027628,0x0000000115500000)

Card table byte_map: [0x0000000157d80000,0x0000000157faa000] byte_map_base: 0x00000001574ea400

Polling page: 0x000000010f944000

Code Cache  [0x000000010f9da000, 0x000000010fcba000, 0x00000001129da000)
 total_blobs=1510 nmethods=919 adapters=544 free_code_cache=46343Kb largest_free_block=47381824

Compilation events (10 events):
Event: 269.229 Thread 0x00007ffbe283a800  937             javax.swing.plaf.nimbus.ImageScalingHelper::drawImage (53 bytes)
Event: 269.229 Thread 0x00007ffbe283c000  938             javax.swing.MultiUIDefaults::get (67 bytes)
Event: 269.230 Thread 0x00007ffbe283a800 nmethod 937 0x000000010fc67f10 code [0x000000010fc68060, 0x000000010fc68188]
Event: 269.259 Thread 0x00007ffbe283c000 nmethod 938 0x000000010fca5ed0 code [0x000000010fca6240, 0x000000010fca8920]
Event: 269.626 Thread 0x00007ffbe283a800  939             javax.swing.text.AbstractDocument$BranchElement::getElement (17 bytes)
Event: 269.627 Thread 0x00007ffbe283a800 nmethod 939 0x000000010fc76790 code [0x000000010fc768e0, 0x000000010fc76998]
Event: 270.225 Thread 0x00007ffbe283c000  940             sun.awt.EventQueueItem::<init> (10 bytes)
Event: 270.226 Thread 0x00007ffbe283c000 nmethod 940 0x000000010fc67410 code [0x000000010fc67540, 0x000000010fc675b8]
Event: 270.226 Thread 0x00007ffbe283c000  941             sun.util.calendar.ZoneInfo::getTransitionIndex (156 bytes)
Event: 270.235 Thread 0x00007ffbe283c000 nmethod 941 0x000000010fc77190 code [0x000000010fc772e0, 0x000000010fc77678]

GC Heap History (10 events):
Event: 222.538 GC heap before
{Heap before GC invocations=105 (full 1):
 PSYoungGen      total 19968K, used 19680K [0x0000000142800000, 0x0000000143c80000, 0x0000000157d80000)
  eden space 18944K, 100% used [0x0000000142800000,0x0000000143a80000,0x0000000143a80000)
  from space 1024K, 71% used [0x0000000143a80000,0x0000000143b38000,0x0000000143b80000)
  to   space 1024K, 0% used [0x0000000143b80000,0x0000000143b80000,0x0000000143c80000)
 ParOldGen       total 37376K, used 17600K [0x0000000117d80000, 0x000000011a200000, 0x0000000142800000)
  object space 37376K, 47% used [0x0000000117d80000,0x0000000118eb02f8,0x000000011a200000)
 PSPermGen       total 42496K, used 21034K [0x0000000112b80000, 0x0000000115500000, 0x0000000117d80000)
  object space 42496K, 49% used [0x0000000112b80000,0x000000011400abc8,0x0000000115500000)
Event: 222.540 GC heap after
Heap after GC invocations=105 (full 1):
 PSYoungGen      total 19968K, used 512K [0x0000000142800000, 0x0000000143c80000, 0x0000000157d80000)
  eden space 18944K, 0% used [0x0000000142800000,0x0000000142800000,0x0000000143a80000)
  from space 1024K, 50% used [0x0000000143b80000,0x0000000143c00000,0x0000000143c80000)
  to   space 1024K, 0% used [0x0000000143a80000,0x0000000143a80000,0x0000000143b80000)
 ParOldGen       total 37376K, used 18049K [0x0000000117d80000, 0x000000011a200000, 0x0000000142800000)
  object space 37376K, 48% used [0x0000000117d80000,0x0000000118f20418,0x000000011a200000)
 PSPermGen       total 42496K, used 21034K [0x0000000112b80000, 0x0000000115500000, 0x0000000117d80000)
  object space 42496K, 49% used [0x0000000112b80000,0x000000011400abc8,0x0000000115500000)
}
Event: 223.755 GC heap before
{Heap before GC invocations=106 (full 1):
 PSYoungGen      total 19968K, used 19456K [0x0000000142800000, 0x0000000143c80000, 0x0000000157d80000)
  eden space 18944K, 100% used [0x0000000142800000,0x0000000143a80000,0x0000000143a80000)
  from space 1024K, 50% used [0x0000000143b80000,0x0000000143c00000,0x0000000143c80000)
  to   space 1024K, 0% used [0x0000000143a80000,0x0000000143a80000,0x0000000143b80000)
 ParOldGen       total 37376K, used 18049K [0x0000000117d80000, 0x000000011a200000, 0x0000000142800000)
  object space 37376K, 48% used [0x0000000117d80000,0x0000000118f20418,0x000000011a200000)
 PSPermGen       total 42496K, used 21034K [0x0000000112b80000, 0x0000000115500000, 0x0000000117d80000)
  object space 42496K, 49% used [0x0000000112b80000,0x000000011400abc8,0x0000000115500000)
Event: 223.756 GC heap after
Heap after GC invocations=106 (full 1):
 PSYoungGen      total 19968K, used 256K [0x0000000142800000, 0x0000000143c80000, 0x0000000157d80000)
  eden space 18944K, 0% used [0x0000000142800000,0x0000000142800000,0x0000000143a80000)
  from space 1024K, 25% used [0x0000000143a80000,0x0000000143ac0000,0x0000000143b80000)
  to   space 1024K, 0% used [0x0000000143b80000,0x0000000143b80000,0x0000000143c80000)
 ParOldGen       total 37376K, used 18065K [0x0000000117d80000, 0x000000011a200000, 0x0000000142800000)
  object space 37376K, 48% used [0x0000000117d80000,0x0000000118f24418,0x000000011a200000)
 PSPermGen       total 42496K, used 21034K [0x0000000112b80000, 0x0000000115500000, 0x0000000117d80000)
  object space 42496K, 49% used [0x0000000112b80000,0x000000011400abc8,0x0000000115500000)
}
Event: 224.667 GC heap before
{Heap before GC invocations=107 (full 1):
 PSYoungGen      total 19968K, used 19200K [0x0000000142800000, 0x0000000143c80000, 0x0000000157d80000)
  eden space 18944K, 100% used [0x0000000142800000,0x0000000143a80000,0x0000000143a80000)
  from space 1024K, 25% used [0x0000000143a80000,0x0000000143ac0000,0x0000000143b80000)
  to   space 1024K, 0% used [0x0000000143b80000,0x0000000143b80000,0x0000000143c80000)
 ParOldGen       total 37376K, used 18065K [0x0000000117d80000, 0x000000011a200000, 0x0000000142800000)
  object space 37376K, 48% used [0x0000000117d80000,0x0000000118f24418,0x000000011a200000)
 PSPermGen       total 42496K, used 21034K [0x0000000112b80000, 0x0000000115500000, 0x0000000117d80000)
  object space 42496K, 49% used [0x0000000112b80000,0x000000011400abc8,0x0000000115500000)
Event: 224.668 GC heap after
Heap after GC invocations=107 (full 1):
 PSYoungGen      total 19968K, used 384K [0x0000000142800000, 0x0000000143c80000, 0x0000000157d80000)
  eden space 18944K, 0% used [0x0000000142800000,0x0000000142800000,0x0000000143a80000)
  from space 1024K, 37% used [0x0000000143b80000,0x0000000143be0000,0x0000000143c80000)
  to   space 1024K, 0% used [0x0000000143a80000,0x0000000143a80000,0x0000000143b80000)
 ParOldGen       total 37376K, used 18081K [0x0000000117d80000, 0x000000011a200000, 0x0000000142800000)
  object space 37376K, 48% used [0x0000000117d80000,0x0000000118f28418,0x000000011a200000)
 PSPermGen       total 42496K, used 21034K [0x0000000112b80000, 0x0000000115500000, 0x0000000117d80000)
  object space 42496K, 49% used [0x0000000112b80000,0x000000011400abc8,0x0000000115500000)
}
Event: 244.831 GC heap before
{Heap before GC invocations=108 (full 1):
 PSYoungGen      total 19968K, used 19328K [0x0000000142800000, 0x0000000143c80000, 0x0000000157d80000)
  eden space 18944K, 100% used [0x0000000142800000,0x0000000143a80000,0x0000000143a80000)
  from space 1024K, 37% used [0x0000000143b80000,0x0000000143be0000,0x0000000143c80000)
  to   space 1024K, 0% used [0x0000000143a80000,0x0000000143a80000,0x0000000143b80000)
 ParOldGen       total 37376K, used 18081K [0x0000000117d80000, 0x000000011a200000, 0x0000000142800000)
  object space 37376K, 48% used [0x0000000117d80000,0x0000000118f28418,0x000000011a200000)
 PSPermGen       total 42496K, used 21035K [0x0000000112b80000, 0x0000000115500000, 0x0000000117d80000)
  object space 42496K, 49% used [0x0000000112b80000,0x000000011400ae80,0x0000000115500000)
Event: 244.832 GC heap after
Heap after GC invocations=108 (full 1):
 PSYoungGen      total 19968K, used 128K [0x0000000142800000, 0x0000000143c80000, 0x0000000157d80000)
  eden space 18944K, 0% used [0x0000000142800000,0x0000000142800000,0x0000000143a80000)
  from space 1024K, 12% used [0x0000000143a80000,0x0000000143aa0000,0x0000000143b80000)
  to   space 1024K, 0% used [0x0000000143b80000,0x0000000143b80000,0x0000000143c80000)
 ParOldGen       total 37376K, used 18097K [0x0000000117d80000, 0x000000011a200000, 0x0000000142800000)
  object space 37376K, 48% used [0x0000000117d80000,0x0000000118f2c418,0x000000011a200000)
 PSPermGen       total 42496K, used 21035K [0x0000000112b80000, 0x0000000115500000, 0x0000000117d80000)
  object space 42496K, 49% used [0x0000000112b80000,0x000000011400ae80,0x0000000115500000)
}
Event: 260.122 GC heap before
{Heap before GC invocations=109 (full 1):
 PSYoungGen      total 19968K, used 19010K [0x0000000142800000, 0x0000000143c80000, 0x0000000157d80000)
  eden space 18944K, 99% used [0x0000000142800000,0x0000000143a709e0,0x0000000143a80000)
  from space 1024K, 12% used [0x0000000143a80000,0x0000000143aa0000,0x0000000143b80000)
  to   space 1024K, 0% used [0x0000000143b80000,0x0000000143b80000,0x0000000143c80000)
 ParOldGen       total 37376K, used 18097K [0x0000000117d80000, 0x000000011a200000, 0x0000000142800000)
  object space 37376K, 48% used [0x0000000117d80000,0x0000000118f2c418,0x000000011a200000)
 PSPermGen       total 42496K, used 21114K [0x0000000112b80000, 0x0000000115500000, 0x0000000117d80000)
  object space 42496K, 49% used [0x0000000112b80000,0x000000011401e820,0x0000000115500000)
Event: 260.124 GC heap after
Heap after GC invocations=109 (full 1):
 PSYoungGen      total 19968K, used 960K [0x0000000142800000, 0x0000000143c80000, 0x0000000157d80000)
  eden space 18944K, 0% used [0x0000000142800000,0x0000000142800000,0x0000000143a80000)
  from space 1024K, 93% used [0x0000000143b80000,0x0000000143c70000,0x0000000143c80000)
  to   space 1024K, 0% used [0x0000000143a80000,0x0000000143a80000,0x0000000143b80000)
 ParOldGen       total 37376K, used 19233K [0x0000000117d80000, 0x000000011a200000, 0x0000000142800000)
  object space 37376K, 51% used [0x0000000117d80000,0x00000001190486c8,0x000000011a200000)
 PSPermGen       total 42496K, used 21114K [0x0000000112b80000, 0x0000000115500000, 0x0000000117d80000)
  object space 42496K, 49% used [0x0000000112b80000,0x000000011401e820,0x0000000115500000)
}

Deoptimization events (10 events):
Event: 260.029 Thread 0x00007ffbe38b4000 Uncommon trap: reason=class_check action=maybe_recompile pc=0x000000010faf195c method=java.util.AbstractCollection.addAll(Ljava/util/Collection;)Z @ 3
Event: 260.030 Thread 0x00007ffbe38b4000 Uncommon trap: reason=class_check action=maybe_recompile pc=0x000000010faf195c method=java.util.AbstractCollection.addAll(Ljava/util/Collection;)Z @ 3
Event: 260.064 Thread 0x00007ffbe38b4000 Uncommon trap: reason=unreached action=reinterpret pc=0x000000010fc54d10 method=javax.swing.RepaintManager.collectDirtyComponents(Ljava/util/Map;Ljava/awt/Component;Ljava/util/List;)V @ 104
Event: 260.066 Thread 0x00007ffbe38b4000 Uncommon trap: reason=class_check action=maybe_recompile pc=0x000000010fc52d60 method=javax.swing.plaf.nimbus.NimbusStyle.getBorderPainter(Ljavax/swing/plaf/synth/SynthContext;)Ljavax/swing/Painter; @ 39
Event: 260.068 Thread 0x00007ffbe38b4000 Uncommon trap: reason=class_check action=maybe_recompile pc=0x000000010fc52d60 method=javax.swing.plaf.nimbus.NimbusStyle.getBorderPainter(Ljavax/swing/plaf/synth/SynthContext;)Ljavax/swing/Painter; @ 39
Event: 260.071 Thread 0x00007ffbe38b4000 Uncommon trap: reason=unreached action=reinterpret pc=0x000000010fc14468 method=sun.java2d.SurfaceData.validatePipe(Lsun/java2d/SunGraphics2D;)V @ 348
Event: 260.092 Thread 0x00007ffbe38b4000 Uncommon trap: reason=unreached action=reinterpret pc=0x000000010fb9cff8 method=java.awt.Font.getFont2D()Lsun/font/Font2D; @ 72
Event: 260.163 Thread 0x00007ffbe38b4000 Uncommon trap: reason=unreached action=reinterpret pc=0x000000010fb0d3f0 method=org.jfree.chart.renderer.AbstractRenderer.lookupSeriesPaint(I)Ljava/awt/Paint; @ 19
Event: 260.163 Thread 0x00007ffbe38b4000 Uncommon trap: reason=unreached action=reinterpret pc=0x000000010fb86df0 method=org.jfree.chart.renderer.AbstractRenderer.lookupSeriesStroke(I)Ljava/awt/Stroke; @ 19
Event: 262.491 Thread 0x00007ffbe38b4000 Uncommon trap: reason=class_check action=maybe_recompile pc=0x000000010fbf5490 method=javax.swing.UIDefaults.getFromHashtable(Ljava/lang/Object;)Ljava/lang/Object; @ 122

Internal exceptions (10 events):
Event: 270.628 Thread 0x00007ffbe3854800 Threw 0x00000001433abea0 at /HUDSON/workspace/7u-2-build-macosx-x86_64/jdk7u75/1940/hotspot/src/share/vm/prims/jni.cpp:743
Event: 270.729 Thread 0x00007ffbe3854800 Threw 0x00000001433b3658 at /HUDSON/workspace/7u-2-build-macosx-x86_64/jdk7u75/1940/hotspot/src/share/vm/prims/jni.cpp:743
Event: 270.831 Thread 0x00007ffbe3854800 Threw 0x000000014340f1e8 at /HUDSON/workspace/7u-2-build-macosx-x86_64/jdk7u75/1940/hotspot/src/share/vm/prims/jni.cpp:743
Event: 270.931 Thread 0x00007ffbe3854800 Threw 0x0000000143416988 at /HUDSON/workspace/7u-2-build-macosx-x86_64/jdk7u75/1940/hotspot/src/share/vm/prims/jni.cpp:743
Event: 271.032 Thread 0x00007ffbe3854800 Threw 0x000000014341e470 at /HUDSON/workspace/7u-2-build-macosx-x86_64/jdk7u75/1940/hotspot/src/share/vm/prims/jni.cpp:743
Event: 271.133 Thread 0x00007ffbe3854800 Threw 0x0000000143425c10 at /HUDSON/workspace/7u-2-build-macosx-x86_64/jdk7u75/1940/hotspot/src/share/vm/prims/jni.cpp:743
Event: 271.234 Thread 0x00007ffbe3854800 Threw 0x000000014342d3b0 at /HUDSON/workspace/7u-2-build-macosx-x86_64/jdk7u75/1940/hotspot/src/share/vm/prims/jni.cpp:743
Event: 271.335 Thread 0x00007ffbe3854800 Threw 0x0000000143437d30 at /HUDSON/workspace/7u-2-build-macosx-x86_64/jdk7u75/1940/hotspot/src/share/vm/prims/jni.cpp:743
Event: 271.437 Thread 0x00007ffbe3854800 Threw 0x000000014343f510 at /HUDSON/workspace/7u-2-build-macosx-x86_64/jdk7u75/1940/hotspot/src/share/vm/prims/jni.cpp:743
Event: 271.439 Thread 0x00007ffbe2977000 Threw 0x0000000143451920 at /HUDSON/workspace/7u-2-build-macosx-x86_64/jdk7u75/1940/hotspot/src/share/vm/prims/jni.cpp:743

Events (10 events):
Event: 264.760 Executing VM operation: RevokeBias done
Event: 264.760 Executing VM operation: RevokeBias
Event: 264.760 Executing VM operation: RevokeBias done
Event: 264.761 Executing VM operation: RevokeBias
Event: 264.761 Executing VM operation: RevokeBias done
Event: 271.439 Executing VM operation: RevokeBias
Event: 271.439 Executing VM operation: RevokeBias done
Event: 271.439 Thread 0x00007ffbe4293800 Thread exited: 0x00007ffbe4293800
Event: 271.439 loading class 0x000000015a9fd380
Event: 271.439 loading class 0x000000015a9fd380 done


Dynamic libraries:
0x00000000029d2000 	/System/Library/Frameworks/Cocoa.framework/Versions/A/Cocoa
0x00000000029d2000 	/System/Library/Frameworks/Security.framework/Versions/A/Security
0x00000000029d2000 	/System/Library/Frameworks/ApplicationServices.framework/Versions/A/ApplicationServices
0x00000000029d2000 	/usr/lib/libz.1.dylib
0x00000000029d2000 	/usr/lib/libSystem.B.dylib
0x00000000029d2000 	/usr/lib/libobjc.A.dylib
0x00000000029d2000 	/System/Library/Frameworks/CoreFoundation.framework/Versions/A/CoreFoundation
0x00000000029d2000 	/System/Library/Frameworks/Foundation.framework/Versions/C/Foundation
0x00000000029d2000 	/System/Library/Frameworks/AppKit.framework/Versions/C/AppKit
0x00000000029d2000 	/System/Library/Frameworks/CoreData.framework/Versions/A/CoreData
0x00000000029d2000 	/System/Library/PrivateFrameworks/RemoteViewServices.framework/Versions/A/RemoteViewServices
0x00000000029d2000 	/System/Library/Frameworks/AudioToolbox.framework/Versions/A/AudioToolbox
0x00000000029d2000 	/System/Library/Frameworks/AudioUnit.framework/Versions/A/AudioUnit
0x00000000029d2000 	/System/Library/PrivateFrameworks/DataDetectorsCore.framework/Versions/A/DataDetectorsCore
0x00000000029d2000 	/System/Library/PrivateFrameworks/DesktopServicesPriv.framework/Versions/A/DesktopServicesPriv
0x00000000029d2000 	/System/Library/Frameworks/Carbon.framework/Versions/A/Frameworks/HIToolbox.framework/Versions/A/HIToolbox
0x00000000029d2000 	/System/Library/Frameworks/QuartzCore.framework/Versions/A/QuartzCore
0x00000000029d2000 	/System/Library/Frameworks/Carbon.framework/Versions/A/Frameworks/SpeechRecognition.framework/Versions/A/SpeechRecognition
0x00000000029d2000 	/usr/lib/libauto.dylib
0x00000000029d2000 	/usr/lib/libicucore.A.dylib
0x00000000029d2000 	/usr/lib/libxml2.2.dylib
0x00000000029d2000 	/System/Library/PrivateFrameworks/CoreUI.framework/Versions/A/CoreUI
0x00000000029d2000 	/System/Library/Frameworks/CoreAudio.framework/Versions/A/CoreAudio
0x00000000029d2000 	/System/Library/Frameworks/DiskArbitration.framework/Versions/A/DiskArbitration
0x00000000029d2000 	/usr/lib/liblangid.dylib
0x00000000029d2000 	/System/Library/PrivateFrameworks/MultitouchSupport.framework/Versions/A/MultitouchSupport
0x00000000029d2000 	/System/Library/Frameworks/IOKit.framework/Versions/A/IOKit
0x00000000029d2000 	/usr/lib/libDiagnosticMessagesClient.dylib
0x00000000029d2000 	/System/Library/Frameworks/CoreServices.framework/Versions/A/CoreServices
0x00000000029d2000 	/System/Library/PrivateFrameworks/PerformanceAnalysis.framework/Versions/A/PerformanceAnalysis
0x00000000029d2000 	/System/Library/PrivateFrameworks/GenerationalStorage.framework/Versions/A/GenerationalStorage
0x00000000029d2000 	/System/Library/Frameworks/OpenGL.framework/Versions/A/OpenGL
0x00000000029d2000 	/System/Library/Frameworks/CoreText.framework/Versions/A/CoreText
0x00000000029d2000 	/System/Library/Frameworks/ImageIO.framework/Versions/A/ImageIO
0x00000000029d2000 	/System/Library/PrivateFrameworks/Backup.framework/Versions/A/Backup
0x00000000029d2000 	/System/Library/Frameworks/CFNetwork.framework/Versions/A/CFNetwork
0x00000000029d2000 	/System/Library/Frameworks/SystemConfiguration.framework/Versions/A/SystemConfiguration
0x00000000029d2000 	/usr/lib/libCRFSuite.dylib
0x00000000029d2000 	/System/Library/PrivateFrameworks/TCC.framework/Versions/A/TCC
0x00000000029d2000 	/usr/lib/libc++.1.dylib
0x00000000029d2000 	/usr/lib/libc++abi.dylib
0x00000000029d2000 	/usr/lib/system/libcache.dylib
0x00000000029d2000 	/usr/lib/system/libcommonCrypto.dylib
0x00000000029d2000 	/usr/lib/system/libcompiler_rt.dylib
0x00000000029d2000 	/usr/lib/system/libcopyfile.dylib
0x00000000029d2000 	/usr/lib/system/libdispatch.dylib
0x00000000029d2000 	/usr/lib/system/libdnsinfo.dylib
0x00000000029d2000 	/usr/lib/system/libdyld.dylib
0x00000000029d2000 	/usr/lib/system/libkeymgr.dylib
0x00000000029d2000 	/usr/lib/system/liblaunch.dylib
0x00000000029d2000 	/usr/lib/system/libmacho.dylib
0x00000000029d2000 	/usr/lib/system/libquarantine.dylib
0x00000000029d2000 	/usr/lib/system/libremovefile.dylib
0x00000000029d2000 	/usr/lib/system/libsystem_blocks.dylib
0x00000000029d2000 	/usr/lib/system/libsystem_c.dylib
0x00000000029d2000 	/usr/lib/system/libsystem_dnssd.dylib
0x00000000029d2000 	/usr/lib/system/libsystem_info.dylib
0x00000000029d2000 	/usr/lib/system/libsystem_kernel.dylib
0x00000000029d2000 	/usr/lib/system/libsystem_m.dylib
0x00000000029d2000 	/usr/lib/system/libsystem_network.dylib
0x00000000029d2000 	/usr/lib/system/libsystem_notify.dylib
0x00000000029d2000 	/usr/lib/system/libsystem_sandbox.dylib
0x00000000029d2000 	/usr/lib/system/libunc.dylib
0x00000000029d2000 	/usr/lib/system/libunwind.dylib
0x00000000029d2000 	/usr/lib/system/libxpc.dylib
0x00000000029d2000 	/usr/lib/system/libcorecrypto.dylib
0x00000000029d2000 	/usr/lib/libstdc++.6.dylib
0x00000000029d2000 	/usr/lib/libbsm.0.dylib
0x00000000029d2000 	/usr/lib/libsqlite3.dylib
0x00000000029d2000 	/usr/lib/libxar.1.dylib
0x00000000029d2000 	/usr/lib/libpam.2.dylib
0x00000000029d2000 	/usr/lib/libOpenScriptingUtil.dylib
0x00000000029d2000 	/usr/lib/libbz2.1.0.dylib
0x00000000029d2000 	/System/Library/Frameworks/CoreServices.framework/Versions/A/Frameworks/CarbonCore.framework/Versions/A/CarbonCore
0x00000000029d2000 	/System/Library/Frameworks/CoreServices.framework/Versions/A/Frameworks/Metadata.framework/Versions/A/Metadata
0x00000000029d2000 	/System/Library/Frameworks/CoreServices.framework/Versions/A/Frameworks/OSServices.framework/Versions/A/OSServices
0x00000000029d2000 	/System/Library/Frameworks/CoreServices.framework/Versions/A/Frameworks/SearchKit.framework/Versions/A/SearchKit
0x00000000029d2000 	/System/Library/Frameworks/CoreServices.framework/Versions/A/Frameworks/AE.framework/Versions/A/AE
0x00000000029d2000 	/System/Library/Frameworks/CoreServices.framework/Versions/A/Frameworks/LaunchServices.framework/Versions/A/LaunchServices
0x00000000029d2000 	/System/Library/Frameworks/CoreServices.framework/Versions/A/Frameworks/DictionaryServices.framework/Versions/A/DictionaryServices
0x00000000029d2000 	/System/Library/Frameworks/NetFS.framework/Versions/A/NetFS
0x00000000029d2000 	/usr/lib/system/libkxld.dylib
0x00000000029d2000 	/System/Library/PrivateFrameworks/NetAuth.framework/Versions/A/NetAuth
0x00000000029d2000 	/System/Library/Frameworks/OpenDirectory.framework/Versions/A/Frameworks/CFOpenDirectory.framework/Versions/A/CFOpenDirectory
0x00000000029d2000 	/usr/lib/libxslt.1.dylib
0x00000000029d2000 	/System/Library/PrivateFrameworks/FamilyControls.framework/Versions/A/FamilyControls
0x00000000029d2000 	/System/Library/Frameworks/Carbon.framework/Versions/A/Frameworks/Ink.framework/Versions/A/Ink
0x00000000029d2000 	/System/Library/Frameworks/ApplicationServices.framework/Versions/A/Frameworks/CoreGraphics.framework/Versions/A/CoreGraphics
0x00000000029d2000 	/System/Library/Frameworks/ApplicationServices.framework/Versions/A/Frameworks/ATS.framework/Versions/A/ATS
0x00000000029d2000 	/System/Library/Frameworks/ApplicationServices.framework/Versions/A/Frameworks/ColorSync.framework/Versions/A/ColorSync
0x00000000029d2000 	/System/Library/Frameworks/ApplicationServices.framework/Versions/A/Frameworks/HIServices.framework/Versions/A/HIServices
0x00000000029d2000 	/System/Library/Frameworks/ApplicationServices.framework/Versions/A/Frameworks/LangAnalysis.framework/Versions/A/LangAnalysis
0x00000000029d2000 	/System/Library/Frameworks/ApplicationServices.framework/Versions/A/Frameworks/PrintCore.framework/Versions/A/PrintCore
0x00000000029d2000 	/System/Library/Frameworks/ApplicationServices.framework/Versions/A/Frameworks/QD.framework/Versions/A/QD
0x00000000029d2000 	/System/Library/Frameworks/ApplicationServices.framework/Versions/A/Frameworks/SpeechSynthesis.framework/Versions/A/SpeechSynthesis
0x00000000029d2000 	/System/Library/Frameworks/IOSurface.framework/Versions/A/IOSurface
0x00000000029d2000 	/System/Library/Frameworks/Accelerate.framework/Versions/A/Accelerate
0x00000000029d2000 	/System/Library/Frameworks/ApplicationServices.framework/Versions/A/Frameworks/ATS.framework/Versions/A/Resources/libFontParser.dylib
0x00000000029d2000 	/System/Library/Frameworks/ApplicationServices.framework/Versions/A/Frameworks/ATS.framework/Versions/A/Resources/libFontRegistry.dylib
0x00000000029d2000 	/System/Library/Frameworks/Accelerate.framework/Versions/A/Frameworks/vImage.framework/Versions/A/vImage
0x00000000029d2000 	/System/Library/Frameworks/Accelerate.framework/Versions/A/Frameworks/vecLib.framework/Versions/A/vecLib
0x00000000029d2000 	/System/Library/Frameworks/Accelerate.framework/Versions/A/Frameworks/vecLib.framework/Versions/A/libvDSP.dylib
0x00000000029d2000 	/System/Library/Frameworks/Accelerate.framework/Versions/A/Frameworks/vecLib.framework/Versions/A/libvMisc.dylib
0x00000000029d2000 	/System/Library/Frameworks/Accelerate.framework/Versions/A/Frameworks/vecLib.framework/Versions/A/libLAPACK.dylib
0x00000000029d2000 	/System/Library/Frameworks/Accelerate.framework/Versions/A/Frameworks/vecLib.framework/Versions/A/libBLAS.dylib
0x00000000029d2000 	/System/Library/Frameworks/ImageIO.framework/Versions/A/Resources/libJPEG.dylib
0x00000000029d2000 	/System/Library/Frameworks/ImageIO.framework/Versions/A/Resources/libTIFF.dylib
0x00000000029d2000 	/System/Library/Frameworks/ImageIO.framework/Versions/A/Resources/libPng.dylib
0x00000000029d2000 	/System/Library/Frameworks/ImageIO.framework/Versions/A/Resources/libGIF.dylib
0x00000000029d2000 	/System/Library/Frameworks/ImageIO.framework/Versions/A/Resources/libJP2.dylib
0x00000000029d2000 	/System/Library/Frameworks/ImageIO.framework/Versions/A/Resources/libRadiance.dylib
0x00000000029d2000 	/usr/lib/libcups.2.dylib
0x00000000029d2000 	/System/Library/Frameworks/Kerberos.framework/Versions/A/Kerberos
0x00000000029d2000 	/System/Library/Frameworks/GSS.framework/Versions/A/GSS
0x00000000029d2000 	/usr/lib/libresolv.9.dylib
0x00000000029d2000 	/usr/lib/libiconv.2.dylib
0x00000000029d2000 	/System/Library/PrivateFrameworks/Heimdal.framework/Versions/A/Heimdal
0x00000000029d2000 	/System/Library/PrivateFrameworks/TrustEvaluationAgent.framework/Versions/A/TrustEvaluationAgent
0x00000000029d2000 	/System/Library/Frameworks/OpenDirectory.framework/Versions/A/OpenDirectory
0x00000000029d2000 	/System/Library/PrivateFrameworks/CommonAuth.framework/Versions/A/CommonAuth
0x00000000029d2000 	/System/Library/PrivateFrameworks/Bom.framework/Versions/A/Bom
0x00000000029d2000 	/System/Library/Frameworks/CoreVideo.framework/Versions/A/CoreVideo
0x00000000029d2000 	/System/Library/Frameworks/QuartzCore.framework/Versions/A/Frameworks/CoreImage.framework/Versions/A/CoreImage
0x00000000029d2000 	/System/Library/Frameworks/QuartzCore.framework/Versions/A/Frameworks/ScalableUserInterface.framework/Versions/A/ScalableUserInterface
0x00000000029d2000 	/System/Library/Frameworks/OpenGL.framework/Versions/A/Libraries/libGLU.dylib
0x00000000029d2000 	/System/Library/Frameworks/OpenGL.framework/Versions/A/Libraries/libGFXShared.dylib
0x00000000029d2000 	/System/Library/Frameworks/OpenGL.framework/Versions/A/Libraries/libGL.dylib
0x00000000029d2000 	/System/Library/Frameworks/OpenGL.framework/Versions/A/Libraries/libGLImage.dylib
0x00000000029d2000 	/System/Library/Frameworks/OpenGL.framework/Versions/A/Libraries/libCVMSPluginSupport.dylib
0x00000000029d2000 	/System/Library/Frameworks/OpenGL.framework/Versions/A/Libraries/libCoreVMClient.dylib
0x00000000029d2000 	/System/Library/PrivateFrameworks/CrashReporterSupport.framework/Versions/A/CrashReporterSupport
0x00000000029d2000 	/System/Library/Frameworks/OpenCL.framework/Versions/A/OpenCL
0x00000000029d2000 	/System/Library/PrivateFrameworks/FaceCoreLight.framework/Versions/A/FaceCoreLight
0x00000000029d2000 	/System/Library/PrivateFrameworks/AppleFSCompression.framework/Versions/A/AppleFSCompression
0x00000000029d2000 	/System/Library/PrivateFrameworks/Ubiquity.framework/Versions/A/Ubiquity
0x00000000029d2000 	/System/Library/Frameworks/ServiceManagement.framework/Versions/A/ServiceManagement
0x00000000029d2000 	/System/Library/PrivateFrameworks/ChunkingLibrary.framework/Versions/A/ChunkingLibrary
0x00000000029d2000 	/System/Library/Frameworks/vecLib.framework/Versions/A/vecLib
0x00000000029d2000 	/System/Library/Frameworks/SecurityFoundation.framework/Versions/A/SecurityFoundation
0x00000000029d2000 	/System/Library/PrivateFrameworks/CommerceKit.framework/Versions/A/Frameworks/CommerceCore.framework/Versions/A/CommerceCore
0x00000000029d2000 	/System/Library/PrivateFrameworks/CoreSymbolication.framework/Versions/A/CoreSymbolication
0x00000000029d2000 	/System/Library/PrivateFrameworks/Symbolication.framework/Versions/A/Symbolication
0x00000000029d2000 	/System/Library/PrivateFrameworks/DebugSymbols.framework/Versions/A/DebugSymbols
0x000000010eda3000 	/Library/Java/JavaVirtualMachines/jdk1.7.0_75.jdk/Contents/Home/jre/lib/server/libjvm.dylib
0x000000010f907000 	/Library/Java/JavaVirtualMachines/jdk1.7.0_75.jdk/Contents/Home/jre/lib/libverify.dylib
0x000000010f914000 	/Library/Java/JavaVirtualMachines/jdk1.7.0_75.jdk/Contents/Home/jre/lib/libjava.dylib
0x000000010f9d1000 	/Library/Java/JavaVirtualMachines/jdk1.7.0_75.jdk/Contents/Home/jre/lib/libzip.dylib
0x000000015bf65000 	/System/Library/Frameworks/JavaVM.framework/Frameworks/JavaRuntimeSupport.framework/JavaRuntimeSupport
0x000000015bf7d000 	/System/Library/Frameworks/JavaVM.framework/Versions/A/Frameworks/JavaNativeFoundation.framework/Versions/A/JavaNativeFoundation
0x000000015bf92000 	/System/Library/Frameworks/JavaVM.framework/Versions/A/JavaVM
0x00000000029d2000 	/System/Library/Frameworks/Carbon.framework/Versions/A/Carbon
0x000000015bf9f000 	/System/Library/PrivateFrameworks/JavaLaunching.framework/Versions/A/JavaLaunching
0x00000000029d2000 	/System/Library/Frameworks/Carbon.framework/Versions/A/Frameworks/CommonPanels.framework/Versions/A/CommonPanels
0x00000000029d2000 	/System/Library/Frameworks/Carbon.framework/Versions/A/Frameworks/Help.framework/Versions/A/Help
0x00000000029d2000 	/System/Library/Frameworks/Carbon.framework/Versions/A/Frameworks/ImageCapture.framework/Versions/A/ImageCapture
0x00000000029d2000 	/System/Library/Frameworks/Carbon.framework/Versions/A/Frameworks/OpenScripting.framework/Versions/A/OpenScripting
0x00000000029d2000 	/System/Library/Frameworks/Carbon.framework/Versions/A/Frameworks/Print.framework/Versions/A/Print
0x00000000029d2000 	/System/Library/Frameworks/Carbon.framework/Versions/A/Frameworks/SecurityHI.framework/Versions/A/SecurityHI
0x000000015c6ab000 	/Library/Java/JavaVirtualMachines/jdk1.7.0_75.jdk/Contents/Home/jre/lib/libawt.dylib
0x000000015c75a000 	/Library/Java/JavaVirtualMachines/jdk1.7.0_75.jdk/Contents/Home/jre/lib/./libmlib_image.dylib
0x000000015c826000 	/Library/Java/JavaVirtualMachines/jdk1.7.0_75.jdk/Contents/Home/jre/lib/lwawt/liblwawt.dylib
0x000000015c8da000 	/Library/Java/JavaVirtualMachines/jdk1.7.0_75.jdk/Contents/Home/jre/lib/libosxapp.dylib
0x000000015c8f6000 	/System/Library/Frameworks/ExceptionHandling.framework/Versions/A/ExceptionHandling
0x00000000029d2000 	/System/Library/PrivateFrameworks/CoreServicesInternal.framework/Versions/A/CoreServicesInternal
0x00000000029d2000 	/System/Library/PrivateFrameworks/Librarian.framework/Versions/A/Librarian
0x00000000029d2000 	/System/Library/Frameworks/ApplicationServices.framework/Versions/A/Frameworks/CoreGraphics.framework/Versions/A/Resources/libCSync.A.dylib
0x00000000029d2000 	/System/Library/Frameworks/ApplicationServices.framework/Versions/A/Frameworks/CoreGraphics.framework/Versions/A/Resources/libRIP.A.dylib
0x00000000029d2000 	/System/Library/Frameworks/ApplicationServices.framework/Versions/A/Frameworks/CoreGraphics.framework/Versions/A/Resources/libCGXType.A.dylib
0x00000001603b7000 	/Library/Java/JavaVirtualMachines/jdk1.7.0_75.jdk/Contents/Home/jre/lib/libfontmanager.dylib
0x000000015dde5000 	/Library/Java/JavaVirtualMachines/jdk1.7.0_75.jdk/Contents/Home/jre/lib/libosxui.dylib
0x0000000160521000 	/System/Library/Frameworks/OpenGL.framework/Resources/GLEngine.bundle/GLEngine
0x0000000160716000 	/System/Library/Frameworks/OpenGL.framework/Versions/A/Libraries/libGLProgrammability.dylib
0x00000001608be000 	/System/Library/Extensions/AppleIntelHD4000GraphicsGLDriver.bundle/Contents/MacOS/AppleIntelHD4000GraphicsGLDriver
0x000000015ddef000 	/System/Library/PrivateFrameworks/IOAccelerator.framework/Versions/A/IOAccelerator
0x000000015ddfc000 	/System/Library/PrivateFrameworks/GPUSupport.framework/Versions/A/Libraries/libGPUSupportMercury.dylib
0x000000015ebae000 	/System/Library/Frameworks/OpenGL.framework/Resources//GLRendererFloat.bundle/GLRendererFloat
0x000000015de13000 	/System/Library/Frameworks/OpenCL.framework/Versions/A/Libraries/libcldcpuengine.dylib
0x00000000029d2000 	/System/Library/PrivateFrameworks/DiskImages.framework/Versions/A/DiskImages
0x00000000029d2000 	/System/Library/Frameworks/DiscRecording.framework/Versions/A/DiscRecording
0x00000000029d2000 	/usr/lib/libcurl.4.dylib
0x00000000029d2000 	/System/Library/PrivateFrameworks/MediaKit.framework/Versions/A/MediaKit
0x00000000029d2000 	/usr/lib/libssl.0.9.8.dylib
0x00000000029d2000 	/usr/lib/libcrypto.0.9.8.dylib
0x00000000029d2000 	/System/Library/Frameworks/LDAP.framework/Versions/A/LDAP
0x00000000029d2000 	/usr/lib/libsasl2.2.dylib
0x0000000161fbd000 	/Library/Java/JavaVirtualMachines/jdk1.7.0_75.jdk/Contents/Home/jre/lib/libnet.dylib
0x000000016201b000 	/Library/Java/JavaVirtualMachines/jdk1.7.0_75.jdk/Contents/Home/jre/lib/libnio.dylib
0x0000000166a3c000 	/Library/Java/JavaVirtualMachines/jdk1.7.0_75.jdk/Contents/Home/jre/lib/libdcpr.dylib
0x0000000166e42000 	/Library/Java/JavaVirtualMachines/jdk1.7.0_75.jdk/Contents/Home/jre/lib/libsunec.dylib
0x00000001679da000 	/Library/Java/Extensions/librxtxSerial.jnilib
0x00000000029d2000 	/System/Library/CoreServices/RawCamera.bundle/Contents/MacOS/RawCamera

VM Arguments:
jvm_args: -Dfile.encoding=UTF-8 
java_command: jcan2.BeMapEditor
Launcher Type: SUN_STANDARD

Environment Variables:
PATH=/usr/bin:/bin:/usr/sbin:/sbin
LD_LIBRARY_PATH=/Library/Java/JavaVirtualMachines/jdk1.7.0_75.jdk/Contents/Home/jre/lib/amd64:/Library/Java/JavaVirtualMachines/jdk1.7.0_75.jdk/Contents/Home/jre/lib/i386:
SHELL=/bin/bash
DISPLAY=/tmp/launch-X04BQA/org.macosforge.xquartz:0
DYLD_LIBRARY_PATH=/Applications/NetBeans/NetBeans 8.0.2.app/Contents/Resources/NetBeans/webcommon/bin:

Signal Handlers:
SIGSEGV: [libjvm.dylib+0x52d20d], sa_mask[0]=0xfffefeff, sa_flags=0x00000043
SIGBUS: [libjvm.dylib+0x52d20d], sa_mask[0]=0xfffefeff, sa_flags=0x00000042
SIGFPE: [libjvm.dylib+0x41ee7a], sa_mask[0]=0xfffefeff, sa_flags=0x00000042
SIGPIPE: [libjvm.dylib+0x41ee7a], sa_mask[0]=0xfffefeff, sa_flags=0x00000042
SIGXFSZ: [libjvm.dylib+0x41ee7a], sa_mask[0]=0xfffefeff, sa_flags=0x00000042
SIGILL: [libjvm.dylib+0x41ee7a], sa_mask[0]=0xfffefeff, sa_flags=0x00000042
SIGUSR1: SIG_DFL, sa_mask[0]=0x00000000, sa_flags=0x00000002
SIGUSR2: [libjvm.dylib+0x41e96c], sa_mask[0]=0x00000004, sa_flags=0x00000042
SIGHUP: [libjvm.dylib+0x41cbfd], sa_mask[0]=0xfffefeff, sa_flags=0x00000042
SIGINT: SIG_IGN, sa_mask[0]=0x00000000, sa_flags=0x00000000
SIGTERM: [libjvm.dylib+0x41cbfd], sa_mask[0]=0xfffefeff, sa_flags=0x00000042
SIGQUIT: [libjvm.dylib+0x41cbfd], sa_mask[0]=0xfffefeff, sa_flags=0x00000042


---------------  S Y S T E M  ---------------

OS:Bsduname:Darwin 12.6.0 Darwin Kernel Version 12.6.0: Wed Dec 17 19:11:40 PST 2014; root:xnu-2050.48.15~1/RELEASE_X86_64 x86_64
rlimit: STACK 8192k, CORE 0k, NPROC 709, NOFILE 10240, AS infinity
load average:1.19 0.76 0.57

CPU:total 4 (2 cores per cpu, 2 threads per core) family 6 model 58 stepping 9, cmov, cx8, fxsr, mmx, sse, sse2, sse3, ssse3, sse4.1, sse4.2, popcnt, avx, aes, erms, ht, tsc, tscinvbit, tscinv

Memory: 4k page, physical 4194304k(1048576k free)

/proc/meminfo:


vm_info: Java HotSpot(TM) 64-Bit Server VM (24.75-b04) for bsd-amd64 JRE (1.7.0_75-b13), built on Dec 18 2014 21:48:12 by "java_re" with gcc 4.2.1 (Based on Apple Inc. build 5658) (LLVM build 2336.11.00)

time: Fri Apr 17 19:31:20 2015
elapsed time: 271 seconds

