#
# A fatal error has been detected by the Java Runtime Environment:
#
#  SIGSEGV (0xb) at pc=0x000000015b2af12f, pid=674, tid=45579
#
# JRE version: Java(TM) SE Runtime Environment (7.0_75-b13) (build 1.7.0_75-b13)
# Java VM: Java HotSpot(TM) 64-Bit Server VM (24.75-b04 mixed mode bsd-amd64 compressed oops)
# Problematic frame:
# C  [librxtxSerial.jnilib+0x312f]  Java_gnu_io_RXTXPort_interruptEventLoop+0x6b
#
# Failed to write core dump. Core dumps have been disabled. To enable core dumping, try "ulimit -c unlimited" before starting Java again
#
# If you would like to submit a bug report, please visit:
#   http://bugreport.sun.com/bugreport/crash.jsp
# The crash happened outside the Java Virtual Machine in native code.
# See problematic frame for where to report the bug.
#

---------------  T H R E A D  ---------------

Current thread (0x00007f976c8e8800):  JavaThread "AWT-EventQueue-0" [_thread_in_native, id=45579, stack(0x000000015508b000,0x000000015518b000)]

siginfo:si_signo=SIGSEGV: si_errno=0, si_code=1 (SEGV_MAPERR), si_addr=0x000000015ac6d948

Registers:
RAX=0x0000000000000000, RBX=0x000000015ac6d7e0, RCX=0x00000000ffffffff, RDX=0xffffffffffffffff
RSP=0x00000001551889a0, RBP=0x00000001551889b0, RSI=0x0000000000000000, RDI=0x000000000000003c
R8 =0x0000000000000000, R9 =0x0000000002faf080, R10=0x0000000000000001, R11=0x00007fff72eb5250
R12=0x0000000000000032, R13=0x0000000106faa490, R14=0x0000000155188a30, R15=0x00007f976c8e8800
RIP=0x000000015b2af12f, EFLAGS=0x0000000000010206, ERR=0x0000000000000004
  TRAPNO=0x000000000000000e

Top of Stack: (sp=0x00000001551889a0)
0x00000001551889a0:   0000000106faa490 0000000000000000
0x00000001551889b0:   0000000155188a10 0000000102c3c758
0x00000001551889c0:   0000000102c47443 0000000102c2f310
0x00000001551889d0:   00000001551889d0 0000000106faa490
0x00000001551889e0:   0000000155188a30 0000000106fde2c0
0x00000001551889f0:   0000000000000000 0000000106faa490
0x0000000155188a00:   0000000000000000 0000000155188a30
0x0000000155188a10:   0000000155188a78 0000000102c30058
0x0000000155188a20:   0000000000000000 0000000102c38cd8
0x0000000155188a30:   000000010ba0c898 0000000155188a38
0x0000000155188a40:   0000000106faaa17 0000000155188a90
0x0000000155188a50:   0000000106fde2c0 0000000000000000
0x0000000155188a60:   0000000106faaa80 0000000155188a30
0x0000000155188a70:   0000000155188a90 0000000155188ad8
0x0000000155188a80:   0000000102c30058 0000000000000000
0x0000000155188a90:   000000010ba0c898 0000000155188a98
0x0000000155188aa0:   00000001065fd261 0000000155188ae8
0x0000000155188ab0:   00000001065fe4d0 0000000000000000
0x0000000155188ac0:   00000001065fd2a0 0000000155188a90
0x0000000155188ad0:   0000000155188ae8 0000000155188b30
0x0000000155188ae0:   0000000102c30058 000000010b35a3e0
0x0000000155188af0:   0000000155188af0 0000000106534514
0x0000000155188b00:   0000000155188b50 0000000106586660
0x0000000155188b10:   0000000000000000 0000000106534568
0x0000000155188b20:   0000000155188ae8 0000000155188b48
0x0000000155188b30:   0000000155188b98 0000000102c30058
0x0000000155188b40:   0000000000000000 0000000136944300
0x0000000155188b50:   000000010b8a9860 0000000155188b58
0x0000000155188b60:   0000000106535c4a 0000000155188bb0
0x0000000155188b70:   0000000106586660 0000000000000000
0x0000000155188b80:   0000000106535c70 0000000155188b48
0x0000000155188b90:   0000000155188ba8 0000000155188bf8 

Instructions: (pc=0x000000015b2af12f)
0x000000015b2af10f:   00 01 00 00 00 48 8b bb 78 01 00 00 be 06 00 00
0x000000015b2af11f:   00 e8 4d 27 00 00 bf 50 c3 00 00 e8 c7 27 00 00
0x000000015b2af12f:   83 bb 68 01 00 00 01 74 16 48 8b bb 78 01 00 00
0x000000015b2af13f:   e8 16 27 00 00 c7 83 68 01 00 00 01 00 00 00 5b 

Register to memory mapping:

RAX=0x0000000000000000 is an unknown value
RBX=0x000000015ac6d7e0 is an unknown value
RCX=0x00000000ffffffff is an unknown value
RDX=0xffffffffffffffff is an unknown value
RSP=0x00000001551889a0 is pointing into the stack for thread: 0x00007f976c8e8800
RBP=0x00000001551889b0 is pointing into the stack for thread: 0x00007f976c8e8800
RSI=0x0000000000000000 is an unknown value
RDI=0x000000000000003c is an unknown value
R8 =0x0000000000000000 is an unknown value
R9 =0x0000000002faf080 is an unknown value
R10=0x0000000000000001 is an unknown value
R11=0x00007fff72eb5250: errno+0 in /usr/lib/system/libsystem_kernel.dylib at 0x00007fff8a092000
R12=0x0000000000000032 is an unknown value
R13=0x0000000106faa490 is an oop
{method} 
 - klass: {other class}
R14=0x0000000155188a30 is pointing into the stack for thread: 0x00007f976c8e8800
R15=0x00007f976c8e8800 is a thread


Stack: [0x000000015508b000,0x000000015518b000],  sp=0x00000001551889a0,  free space=1014k
Native frames: (J=compiled Java code, j=interpreted, Vv=VM code, C=native code)
C  [librxtxSerial.jnilib+0x312f]  Java_gnu_io_RXTXPort_interruptEventLoop+0x6b
j  gnu.io.RXTXPort.interruptEventLoop()V+0
j  gnu.io.RXTXPort.removeEventListener()V+55
j  jcan2.Serial.disconnect()V+25
j  jcan2.MainWindow.disconnectButtonActionPerformed(Ljava/awt/event/ActionEvent;)V+4
j  jcan2.MainWindow.access$2000(Ljcan2/MainWindow;Ljava/awt/event/ActionEvent;)V+2
j  jcan2.MainWindow$20.actionPerformed(Ljava/awt/event/ActionEvent;)V+5
j  javax.swing.AbstractButton.fireActionPerformed(Ljava/awt/event/ActionEvent;)V+84
j  javax.swing.AbstractButton$Handler.actionPerformed(Ljava/awt/event/ActionEvent;)V+5
j  javax.swing.DefaultButtonModel.fireActionPerformed(Ljava/awt/event/ActionEvent;)V+35
j  javax.swing.DefaultButtonModel.setPressed(Z)V+117
j  javax.swing.plaf.basic.BasicButtonListener.mouseReleased(Ljava/awt/event/MouseEvent;)V+35
j  java.awt.Component.processMouseEvent(Ljava/awt/event/MouseEvent;)V+64
j  javax.swing.JComponent.processMouseEvent(Ljava/awt/event/MouseEvent;)V+23
j  java.awt.Component.processEvent(Ljava/awt/AWTEvent;)V+81
j  java.awt.Container.processEvent(Ljava/awt/AWTEvent;)V+18
j  java.awt.Component.dispatchEventImpl(Ljava/awt/AWTEvent;)V+581
j  java.awt.Container.dispatchEventImpl(Ljava/awt/AWTEvent;)V+42
J 597 C2 java.awt.LightweightDispatcher.retargetMouseEvent(Ljava/awt/Component;ILjava/awt/event/MouseEvent;)V (350 bytes) @ 0x0000000102e26ec4 [0x0000000102e26980+0x544]
j  java.awt.LightweightDispatcher.processMouseEvent(Ljava/awt/event/MouseEvent;)Z+139
j  java.awt.LightweightDispatcher.dispatchEvent(Ljava/awt/AWTEvent;)Z+50
j  java.awt.Container.dispatchEventImpl(Ljava/awt/AWTEvent;)V+12
j  java.awt.Window.dispatchEventImpl(Ljava/awt/AWTEvent;)V+19
J 710 C2 java.awt.EventQueue$3.run()Ljava/lang/Object; (5 bytes) @ 0x0000000102e70038 [0x0000000102e6f7a0+0x898]
v  ~StubRoutines::call_stub
V  [libjvm.dylib+0x2dbb58]
V  [libjvm.dylib+0x2db928]
V  [libjvm.dylib+0x32f100]
J 586  java.security.AccessController.doPrivileged(Ljava/security/PrivilegedAction;Ljava/security/AccessControlContext;)Ljava/lang/Object; (0 bytes) @ 0x0000000102d92055 [0x0000000102d91f80+0xd5]

Java frames: (J=compiled Java code, j=interpreted, Vv=VM code)
j  gnu.io.RXTXPort.interruptEventLoop()V+0
j  gnu.io.RXTXPort.removeEventListener()V+55
j  jcan2.Serial.disconnect()V+25
j  jcan2.MainWindow.disconnectButtonActionPerformed(Ljava/awt/event/ActionEvent;)V+4
j  jcan2.MainWindow.access$2000(Ljcan2/MainWindow;Ljava/awt/event/ActionEvent;)V+2
j  jcan2.MainWindow$20.actionPerformed(Ljava/awt/event/ActionEvent;)V+5
j  javax.swing.AbstractButton.fireActionPerformed(Ljava/awt/event/ActionEvent;)V+84
j  javax.swing.AbstractButton$Handler.actionPerformed(Ljava/awt/event/ActionEvent;)V+5
j  javax.swing.DefaultButtonModel.fireActionPerformed(Ljava/awt/event/ActionEvent;)V+35
j  javax.swing.DefaultButtonModel.setPressed(Z)V+117
j  javax.swing.plaf.basic.BasicButtonListener.mouseReleased(Ljava/awt/event/MouseEvent;)V+35
j  java.awt.Component.processMouseEvent(Ljava/awt/event/MouseEvent;)V+64
j  javax.swing.JComponent.processMouseEvent(Ljava/awt/event/MouseEvent;)V+23
j  java.awt.Component.processEvent(Ljava/awt/AWTEvent;)V+81
j  java.awt.Container.processEvent(Ljava/awt/AWTEvent;)V+18
j  java.awt.Component.dispatchEventImpl(Ljava/awt/AWTEvent;)V+581
j  java.awt.Container.dispatchEventImpl(Ljava/awt/AWTEvent;)V+42
J 597 C2 java.awt.LightweightDispatcher.retargetMouseEvent(Ljava/awt/Component;ILjava/awt/event/MouseEvent;)V (350 bytes) @ 0x0000000102e26ec4 [0x0000000102e26980+0x544]
j  java.awt.LightweightDispatcher.processMouseEvent(Ljava/awt/event/MouseEvent;)Z+139
j  java.awt.LightweightDispatcher.dispatchEvent(Ljava/awt/AWTEvent;)Z+50
j  java.awt.Container.dispatchEventImpl(Ljava/awt/AWTEvent;)V+12
j  java.awt.Window.dispatchEventImpl(Ljava/awt/AWTEvent;)V+19
J 710 C2 java.awt.EventQueue$3.run()Ljava/lang/Object; (5 bytes) @ 0x0000000102e70038 [0x0000000102e6f7a0+0x898]
v  ~StubRoutines::call_stub
J 586  java.security.AccessController.doPrivileged(Ljava/security/PrivilegedAction;Ljava/security/AccessControlContext;)Ljava/lang/Object; (0 bytes) @ 0x0000000102d91fe3 [0x0000000102d91f80+0x63]
J 699 C2 java.awt.EventQueue$4.run()Ljava/lang/Object; (5 bytes) @ 0x0000000102e50d30 [0x0000000102e50c40+0xf0]
v  ~StubRoutines::call_stub
J 586  java.security.AccessController.doPrivileged(Ljava/security/PrivilegedAction;Ljava/security/AccessControlContext;)Ljava/lang/Object; (0 bytes) @ 0x0000000102d91fe3 [0x0000000102d91f80+0x63]
J 596 C2 java.awt.EventDispatchThread.pumpOneEventForFilters(I)V (295 bytes) @ 0x0000000102e20094 [0x0000000102e1f7c0+0x8d4]
J 779% C2 java.awt.EventDispatchThread.pumpEventsForFilter(ILjava/awt/Conditional;Ljava/awt/EventFilter;)V (47 bytes) @ 0x0000000102e8d7ac [0x0000000102e8d680+0x12c]
j  java.awt.EventDispatchThread.pumpEventsForHierarchy(ILjava/awt/Conditional;Ljava/awt/Component;)V+11
j  java.awt.EventDispatchThread.pumpEvents(ILjava/awt/Conditional;)V+4
j  java.awt.EventDispatchThread.pumpEvents(Ljava/awt/Conditional;)V+3
j  java.awt.EventDispatchThread.run()V+9
v  ~StubRoutines::call_stub

---------------  P R O C E S S  ---------------

Java Threads: ( => current thread )
  0x00007f976b137800 JavaThread "TimerQueue" daemon [_thread_blocked, id=47107, stack(0x000000015558f000,0x000000015568f000)]
  0x00007f976c95d000 JavaThread "OSMJobThread 1" daemon [_thread_blocked, id=46083, stack(0x000000015518e000,0x000000015528e000)]
  0x00007f976b11e000 JavaThread "DestroyJavaVM" [_thread_blocked, id=6403, stack(0x0000000102a55000,0x0000000102b55000)]
=>0x00007f976c8e8800 JavaThread "AWT-EventQueue-0" [_thread_in_native, id=45579, stack(0x000000015508b000,0x000000015518b000)]
  0x00007f976c060000 JavaThread "Java2D Disposer" daemon [_thread_blocked, id=43523, stack(0x0000000154d08000,0x0000000154e08000)]
  0x00007f976b093000 JavaThread "Java2D Queue Flusher" daemon [_thread_blocked, id=39187, stack(0x000000015366f000,0x000000015376f000)]
  0x00007f976b07e800 JavaThread "AWT-Shutdown" [_thread_blocked, id=28931, stack(0x0000000150d54000,0x0000000150e54000)]
  0x00007f976d04a000 JavaThread "AppKit Thread" daemon [_thread_in_native, id=3847, stack(0x00007fff5d53a000,0x00007fff5dd3a000)]
  0x00007f976c81e000 JavaThread "Service Thread" daemon [_thread_blocked, id=22787, stack(0x000000014f607000,0x000000014f707000)]
  0x00007f976c81d000 JavaThread "C2 CompilerThread1" daemon [_thread_blocked, id=22275, stack(0x000000014f504000,0x000000014f604000)]
  0x00007f976c81b800 JavaThread "C2 CompilerThread0" daemon [_thread_blocked, id=21763, stack(0x000000014f401000,0x000000014f501000)]
  0x00007f976c801000 JavaThread "Signal Dispatcher" daemon [_thread_blocked, id=21251, stack(0x000000014f2fe000,0x000000014f3fe000)]
  0x00007f976b045000 JavaThread "Finalizer" daemon [_thread_blocked, id=16899, stack(0x000000014f0ad000,0x000000014f1ad000)]
  0x00007f976c013000 JavaThread "Reference Handler" daemon [_thread_blocked, id=16387, stack(0x000000014efaa000,0x000000014f0aa000)]

Other Threads:
  0x00007f976c010000 VMThread [stack: 0x000000014eea7000,0x000000014efa7000] [id=15875]
  0x00007f976c817000 WatcherThread [stack: 0x000000014f70a000,0x000000014f80a000] [id=23299]

VM state:not at safepoint (normal execution)

VM Mutex/Monitor currently owned by a thread: None

Heap
 PSYoungGen      total 333312K, used 21418K [0x0000000135a00000, 0x000000014af80000, 0x000000014af80000)
  eden space 316928K, 6% used [0x0000000135a00000,0x0000000136eeabf0,0x0000000148f80000)
  from space 16384K, 0% used [0x0000000148f80000,0x0000000148f80000,0x0000000149f80000)
  to   space 15360K, 0% used [0x000000014a080000,0x000000014a080000,0x000000014af80000)
 ParOldGen       total 55808K, used 28725K [0x000000010af80000, 0x000000010e600000, 0x0000000135a00000)
  object space 55808K, 51% used [0x000000010af80000,0x000000010cb8d738,0x000000010e600000)
 PSPermGen       total 38912K, used 19336K [0x0000000105d80000, 0x0000000108380000, 0x000000010af80000)
  object space 38912K, 49% used [0x0000000105d80000,0x00000001070621e8,0x0000000108380000)

Card table byte_map: [0x000000014af80000,0x000000014b1aa000] byte_map_base: 0x000000014a751400

Polling page: 0x0000000102b94000

Code Cache  [0x0000000102c2a000, 0x0000000102eba000, 0x0000000105c2a000)
 total_blobs=1335 nmethods=786 adapters=502 free_code_cache=46602Kb largest_free_block=47675136

Compilation events (10 events):
Event: 288.614 Thread 0x00007f976c81d000  807             sun.lwawt.macosx.CPlatformView::deliverMouseEvent (85 bytes)
Event: 288.624 Thread 0x00007f976c81d000 nmethod 807 0x0000000102eae650 code [0x0000000102eae940, 0x0000000102eaf550]
Event: 288.885 Thread 0x00007f976c81b800  808             sun.java2d.SunGraphics2D::setFont (105 bytes)
Event: 288.888 Thread 0x00007f976c81b800 nmethod 808 0x0000000102eaa210 code [0x0000000102eaa360, 0x0000000102eaa508]
Event: 288.999 Thread 0x00007f976c81d000  809   !         sun.lwawt.LWComponentPeer::isShaped (27 bytes)
Event: 289.001 Thread 0x00007f976c81d000 nmethod 809 0x0000000102ea9490 code [0x0000000102ea95e0, 0x0000000102ea9858]
Event: 289.098 Thread 0x00007f976c81b800  810   !         sun.lwawt.LWComponentPeer::getRegion (36 bytes)
Event: 289.103 Thread 0x00007f976c81b800 nmethod 810 0x0000000102eafc50 code [0x0000000102eafdc0, 0x0000000102eb0638]
Event: 289.283 Thread 0x00007f976c81d000  811             sun.java2d.pipe.DrawImage::transformImage (124 bytes)
Event: 289.288 Thread 0x00007f976c81d000 nmethod 811 0x0000000102eb1cd0 code [0x0000000102eb1ee0, 0x0000000102eb24f0]

GC Heap History (10 events):
Event: 14.549 GC heap before
{Heap before GC invocations=10 (full 0):
 PSYoungGen      total 143872K, used 134746K [0x0000000135a00000, 0x0000000143e80000, 0x000000014af80000)
  eden space 134656K, 99% used [0x0000000135a00000,0x000000013dd7ebd8,0x000000013dd80000)
  from space 9216K, 1% used [0x000000013dd80000,0x000000013dd98000,0x000000013e680000)
  to   space 9216K, 0% used [0x0000000143580000,0x0000000143580000,0x0000000143e80000)
 ParOldGen       total 43520K, used 15133K [0x000000010af80000, 0x000000010da00000, 0x0000000135a00000)
  object space 43520K, 34% used [0x000000010af80000,0x000000010be475b0,0x000000010da00000)
 PSPermGen       total 21504K, used 18867K [0x0000000105d80000, 0x0000000107280000, 0x000000010af80000)
  object space 21504K, 87% used [0x0000000105d80000,0x0000000106fece18,0x0000000107280000)
Event: 14.550 GC heap after
Heap after GC invocations=10 (full 0):
 PSYoungGen      total 224768K, used 128K [0x0000000135a00000, 0x0000000143e80000, 0x000000014af80000)
  eden space 215552K, 0% used [0x0000000135a00000,0x0000000135a00000,0x0000000142c80000)
  from space 9216K, 1% used [0x0000000143580000,0x00000001435a0000,0x0000000143e80000)
  to   space 9216K, 0% used [0x0000000142c80000,0x0000000142c80000,0x0000000143580000)
 ParOldGen       total 43520K, used 15133K [0x000000010af80000, 0x000000010da00000, 0x0000000135a00000)
  object space 43520K, 34% used [0x000000010af80000,0x000000010be475b0,0x000000010da00000)
 PSPermGen       total 21504K, used 18867K [0x0000000105d80000, 0x0000000107280000, 0x000000010af80000)
  object space 21504K, 87% used [0x0000000105d80000,0x0000000106fece18,0x0000000107280000)
}
Event: 67.945 GC heap before
{Heap before GC invocations=11 (full 0):
 PSYoungGen      total 224768K, used 215680K [0x0000000135a00000, 0x0000000143e80000, 0x000000014af80000)
  eden space 215552K, 100% used [0x0000000135a00000,0x0000000142c80000,0x0000000142c80000)
  from space 9216K, 1% used [0x0000000143580000,0x00000001435a0000,0x0000000143e80000)
  to   space 9216K, 0% used [0x0000000142c80000,0x0000000142c80000,0x0000000143580000)
 ParOldGen       total 43520K, used 15189K [0x000000010af80000, 0x000000010da00000, 0x0000000135a00000)
  object space 43520K, 34% used [0x000000010af80000,0x000000010be55680,0x000000010da00000)
 PSPermGen       total 21504K, used 19064K [0x0000000105d80000, 0x0000000107280000, 0x000000010af80000)
  object space 21504K, 88% used [0x0000000105d80000,0x000000010701e238,0x0000000107280000)
Event: 67.954 GC heap after
Heap after GC invocations=11 (full 0):
 PSYoungGen      total 224768K, used 9209K [0x0000000135a00000, 0x000000014af80000, 0x000000014af80000)
  eden space 215552K, 0% used [0x0000000135a00000,0x0000000135a00000,0x0000000142c80000)
  from space 9216K, 99% used [0x0000000142c80000,0x000000014357e720,0x0000000143580000)
  to   space 11264K, 0% used [0x000000014a480000,0x000000014a480000,0x000000014af80000)
 ParOldGen       total 43520K, used 15807K [0x000000010af80000, 0x000000010da00000, 0x0000000135a00000)
  object space 43520K, 36% used [0x000000010af80000,0x000000010beeffc0,0x000000010da00000)
 PSPermGen       total 21504K, used 19064K [0x0000000105d80000, 0x0000000107280000, 0x000000010af80000)
  object space 21504K, 88% used [0x0000000105d80000,0x000000010701e238,0x0000000107280000)
}
Event: 128.532 GC heap before
{Heap before GC invocations=12 (full 0):
 PSYoungGen      total 224768K, used 224761K [0x0000000135a00000, 0x000000014af80000, 0x000000014af80000)
  eden space 215552K, 100% used [0x0000000135a00000,0x0000000142c80000,0x0000000142c80000)
  from space 9216K, 99% used [0x0000000142c80000,0x000000014357e720,0x0000000143580000)
  to   space 11264K, 0% used [0x000000014a480000,0x000000014a480000,0x000000014af80000)
 ParOldGen       total 43520K, used 15874K [0x000000010af80000, 0x000000010da00000, 0x0000000135a00000)
  object space 43520K, 36% used [0x000000010af80000,0x000000010bf00950,0x000000010da00000)
 PSPermGen       total 21504K, used 19217K [0x0000000105d80000, 0x0000000107280000, 0x000000010af80000)
  object space 21504K, 89% used [0x0000000105d80000,0x0000000107044410,0x0000000107280000)
Event: 128.548 GC heap after
Heap after GC invocations=12 (full 0):
 PSYoungGen      total 328192K, used 11263K [0x0000000135a00000, 0x000000014af80000, 0x000000014af80000)
  eden space 316928K, 0% used [0x0000000135a00000,0x0000000135a00000,0x0000000148f80000)
  from space 11264K, 99% used [0x000000014a480000,0x000000014af7fe80,0x000000014af80000)
  to   space 16384K, 0% used [0x0000000148f80000,0x0000000148f80000,0x0000000149f80000)
 ParOldGen       total 43520K, used 23820K [0x000000010af80000, 0x000000010da00000, 0x0000000135a00000)
  object space 43520K, 54% used [0x000000010af80000,0x000000010c6c32a8,0x000000010da00000)
 PSPermGen       total 21504K, used 19217K [0x0000000105d80000, 0x0000000107280000, 0x000000010af80000)
  object space 21504K, 89% used [0x0000000105d80000,0x0000000107044410,0x0000000107280000)
}
Event: 225.950 GC heap before
{Heap before GC invocations=13 (full 0):
 PSYoungGen      total 328192K, used 328191K [0x0000000135a00000, 0x000000014af80000, 0x000000014af80000)
  eden space 316928K, 100% used [0x0000000135a00000,0x0000000148f80000,0x0000000148f80000)
  from space 11264K, 99% used [0x000000014a480000,0x000000014af7fe80,0x000000014af80000)
  to   space 16384K, 0% used [0x0000000148f80000,0x0000000148f80000,0x0000000149f80000)
 ParOldGen       total 43520K, used 23820K [0x000000010af80000, 0x000000010da00000, 0x0000000135a00000)
  object space 43520K, 54% used [0x000000010af80000,0x000000010c6c32a8,0x000000010da00000)
 PSPermGen       total 21504K, used 19328K [0x0000000105d80000, 0x0000000107280000, 0x000000010af80000)
  object space 21504K, 89% used [0x0000000105d80000,0x0000000107060290,0x0000000107280000)
Event: 225.959 GC heap after
Heap after GC invocations=13 (full 0):
 PSYoungGen      total 333312K, used 2600K [0x0000000135a00000, 0x000000014af80000, 0x000000014af80000)
  eden space 316928K, 0% used [0x0000000135a00000,0x0000000135a00000,0x0000000148f80000)
  from space 16384K, 15% used [0x0000000148f80000,0x000000014920a300,0x0000000149f80000)
  to   space 15360K, 0% used [0x000000014a080000,0x000000014a080000,0x000000014af80000)
 ParOldGen       total 43520K, used 34313K [0x000000010af80000, 0x000000010da00000, 0x0000000135a00000)
  object space 43520K, 78% used [0x000000010af80000,0x000000010d102548,0x000000010da00000)
 PSPermGen       total 21504K, used 19328K [0x0000000105d80000, 0x0000000107280000, 0x000000010af80000)
  object space 21504K, 89% used [0x0000000105d80000,0x0000000107060290,0x0000000107280000)
}
Event: 225.960 GC heap before
{Heap before GC invocations=14 (full 1):
 PSYoungGen      total 333312K, used 2600K [0x0000000135a00000, 0x000000014af80000, 0x000000014af80000)
  eden space 316928K, 0% used [0x0000000135a00000,0x0000000135a00000,0x0000000148f80000)
  from space 16384K, 15% used [0x0000000148f80000,0x000000014920a300,0x0000000149f80000)
  to   space 15360K, 0% used [0x000000014a080000,0x000000014a080000,0x000000014af80000)
 ParOldGen       total 43520K, used 34313K [0x000000010af80000, 0x000000010da00000, 0x0000000135a00000)
  object space 43520K, 78% used [0x000000010af80000,0x000000010d102548,0x000000010da00000)
 PSPermGen       total 21504K, used 19328K [0x0000000105d80000, 0x0000000107280000, 0x000000010af80000)
  object space 21504K, 89% used [0x0000000105d80000,0x0000000107060290,0x0000000107280000)
Event: 226.042 GC heap after
Heap after GC invocations=14 (full 1):
 PSYoungGen      total 333312K, used 0K [0x0000000135a00000, 0x000000014af80000, 0x000000014af80000)
  eden space 316928K, 0% used [0x0000000135a00000,0x0000000135a00000,0x0000000148f80000)
  from space 16384K, 0% used [0x0000000148f80000,0x0000000148f80000,0x0000000149f80000)
  to   space 15360K, 0% used [0x000000014a080000,0x000000014a080000,0x000000014af80000)
 ParOldGen       total 55808K, used 28725K [0x000000010af80000, 0x000000010e600000, 0x0000000135a00000)
  object space 55808K, 51% used [0x000000010af80000,0x000000010cb8d738,0x000000010e600000)
 PSPermGen       total 38912K, used 19302K [0x0000000105d80000, 0x0000000108380000, 0x000000010af80000)
  object space 38912K, 49% used [0x0000000105d80000,0x0000000107059ac0,0x0000000108380000)
}

Deoptimization events (10 events):
Event: 59.532 Thread 0x00007f976d1fc800 Uncommon trap: reason=array_check action=maybe_recompile pc=0x0000000102da0cbc method=java.util.AbstractCollection.toArray([Ljava/lang/Object;)[Ljava/lang/Object; @ 119
Event: 67.920 Thread 0x00007f976b387800 Uncommon trap: reason=class_check action=maybe_recompile pc=0x0000000102db3838 method=com.sun.imageio.plugins.png.PNGImageReader.decodePass(IIIIIII)V @ 477
Event: 67.942 Thread 0x00007f976b388800 Uncommon trap: reason=class_check action=maybe_recompile pc=0x0000000102da6e00 method=java.awt.image.Raster.getPixel(II[I)[I @ 21
Event: 67.955 Thread 0x00007f976b387000 Uncommon trap: reason=class_check action=maybe_recompile pc=0x0000000102da6e00 method=java.awt.image.Raster.getPixel(II[I)[I @ 21
Event: 67.958 Thread 0x00007f976c972800 Uncommon trap: reason=class_check action=maybe_recompile pc=0x0000000102da6e00 method=java.awt.image.Raster.getPixel(II[I)[I @ 21
Event: 67.966 Thread 0x00007f976d095000 Uncommon trap: reason=class_check action=maybe_recompile pc=0x0000000102da6e00 method=java.awt.image.Raster.getPixel(II[I)[I @ 21
Event: 81.344 Thread 0x00007f976c204800 Uncommon trap: reason=bimorphic action=maybe_recompile pc=0x0000000102da9094 method=java.io.BufferedInputStream.read([BII)I @ 101
Event: 90.361 Thread 0x00007f976b388800 Uncommon trap: reason=unreached action=reinterpret pc=0x0000000102d90a90 method=java.awt.image.MultiPixelPackedSampleModel.getPixel(II[ILjava/awt/image/DataBuffer;)[I @ 35
Event: 90.361 Thread 0x00007f976b388800 Uncommon trap: reason=class_check action=maybe_recompile pc=0x0000000102db3838 method=com.sun.imageio.plugins.png.PNGImageReader.decodePass(IIIIIII)V @ 477
Event: 106.146 Thread 0x00007f976c8e8800 Uncommon trap: reason=unreached action=reinterpret pc=0x0000000102e19eb8 method=java.awt.geom.AffineTransform.transform([FI[FII)V @ 2

Internal exceptions (10 events):
Event: 15.546 Thread 0x00007f976c8e8800 Threw 0x000000013a8f6690 at /HUDSON/workspace/7u-2-build-macosx-x86_64/jdk7u75/1940/hotspot/src/share/vm/prims/jvm.cpp:1285
Event: 15.546 Thread 0x00007f976c8e8800 Threw 0x000000013a8f6690 at /HUDSON/workspace/7u-2-build-macosx-x86_64/jdk7u75/1940/hotspot/src/share/vm/prims/jvm.cpp:1285
Event: 55.153 Thread 0x00007f976c8e8800 Threw 0x000000013aed3238 at /HUDSON/workspace/7u-2-build-macosx-x86_64/jdk7u75/1940/hotspot/src/share/vm/prims/jvm.cpp:1285
Event: 55.153 Thread 0x00007f976c8e8800 Threw 0x000000013aed3238 at /HUDSON/workspace/7u-2-build-macosx-x86_64/jdk7u75/1940/hotspot/src/share/vm/prims/jvm.cpp:1285
Event: 58.985 Thread 0x00007f976c8e8800 Threw 0x000000013b33c268 at /HUDSON/workspace/7u-2-build-macosx-x86_64/jdk7u75/1940/hotspot/src/share/vm/prims/jvm.cpp:1281
Event: 58.997 Thread 0x00007f976b386000 Implicit null exception at 0x0000000102d787d4 to 0x0000000102d788e1
Event: 59.441 Thread 0x00007f976b387000 Implicit null exception at 0x0000000102d1306c to 0x0000000102d135fd
Event: 62.643 Thread 0x00007f976c8e8800 Threw 0x000000013f03e340 at /HUDSON/workspace/7u-2-build-macosx-x86_64/jdk7u75/1940/hotspot/src/share/vm/prims/jvm.cpp:1281
Event: 62.643 Thread 0x00007f976c8e8800 Threw 0x000000013f042c98 at /HUDSON/workspace/7u-2-build-macosx-x86_64/jdk7u75/1940/hotspot/src/share/vm/prims/jvm.cpp:1281
Event: 90.361 Thread 0x00007f976b388800 Implicit null exception at 0x0000000102d90939 to 0x0000000102d90a71

Events (10 events):
Event: 231.134 Executing VM operation: RevokeBias done
Event: 236.135 Executing VM operation: RevokeBias
Event: 236.135 Executing VM operation: RevokeBias done
Event: 236.135 Thread 0x00007f976d095000 Thread exited: 0x00007f976d095000
Event: 256.079 Executing VM operation: RevokeBias
Event: 256.079 Executing VM operation: RevokeBias done
Event: 256.079 Thread 0x00007f976cc87000 Thread exited: 0x00007f976cc87000
Event: 289.598 Executing VM operation: RevokeBias
Event: 289.598 Executing VM operation: RevokeBias done
Event: 289.599 Thread 0x00007f976b356800 Thread exited: 0x00007f976b356800


Dynamic libraries:
0x0000000001c6a000 	/System/Library/Frameworks/Cocoa.framework/Versions/A/Cocoa
0x0000000001c6a000 	/System/Library/Frameworks/Security.framework/Versions/A/Security
0x0000000001c6a000 	/System/Library/Frameworks/ApplicationServices.framework/Versions/A/ApplicationServices
0x0000000001c6a000 	/usr/lib/libz.1.dylib
0x0000000001c6a000 	/usr/lib/libSystem.B.dylib
0x0000000001c6a000 	/usr/lib/libobjc.A.dylib
0x0000000001c6a000 	/System/Library/Frameworks/CoreFoundation.framework/Versions/A/CoreFoundation
0x0000000001c6a000 	/System/Library/Frameworks/Foundation.framework/Versions/C/Foundation
0x0000000001c6a000 	/System/Library/Frameworks/AppKit.framework/Versions/C/AppKit
0x0000000001c6a000 	/System/Library/Frameworks/CoreData.framework/Versions/A/CoreData
0x0000000001c6a000 	/System/Library/PrivateFrameworks/RemoteViewServices.framework/Versions/A/RemoteViewServices
0x0000000001c6a000 	/System/Library/Frameworks/AudioToolbox.framework/Versions/A/AudioToolbox
0x0000000001c6a000 	/System/Library/Frameworks/AudioUnit.framework/Versions/A/AudioUnit
0x0000000001c6a000 	/System/Library/PrivateFrameworks/DataDetectorsCore.framework/Versions/A/DataDetectorsCore
0x0000000001c6a000 	/System/Library/PrivateFrameworks/DesktopServicesPriv.framework/Versions/A/DesktopServicesPriv
0x0000000001c6a000 	/System/Library/Frameworks/Carbon.framework/Versions/A/Frameworks/HIToolbox.framework/Versions/A/HIToolbox
0x0000000001c6a000 	/System/Library/Frameworks/QuartzCore.framework/Versions/A/QuartzCore
0x0000000001c6a000 	/System/Library/Frameworks/Carbon.framework/Versions/A/Frameworks/SpeechRecognition.framework/Versions/A/SpeechRecognition
0x0000000001c6a000 	/usr/lib/libauto.dylib
0x0000000001c6a000 	/usr/lib/libicucore.A.dylib
0x0000000001c6a000 	/usr/lib/libxml2.2.dylib
0x0000000001c6a000 	/System/Library/PrivateFrameworks/CoreUI.framework/Versions/A/CoreUI
0x0000000001c6a000 	/System/Library/Frameworks/CoreAudio.framework/Versions/A/CoreAudio
0x0000000001c6a000 	/System/Library/Frameworks/DiskArbitration.framework/Versions/A/DiskArbitration
0x0000000001c6a000 	/usr/lib/liblangid.dylib
0x0000000001c6a000 	/System/Library/PrivateFrameworks/MultitouchSupport.framework/Versions/A/MultitouchSupport
0x0000000001c6a000 	/System/Library/Frameworks/IOKit.framework/Versions/A/IOKit
0x0000000001c6a000 	/usr/lib/libDiagnosticMessagesClient.dylib
0x0000000001c6a000 	/System/Library/Frameworks/CoreServices.framework/Versions/A/CoreServices
0x0000000001c6a000 	/System/Library/PrivateFrameworks/PerformanceAnalysis.framework/Versions/A/PerformanceAnalysis
0x0000000001c6a000 	/System/Library/PrivateFrameworks/GenerationalStorage.framework/Versions/A/GenerationalStorage
0x0000000001c6a000 	/System/Library/Frameworks/OpenGL.framework/Versions/A/OpenGL
0x0000000001c6a000 	/System/Library/Frameworks/CoreText.framework/Versions/A/CoreText
0x0000000001c6a000 	/System/Library/Frameworks/ImageIO.framework/Versions/A/ImageIO
0x0000000001c6a000 	/System/Library/PrivateFrameworks/Backup.framework/Versions/A/Backup
0x0000000001c6a000 	/System/Library/Frameworks/CFNetwork.framework/Versions/A/CFNetwork
0x0000000001c6a000 	/System/Library/Frameworks/SystemConfiguration.framework/Versions/A/SystemConfiguration
0x0000000001c6a000 	/usr/lib/libCRFSuite.dylib
0x0000000001c6a000 	/System/Library/PrivateFrameworks/TCC.framework/Versions/A/TCC
0x0000000001c6a000 	/usr/lib/libc++.1.dylib
0x0000000001c6a000 	/usr/lib/libc++abi.dylib
0x0000000001c6a000 	/usr/lib/system/libcache.dylib
0x0000000001c6a000 	/usr/lib/system/libcommonCrypto.dylib
0x0000000001c6a000 	/usr/lib/system/libcompiler_rt.dylib
0x0000000001c6a000 	/usr/lib/system/libcopyfile.dylib
0x0000000001c6a000 	/usr/lib/system/libdispatch.dylib
0x0000000001c6a000 	/usr/lib/system/libdnsinfo.dylib
0x0000000001c6a000 	/usr/lib/system/libdyld.dylib
0x0000000001c6a000 	/usr/lib/system/libkeymgr.dylib
0x0000000001c6a000 	/usr/lib/system/liblaunch.dylib
0x0000000001c6a000 	/usr/lib/system/libmacho.dylib
0x0000000001c6a000 	/usr/lib/system/libquarantine.dylib
0x0000000001c6a000 	/usr/lib/system/libremovefile.dylib
0x0000000001c6a000 	/usr/lib/system/libsystem_blocks.dylib
0x0000000001c6a000 	/usr/lib/system/libsystem_c.dylib
0x0000000001c6a000 	/usr/lib/system/libsystem_dnssd.dylib
0x0000000001c6a000 	/usr/lib/system/libsystem_info.dylib
0x0000000001c6a000 	/usr/lib/system/libsystem_kernel.dylib
0x0000000001c6a000 	/usr/lib/system/libsystem_m.dylib
0x0000000001c6a000 	/usr/lib/system/libsystem_network.dylib
0x0000000001c6a000 	/usr/lib/system/libsystem_notify.dylib
0x0000000001c6a000 	/usr/lib/system/libsystem_sandbox.dylib
0x0000000001c6a000 	/usr/lib/system/libunc.dylib
0x0000000001c6a000 	/usr/lib/system/libunwind.dylib
0x0000000001c6a000 	/usr/lib/system/libxpc.dylib
0x0000000001c6a000 	/usr/lib/system/libcorecrypto.dylib
0x0000000001c6a000 	/usr/lib/libstdc++.6.dylib
0x0000000001c6a000 	/usr/lib/libbsm.0.dylib
0x0000000001c6a000 	/usr/lib/libsqlite3.dylib
0x0000000001c6a000 	/usr/lib/libxar.1.dylib
0x0000000001c6a000 	/usr/lib/libpam.2.dylib
0x0000000001c6a000 	/usr/lib/libOpenScriptingUtil.dylib
0x0000000001c6a000 	/usr/lib/libbz2.1.0.dylib
0x0000000001c6a000 	/System/Library/Frameworks/CoreServices.framework/Versions/A/Frameworks/CarbonCore.framework/Versions/A/CarbonCore
0x0000000001c6a000 	/System/Library/Frameworks/CoreServices.framework/Versions/A/Frameworks/Metadata.framework/Versions/A/Metadata
0x0000000001c6a000 	/System/Library/Frameworks/CoreServices.framework/Versions/A/Frameworks/OSServices.framework/Versions/A/OSServices
0x0000000001c6a000 	/System/Library/Frameworks/CoreServices.framework/Versions/A/Frameworks/SearchKit.framework/Versions/A/SearchKit
0x0000000001c6a000 	/System/Library/Frameworks/CoreServices.framework/Versions/A/Frameworks/AE.framework/Versions/A/AE
0x0000000001c6a000 	/System/Library/Frameworks/CoreServices.framework/Versions/A/Frameworks/LaunchServices.framework/Versions/A/LaunchServices
0x0000000001c6a000 	/System/Library/Frameworks/CoreServices.framework/Versions/A/Frameworks/DictionaryServices.framework/Versions/A/DictionaryServices
0x0000000001c6a000 	/System/Library/Frameworks/NetFS.framework/Versions/A/NetFS
0x0000000001c6a000 	/usr/lib/system/libkxld.dylib
0x0000000001c6a000 	/System/Library/PrivateFrameworks/NetAuth.framework/Versions/A/NetAuth
0x0000000001c6a000 	/System/Library/Frameworks/OpenDirectory.framework/Versions/A/Frameworks/CFOpenDirectory.framework/Versions/A/CFOpenDirectory
0x0000000001c6a000 	/usr/lib/libxslt.1.dylib
0x0000000001c6a000 	/System/Library/PrivateFrameworks/FamilyControls.framework/Versions/A/FamilyControls
0x0000000001c6a000 	/System/Library/Frameworks/Carbon.framework/Versions/A/Frameworks/Ink.framework/Versions/A/Ink
0x0000000001c6a000 	/System/Library/Frameworks/ApplicationServices.framework/Versions/A/Frameworks/CoreGraphics.framework/Versions/A/CoreGraphics
0x0000000001c6a000 	/System/Library/Frameworks/ApplicationServices.framework/Versions/A/Frameworks/ATS.framework/Versions/A/ATS
0x0000000001c6a000 	/System/Library/Frameworks/ApplicationServices.framework/Versions/A/Frameworks/ColorSync.framework/Versions/A/ColorSync
0x0000000001c6a000 	/System/Library/Frameworks/ApplicationServices.framework/Versions/A/Frameworks/HIServices.framework/Versions/A/HIServices
0x0000000001c6a000 	/System/Library/Frameworks/ApplicationServices.framework/Versions/A/Frameworks/LangAnalysis.framework/Versions/A/LangAnalysis
0x0000000001c6a000 	/System/Library/Frameworks/ApplicationServices.framework/Versions/A/Frameworks/PrintCore.framework/Versions/A/PrintCore
0x0000000001c6a000 	/System/Library/Frameworks/ApplicationServices.framework/Versions/A/Frameworks/QD.framework/Versions/A/QD
0x0000000001c6a000 	/System/Library/Frameworks/ApplicationServices.framework/Versions/A/Frameworks/SpeechSynthesis.framework/Versions/A/SpeechSynthesis
0x0000000001c6a000 	/System/Library/Frameworks/IOSurface.framework/Versions/A/IOSurface
0x0000000001c6a000 	/System/Library/Frameworks/Accelerate.framework/Versions/A/Accelerate
0x0000000001c6a000 	/System/Library/Frameworks/ApplicationServices.framework/Versions/A/Frameworks/ATS.framework/Versions/A/Resources/libFontParser.dylib
0x0000000001c6a000 	/System/Library/Frameworks/ApplicationServices.framework/Versions/A/Frameworks/ATS.framework/Versions/A/Resources/libFontRegistry.dylib
0x0000000001c6a000 	/System/Library/Frameworks/Accelerate.framework/Versions/A/Frameworks/vImage.framework/Versions/A/vImage
0x0000000001c6a000 	/System/Library/Frameworks/Accelerate.framework/Versions/A/Frameworks/vecLib.framework/Versions/A/vecLib
0x0000000001c6a000 	/System/Library/Frameworks/Accelerate.framework/Versions/A/Frameworks/vecLib.framework/Versions/A/libvDSP.dylib
0x0000000001c6a000 	/System/Library/Frameworks/Accelerate.framework/Versions/A/Frameworks/vecLib.framework/Versions/A/libvMisc.dylib
0x0000000001c6a000 	/System/Library/Frameworks/Accelerate.framework/Versions/A/Frameworks/vecLib.framework/Versions/A/libLAPACK.dylib
0x0000000001c6a000 	/System/Library/Frameworks/Accelerate.framework/Versions/A/Frameworks/vecLib.framework/Versions/A/libBLAS.dylib
0x0000000001c6a000 	/System/Library/Frameworks/ImageIO.framework/Versions/A/Resources/libJPEG.dylib
0x0000000001c6a000 	/System/Library/Frameworks/ImageIO.framework/Versions/A/Resources/libTIFF.dylib
0x0000000001c6a000 	/System/Library/Frameworks/ImageIO.framework/Versions/A/Resources/libPng.dylib
0x0000000001c6a000 	/System/Library/Frameworks/ImageIO.framework/Versions/A/Resources/libGIF.dylib
0x0000000001c6a000 	/System/Library/Frameworks/ImageIO.framework/Versions/A/Resources/libJP2.dylib
0x0000000001c6a000 	/System/Library/Frameworks/ImageIO.framework/Versions/A/Resources/libRadiance.dylib
0x0000000001c6a000 	/usr/lib/libcups.2.dylib
0x0000000001c6a000 	/System/Library/Frameworks/Kerberos.framework/Versions/A/Kerberos
0x0000000001c6a000 	/System/Library/Frameworks/GSS.framework/Versions/A/GSS
0x0000000001c6a000 	/usr/lib/libresolv.9.dylib
0x0000000001c6a000 	/usr/lib/libiconv.2.dylib
0x0000000001c6a000 	/System/Library/PrivateFrameworks/Heimdal.framework/Versions/A/Heimdal
0x0000000001c6a000 	/System/Library/PrivateFrameworks/TrustEvaluationAgent.framework/Versions/A/TrustEvaluationAgent
0x0000000001c6a000 	/System/Library/Frameworks/OpenDirectory.framework/Versions/A/OpenDirectory
0x0000000001c6a000 	/System/Library/PrivateFrameworks/CommonAuth.framework/Versions/A/CommonAuth
0x0000000001c6a000 	/System/Library/PrivateFrameworks/Bom.framework/Versions/A/Bom
0x0000000001c6a000 	/System/Library/Frameworks/CoreVideo.framework/Versions/A/CoreVideo
0x0000000001c6a000 	/System/Library/Frameworks/QuartzCore.framework/Versions/A/Frameworks/CoreImage.framework/Versions/A/CoreImage
0x0000000001c6a000 	/System/Library/Frameworks/QuartzCore.framework/Versions/A/Frameworks/ScalableUserInterface.framework/Versions/A/ScalableUserInterface
0x0000000001c6a000 	/System/Library/Frameworks/OpenGL.framework/Versions/A/Libraries/libGLU.dylib
0x0000000001c6a000 	/System/Library/Frameworks/OpenGL.framework/Versions/A/Libraries/libGFXShared.dylib
0x0000000001c6a000 	/System/Library/Frameworks/OpenGL.framework/Versions/A/Libraries/libGL.dylib
0x0000000001c6a000 	/System/Library/Frameworks/OpenGL.framework/Versions/A/Libraries/libGLImage.dylib
0x0000000001c6a000 	/System/Library/Frameworks/OpenGL.framework/Versions/A/Libraries/libCVMSPluginSupport.dylib
0x0000000001c6a000 	/System/Library/Frameworks/OpenGL.framework/Versions/A/Libraries/libCoreVMClient.dylib
0x0000000001c6a000 	/System/Library/PrivateFrameworks/CrashReporterSupport.framework/Versions/A/CrashReporterSupport
0x0000000001c6a000 	/System/Library/Frameworks/OpenCL.framework/Versions/A/OpenCL
0x0000000001c6a000 	/System/Library/PrivateFrameworks/FaceCoreLight.framework/Versions/A/FaceCoreLight
0x0000000001c6a000 	/System/Library/PrivateFrameworks/AppleFSCompression.framework/Versions/A/AppleFSCompression
0x0000000001c6a000 	/System/Library/PrivateFrameworks/Ubiquity.framework/Versions/A/Ubiquity
0x0000000001c6a000 	/System/Library/Frameworks/ServiceManagement.framework/Versions/A/ServiceManagement
0x0000000001c6a000 	/System/Library/PrivateFrameworks/ChunkingLibrary.framework/Versions/A/ChunkingLibrary
0x0000000001c6a000 	/System/Library/Frameworks/vecLib.framework/Versions/A/vecLib
0x0000000001c6a000 	/System/Library/Frameworks/SecurityFoundation.framework/Versions/A/SecurityFoundation
0x0000000001c6a000 	/System/Library/PrivateFrameworks/CommerceKit.framework/Versions/A/Frameworks/CommerceCore.framework/Versions/A/CommerceCore
0x0000000001c6a000 	/System/Library/PrivateFrameworks/CoreSymbolication.framework/Versions/A/CoreSymbolication
0x0000000001c6a000 	/System/Library/PrivateFrameworks/Symbolication.framework/Versions/A/Symbolication
0x0000000001c6a000 	/System/Library/PrivateFrameworks/DebugSymbols.framework/Versions/A/DebugSymbols
0x0000000101ff3000 	/Library/Java/JavaVirtualMachines/jdk1.7.0_75.jdk/Contents/Home/jre/lib/server/libjvm.dylib
0x0000000102b57000 	/Library/Java/JavaVirtualMachines/jdk1.7.0_75.jdk/Contents/Home/jre/lib/libverify.dylib
0x0000000102b64000 	/Library/Java/JavaVirtualMachines/jdk1.7.0_75.jdk/Contents/Home/jre/lib/libjava.dylib
0x0000000102c21000 	/Library/Java/JavaVirtualMachines/jdk1.7.0_75.jdk/Contents/Home/jre/lib/libzip.dylib
0x000000014f1af000 	/System/Library/Frameworks/JavaVM.framework/Frameworks/JavaRuntimeSupport.framework/JavaRuntimeSupport
0x000000014f1c7000 	/System/Library/Frameworks/JavaVM.framework/Versions/A/Frameworks/JavaNativeFoundation.framework/Versions/A/JavaNativeFoundation
0x000000014f1dc000 	/System/Library/Frameworks/JavaVM.framework/Versions/A/JavaVM
0x0000000001c6a000 	/System/Library/Frameworks/Carbon.framework/Versions/A/Carbon
0x000000014f1e9000 	/System/Library/PrivateFrameworks/JavaLaunching.framework/Versions/A/JavaLaunching
0x0000000001c6a000 	/System/Library/Frameworks/Carbon.framework/Versions/A/Frameworks/CommonPanels.framework/Versions/A/CommonPanels
0x0000000001c6a000 	/System/Library/Frameworks/Carbon.framework/Versions/A/Frameworks/Help.framework/Versions/A/Help
0x0000000001c6a000 	/System/Library/Frameworks/Carbon.framework/Versions/A/Frameworks/ImageCapture.framework/Versions/A/ImageCapture
0x0000000001c6a000 	/System/Library/Frameworks/Carbon.framework/Versions/A/Frameworks/OpenScripting.framework/Versions/A/OpenScripting
0x0000000001c6a000 	/System/Library/Frameworks/Carbon.framework/Versions/A/Frameworks/Print.framework/Versions/A/Print
0x0000000001c6a000 	/System/Library/Frameworks/Carbon.framework/Versions/A/Frameworks/SecurityHI.framework/Versions/A/SecurityHI
0x000000014f878000 	/Library/Java/JavaVirtualMachines/jdk1.7.0_75.jdk/Contents/Home/jre/lib/libawt.dylib
0x000000014f927000 	/Library/Java/JavaVirtualMachines/jdk1.7.0_75.jdk/Contents/Home/jre/lib/./libmlib_image.dylib
0x000000014f9f3000 	/Library/Java/JavaVirtualMachines/jdk1.7.0_75.jdk/Contents/Home/jre/lib/lwawt/liblwawt.dylib
0x000000014faa7000 	/Library/Java/JavaVirtualMachines/jdk1.7.0_75.jdk/Contents/Home/jre/lib/libosxapp.dylib
0x000000014fac3000 	/System/Library/Frameworks/ExceptionHandling.framework/Versions/A/ExceptionHandling
0x0000000001c6a000 	/System/Library/PrivateFrameworks/CoreServicesInternal.framework/Versions/A/CoreServicesInternal
0x0000000001c6a000 	/System/Library/PrivateFrameworks/Librarian.framework/Versions/A/Librarian
0x0000000001c6a000 	/System/Library/Frameworks/ApplicationServices.framework/Versions/A/Frameworks/CoreGraphics.framework/Versions/A/Resources/libCSync.A.dylib
0x0000000001c6a000 	/System/Library/Frameworks/ApplicationServices.framework/Versions/A/Frameworks/CoreGraphics.framework/Versions/A/Resources/libRIP.A.dylib
0x0000000001c6a000 	/System/Library/Frameworks/ApplicationServices.framework/Versions/A/Frameworks/CoreGraphics.framework/Versions/A/Resources/libCGXType.A.dylib
0x0000000153607000 	/Library/Java/JavaVirtualMachines/jdk1.7.0_75.jdk/Contents/Home/jre/lib/libfontmanager.dylib
0x0000000150fb2000 	/Library/Java/JavaVirtualMachines/jdk1.7.0_75.jdk/Contents/Home/jre/lib/libosxui.dylib
0x0000000153771000 	/System/Library/Frameworks/OpenGL.framework/Resources/GLEngine.bundle/GLEngine
0x0000000153966000 	/System/Library/Frameworks/OpenGL.framework/Versions/A/Libraries/libGLProgrammability.dylib
0x0000000153b0e000 	/System/Library/Extensions/AppleIntelHD4000GraphicsGLDriver.bundle/Contents/MacOS/AppleIntelHD4000GraphicsGLDriver
0x0000000150fbc000 	/System/Library/PrivateFrameworks/IOAccelerator.framework/Versions/A/IOAccelerator
0x0000000150fc9000 	/System/Library/PrivateFrameworks/GPUSupport.framework/Versions/A/Libraries/libGPUSupportMercury.dylib
0x0000000151d7b000 	/System/Library/Frameworks/OpenGL.framework/Resources//GLRendererFloat.bundle/GLRendererFloat
0x0000000150fe0000 	/System/Library/Frameworks/OpenCL.framework/Versions/A/Libraries/libcldcpuengine.dylib
0x0000000001c6a000 	/System/Library/PrivateFrameworks/DiskImages.framework/Versions/A/DiskImages
0x0000000001c6a000 	/System/Library/Frameworks/DiscRecording.framework/Versions/A/DiscRecording
0x0000000001c6a000 	/usr/lib/libcurl.4.dylib
0x0000000001c6a000 	/System/Library/PrivateFrameworks/MediaKit.framework/Versions/A/MediaKit
0x0000000001c6a000 	/usr/lib/libssl.0.9.8.dylib
0x0000000001c6a000 	/usr/lib/libcrypto.0.9.8.dylib
0x0000000001c6a000 	/System/Library/Frameworks/LDAP.framework/Versions/A/LDAP
0x0000000001c6a000 	/usr/lib/libsasl2.2.dylib
0x0000000155290000 	/Library/Java/JavaVirtualMachines/jdk1.7.0_75.jdk/Contents/Home/jre/lib/libnet.dylib
0x00000001552ee000 	/Library/Java/JavaVirtualMachines/jdk1.7.0_75.jdk/Contents/Home/jre/lib/libnio.dylib
0x0000000159c8c000 	/Library/Java/JavaVirtualMachines/jdk1.7.0_75.jdk/Contents/Home/jre/lib/libdcpr.dylib
0x000000015a090000 	/Library/Java/JavaVirtualMachines/jdk1.7.0_75.jdk/Contents/Home/jre/lib/libsunec.dylib
0x000000015b2ac000 	/Library/Java/Extensions/librxtxSerial.jnilib

VM Arguments:
jvm_args: -Dfile.encoding=UTF-8 
java_command: jcan2.BeMapEditor
Launcher Type: SUN_STANDARD

Environment Variables:
PATH=/usr/bin:/bin:/usr/sbin:/sbin
LD_LIBRARY_PATH=/Library/Java/JavaVirtualMachines/jdk1.7.0_75.jdk/Contents/Home/jre/lib/amd64:/Library/Java/JavaVirtualMachines/jdk1.7.0_75.jdk/Contents/Home/jre/lib/i386:
SHELL=/bin/bash
DISPLAY=/tmp/launch-cquWO8/org.macosforge.xquartz:0
DYLD_LIBRARY_PATH=/Applications/NetBeans/NetBeans 8.0.2.app/Contents/Resources/NetBeans/webcommon/bin:

Signal Handlers:
SIGSEGV: [libjvm.dylib+0x52d20d], sa_mask[0]=0xfffefeff, sa_flags=0x00000043
SIGBUS: [libjvm.dylib+0x52d20d], sa_mask[0]=0xfffefeff, sa_flags=0x00000042
SIGFPE: [libjvm.dylib+0x41ee7a], sa_mask[0]=0xfffefeff, sa_flags=0x00000042
SIGPIPE: [libjvm.dylib+0x41ee7a], sa_mask[0]=0xfffefeff, sa_flags=0x00000042
SIGXFSZ: [libjvm.dylib+0x41ee7a], sa_mask[0]=0xfffefeff, sa_flags=0x00000042
SIGILL: [libjvm.dylib+0x41ee7a], sa_mask[0]=0xfffefeff, sa_flags=0x00000042
SIGUSR1: SIG_DFL, sa_mask[0]=0x00000000, sa_flags=0x00000002
SIGUSR2: [libjvm.dylib+0x41e96c], sa_mask[0]=0x00000004, sa_flags=0x00000042
SIGHUP: [libjvm.dylib+0x41cbfd], sa_mask[0]=0xfffefeff, sa_flags=0x00000042
SIGINT: SIG_IGN, sa_mask[0]=0x00000000, sa_flags=0x00000000
SIGTERM: [libjvm.dylib+0x41cbfd], sa_mask[0]=0xfffefeff, sa_flags=0x00000042
SIGQUIT: [libjvm.dylib+0x41cbfd], sa_mask[0]=0xfffefeff, sa_flags=0x00000042


---------------  S Y S T E M  ---------------

OS:Bsduname:Darwin 12.6.0 Darwin Kernel Version 12.6.0: Wed Dec 17 19:11:40 PST 2014; root:xnu-2050.48.15~1/RELEASE_X86_64 x86_64
rlimit: STACK 8192k, CORE 0k, NPROC 709, NOFILE 10240, AS infinity
load average:0.91 1.06 0.75

CPU:total 4 (2 cores per cpu, 2 threads per core) family 6 model 58 stepping 9, cmov, cx8, fxsr, mmx, sse, sse2, sse3, ssse3, sse4.1, sse4.2, popcnt, avx, aes, erms, ht, tsc, tscinvbit, tscinv

Memory: 4k page, physical 4194304k(1048576k free)

/proc/meminfo:


vm_info: Java HotSpot(TM) 64-Bit Server VM (24.75-b04) for bsd-amd64 JRE (1.7.0_75-b13), built on Dec 18 2014 21:48:12 by "java_re" with gcc 4.2.1 (Based on Apple Inc. build 5658) (LLVM build 2336.11.00)

time: Thu Apr 16 10:31:51 2015
elapsed time: 289 seconds

