#
# A fatal error has been detected by the Java Runtime Environment:
#
#  SIGSEGV (0xb) at pc=0x00000001631cd12f, pid=666, tid=45059
#
# JRE version: Java(TM) SE Runtime Environment (7.0_75-b13) (build 1.7.0_75-b13)
# Java VM: Java HotSpot(TM) 64-Bit Server VM (24.75-b04 mixed mode bsd-amd64 compressed oops)
# Problematic frame:
# C  [librxtxSerial.jnilib+0x312f]  Java_gnu_io_RXTXPort_interruptEventLoop+0x6b
#
# Failed to write core dump. Core dumps have been disabled. To enable core dumping, try "ulimit -c unlimited" before starting Java again
#
# If you would like to submit a bug report, please visit:
#   http://bugreport.sun.com/bugreport/crash.jsp
# The crash happened outside the Java Virtual Machine in native code.
# See problematic frame for where to report the bug.
#

---------------  T H R E A D  ---------------

Current thread (0x00007fbdc3159000):  JavaThread "AWT-EventQueue-0" [_thread_in_native, id=45059, stack(0x000000015d298000,0x000000015d398000)]

siginfo:si_signo=SIGSEGV: si_errno=0, si_code=1 (SEGV_MAPERR), si_addr=0x000000016331c948

Registers:
RAX=0x0000000000000000, RBX=0x000000016331c7e0, RCX=0x00000000ffffffff, RDX=0xffffffffffffffff
RSP=0x000000015d395550, RBP=0x000000015d395560, RSI=0x0000000000000000, RDI=0x000000000000003c
R8 =0x0000000000000000, R9 =0x0000000002faf080, R10=0x0000000000000001, R11=0x00007fff73c1d250
R12=0x000000000000002d, R13=0x000000010f0e70a8, R14=0x000000015d3955d8, R15=0x00007fbdc3159000
RIP=0x00000001631cd12f, EFLAGS=0x0000000000010202, ERR=0x0000000000000004
  TRAPNO=0x000000000000000e

Top of Stack: (sp=0x000000015d395550)
0x000000015d395550:   000000010f0e70a8 0000000000000000
0x000000015d395560:   000000015d3955b8 000000010ae49758
0x000000015d395570:   000000010ae54443 000000015d395578
0x000000015d395580:   000000010f0e70a8 000000015d3955d8
0x000000015d395590:   000000010f113400 0000000000000000
0x000000015d3955a0:   000000010f0e70a8 0000000000000000
0x000000015d3955b0:   000000015d3955d8 000000015d395620
0x000000015d3955c0:   000000010ae3d058 0000000000000000
0x000000015d3955d0:   000000010ae45cd8 000000013e57e668
0x000000015d3955e0:   000000015d3955e0 000000010f0e762f
0x000000015d3955f0:   000000015d395638 000000010f113400
0x000000015d395600:   0000000000000000 000000010f0e7698
0x000000015d395610:   000000015d3955d8 000000015d395638
0x000000015d395620:   000000015d395680 000000010ae3d058
0x000000015d395630:   0000000000000000 000000013e57e668
0x000000015d395640:   000000015d395640 000000010e7fd73a
0x000000015d395650:   000000015d395690 000000010e7fee20
0x000000015d395660:   0000000000000000 000000010e7fd770
0x000000015d395670:   000000015d395638 000000015d395690
0x000000015d395680:   000000015d3956d8 000000010ae3d058
0x000000015d395690:   00000001136e3a20 000000015d395698
0x000000015d3956a0:   000000010e73455c 000000015d3956f8
0x000000015d3956b0:   000000010e7866d8 0000000000000000
0x000000015d3956c0:   000000010e7345b0 000000015d395690
0x000000015d3956d0:   000000015d3956f0 000000015d395740
0x000000015d3956e0:   000000010ae3d058 0000000000000000
0x000000015d3956f0:   000000013e5c9978 000000013ff9ec40
0x000000015d395700:   000000015d395700 000000010e735cc2
0x000000015d395710:   000000015d395758 000000010e7866d8
0x000000015d395720:   0000000000000000 000000010e735ce8
0x000000015d395730:   000000015d3956f0 000000015d395750
0x000000015d395740:   000000015d3957a0 000000010ae3d058 

Instructions: (pc=0x00000001631cd12f)
0x00000001631cd10f:   00 01 00 00 00 48 8b bb 78 01 00 00 be 06 00 00
0x00000001631cd11f:   00 e8 4d 27 00 00 bf 50 c3 00 00 e8 c7 27 00 00
0x00000001631cd12f:   83 bb 68 01 00 00 01 74 16 48 8b bb 78 01 00 00
0x00000001631cd13f:   e8 16 27 00 00 c7 83 68 01 00 00 01 00 00 00 5b 

Register to memory mapping:

RAX=0x0000000000000000 is an unknown value
RBX=0x000000016331c7e0 is an unknown value
RCX=0x00000000ffffffff is an unknown value
RDX=0xffffffffffffffff is an unknown value
RSP=0x000000015d395550 is pointing into the stack for thread: 0x00007fbdc3159000
RBP=0x000000015d395560 is pointing into the stack for thread: 0x00007fbdc3159000
RSI=0x0000000000000000 is an unknown value
RDI=0x000000000000003c is an unknown value
R8 =0x0000000000000000 is an unknown value
R9 =0x0000000002faf080 is an unknown value
R10=0x0000000000000001 is an unknown value
R11=0x00007fff73c1d250: errno+0 in /usr/lib/system/libsystem_kernel.dylib at 0x00007fff8adfa000
R12=0x000000000000002d is an unknown value
R13=0x000000010f0e70a8 is an oop
{method} 
 - klass: {other class}
R14=0x000000015d3955d8 is pointing into the stack for thread: 0x00007fbdc3159000
R15=0x00007fbdc3159000 is a thread


Stack: [0x000000015d298000,0x000000015d398000],  sp=0x000000015d395550,  free space=1013k
Native frames: (J=compiled Java code, j=interpreted, Vv=VM code, C=native code)
C  [librxtxSerial.jnilib+0x312f]  Java_gnu_io_RXTXPort_interruptEventLoop+0x6b
j  gnu.io.RXTXPort.interruptEventLoop()V+0
j  gnu.io.RXTXPort.removeEventListener()V+55
j  jcan2.Serial.disconnect()V+26
j  jcan2.MainWindow.disconnectButtonActionPerformed(Ljava/awt/event/ActionEvent;)V+4
j  jcan2.MainWindow.access$2000(Ljcan2/MainWindow;Ljava/awt/event/ActionEvent;)V+2
j  jcan2.MainWindow$20.actionPerformed(Ljava/awt/event/ActionEvent;)V+5
j  javax.swing.AbstractButton.fireActionPerformed(Ljava/awt/event/ActionEvent;)V+84
j  javax.swing.AbstractButton$Handler.actionPerformed(Ljava/awt/event/ActionEvent;)V+5
j  javax.swing.DefaultButtonModel.fireActionPerformed(Ljava/awt/event/ActionEvent;)V+35
j  javax.swing.DefaultButtonModel.setPressed(Z)V+117
j  javax.swing.plaf.basic.BasicButtonListener.mouseReleased(Ljava/awt/event/MouseEvent;)V+35
j  java.awt.Component.processMouseEvent(Ljava/awt/event/MouseEvent;)V+64
j  javax.swing.JComponent.processMouseEvent(Ljava/awt/event/MouseEvent;)V+23
j  java.awt.Component.processEvent(Ljava/awt/AWTEvent;)V+81
j  java.awt.Container.processEvent(Ljava/awt/AWTEvent;)V+18
j  java.awt.Component.dispatchEventImpl(Ljava/awt/AWTEvent;)V+581
j  java.awt.Container.dispatchEventImpl(Ljava/awt/AWTEvent;)V+42
j  java.awt.Component.dispatchEvent(Ljava/awt/AWTEvent;)V+2
j  java.awt.LightweightDispatcher.retargetMouseEvent(Ljava/awt/Component;ILjava/awt/event/MouseEvent;)V+327
j  java.awt.LightweightDispatcher.processMouseEvent(Ljava/awt/event/MouseEvent;)Z+139
j  java.awt.LightweightDispatcher.dispatchEvent(Ljava/awt/AWTEvent;)Z+50
j  java.awt.Container.dispatchEventImpl(Ljava/awt/AWTEvent;)V+12
j  java.awt.Window.dispatchEventImpl(Ljava/awt/AWTEvent;)V+19
j  java.awt.Component.dispatchEvent(Ljava/awt/AWTEvent;)V+2
j  java.awt.EventQueue.dispatchEventImpl(Ljava/awt/AWTEvent;Ljava/lang/Object;)V+41
j  java.awt.EventQueue.access$300(Ljava/awt/EventQueue;Ljava/awt/AWTEvent;Ljava/lang/Object;)V+3
j  java.awt.EventQueue$3.run()Ljava/lang/Void;+12
j  java.awt.EventQueue$3.run()Ljava/lang/Object;+1
v  ~StubRoutines::call_stub
V  [libjvm.dylib+0x2dbb58]  JavaCalls::call_helper(JavaValue*, methodHandle*, JavaCallArguments*, Thread*)+0x22a
V  [libjvm.dylib+0x2db928]  JavaCalls::call(JavaValue*, methodHandle, JavaCallArguments*, Thread*)+0x28
V  [libjvm.dylib+0x32f100]  JVM_DoPrivileged+0x411
j  java.security.AccessController.doPrivileged(Ljava/security/PrivilegedAction;Ljava/security/AccessControlContext;)Ljava/lang/Object;+0
j  java.security.ProtectionDomain$1.doIntersectionPrivilege(Ljava/security/PrivilegedAction;Ljava/security/AccessControlContext;Ljava/security/AccessControlContext;)Ljava/lang/Object;+28
j  java.security.ProtectionDomain$1.doIntersectionPrivilege(Ljava/security/PrivilegedAction;Ljava/security/AccessControlContext;)Ljava/lang/Object;+6
j  java.awt.EventQueue$4.run()Ljava/lang/Void;+11
j  java.awt.EventQueue$4.run()Ljava/lang/Object;+1
v  ~StubRoutines::call_stub
V  [libjvm.dylib+0x2dbb58]  JavaCalls::call_helper(JavaValue*, methodHandle*, JavaCallArguments*, Thread*)+0x22a
V  [libjvm.dylib+0x2db928]  JavaCalls::call(JavaValue*, methodHandle, JavaCallArguments*, Thread*)+0x28
V  [libjvm.dylib+0x32f100]  JVM_DoPrivileged+0x411
j  java.security.AccessController.doPrivileged(Ljava/security/PrivilegedAction;Ljava/security/AccessControlContext;)Ljava/lang/Object;+0
j  java.security.ProtectionDomain$1.doIntersectionPrivilege(Ljava/security/PrivilegedAction;Ljava/security/AccessControlContext;Ljava/security/AccessControlContext;)Ljava/lang/Object;+28
j  java.awt.EventQueue.dispatchEvent(Ljava/awt/AWTEvent;)V+73
j  java.awt.EventDispatchThread.pumpOneEventForFilters(I)V+245
j  java.awt.EventDispatchThread.pumpEventsForFilter(ILjava/awt/Conditional;Ljava/awt/EventFilter;)V+35
j  java.awt.EventDispatchThread.pumpEventsForHierarchy(ILjava/awt/Conditional;Ljava/awt/Component;)V+11
j  java.awt.EventDispatchThread.pumpEvents(ILjava/awt/Conditional;)V+4
j  java.awt.EventDispatchThread.pumpEvents(Ljava/awt/Conditional;)V+3
j  java.awt.EventDispatchThread.run()V+9
v  ~StubRoutines::call_stub
V  [libjvm.dylib+0x2dbb58]  JavaCalls::call_helper(JavaValue*, methodHandle*, JavaCallArguments*, Thread*)+0x22a
V  [libjvm.dylib+0x2dc06f]  JavaCalls::call_virtual(JavaValue*, KlassHandle, Symbol*, Symbol*, JavaCallArguments*, Thread*)+0x11b
V  [libjvm.dylib+0x2dc1ac]  JavaCalls::call_virtual(JavaValue*, Handle, KlassHandle, Symbol*, Symbol*, Thread*)+0x4a
V  [libjvm.dylib+0x32b082]  thread_entry(JavaThread*, Thread*)+0xad
V  [libjvm.dylib+0x4f6cb9]  JavaThread::thread_main_inner()+0x9b
V  [libjvm.dylib+0x4f83c1]  JavaThread::run()+0x1a3
V  [libjvm.dylib+0x421762]  java_start(Thread*)+0x126
C  [libsystem_c.dylib+0x14772]  _pthread_start+0x147
C  [libsystem_c.dylib+0x11a1]  thread_start+0xd

Java frames: (J=compiled Java code, j=interpreted, Vv=VM code)
j  gnu.io.RXTXPort.interruptEventLoop()V+0
j  gnu.io.RXTXPort.removeEventListener()V+55
j  jcan2.Serial.disconnect()V+26
j  jcan2.MainWindow.disconnectButtonActionPerformed(Ljava/awt/event/ActionEvent;)V+4
j  jcan2.MainWindow.access$2000(Ljcan2/MainWindow;Ljava/awt/event/ActionEvent;)V+2
j  jcan2.MainWindow$20.actionPerformed(Ljava/awt/event/ActionEvent;)V+5
j  javax.swing.AbstractButton.fireActionPerformed(Ljava/awt/event/ActionEvent;)V+84
j  javax.swing.AbstractButton$Handler.actionPerformed(Ljava/awt/event/ActionEvent;)V+5
j  javax.swing.DefaultButtonModel.fireActionPerformed(Ljava/awt/event/ActionEvent;)V+35
j  javax.swing.DefaultButtonModel.setPressed(Z)V+117
j  javax.swing.plaf.basic.BasicButtonListener.mouseReleased(Ljava/awt/event/MouseEvent;)V+35
j  java.awt.Component.processMouseEvent(Ljava/awt/event/MouseEvent;)V+64
j  javax.swing.JComponent.processMouseEvent(Ljava/awt/event/MouseEvent;)V+23
j  java.awt.Component.processEvent(Ljava/awt/AWTEvent;)V+81
j  java.awt.Container.processEvent(Ljava/awt/AWTEvent;)V+18
j  java.awt.Component.dispatchEventImpl(Ljava/awt/AWTEvent;)V+581
j  java.awt.Container.dispatchEventImpl(Ljava/awt/AWTEvent;)V+42
j  java.awt.Component.dispatchEvent(Ljava/awt/AWTEvent;)V+2
j  java.awt.LightweightDispatcher.retargetMouseEvent(Ljava/awt/Component;ILjava/awt/event/MouseEvent;)V+327
j  java.awt.LightweightDispatcher.processMouseEvent(Ljava/awt/event/MouseEvent;)Z+139
j  java.awt.LightweightDispatcher.dispatchEvent(Ljava/awt/AWTEvent;)Z+50
j  java.awt.Container.dispatchEventImpl(Ljava/awt/AWTEvent;)V+12
j  java.awt.Window.dispatchEventImpl(Ljava/awt/AWTEvent;)V+19
j  java.awt.Component.dispatchEvent(Ljava/awt/AWTEvent;)V+2
j  java.awt.EventQueue.dispatchEventImpl(Ljava/awt/AWTEvent;Ljava/lang/Object;)V+41
j  java.awt.EventQueue.access$300(Ljava/awt/EventQueue;Ljava/awt/AWTEvent;Ljava/lang/Object;)V+3
j  java.awt.EventQueue$3.run()Ljava/lang/Void;+12
j  java.awt.EventQueue$3.run()Ljava/lang/Object;+1
v  ~StubRoutines::call_stub
j  java.security.AccessController.doPrivileged(Ljava/security/PrivilegedAction;Ljava/security/AccessControlContext;)Ljava/lang/Object;+0
j  java.security.ProtectionDomain$1.doIntersectionPrivilege(Ljava/security/PrivilegedAction;Ljava/security/AccessControlContext;Ljava/security/AccessControlContext;)Ljava/lang/Object;+28
j  java.security.ProtectionDomain$1.doIntersectionPrivilege(Ljava/security/PrivilegedAction;Ljava/security/AccessControlContext;)Ljava/lang/Object;+6
j  java.awt.EventQueue$4.run()Ljava/lang/Void;+11
j  java.awt.EventQueue$4.run()Ljava/lang/Object;+1
v  ~StubRoutines::call_stub
j  java.security.AccessController.doPrivileged(Ljava/security/PrivilegedAction;Ljava/security/AccessControlContext;)Ljava/lang/Object;+0
j  java.security.ProtectionDomain$1.doIntersectionPrivilege(Ljava/security/PrivilegedAction;Ljava/security/AccessControlContext;Ljava/security/AccessControlContext;)Ljava/lang/Object;+28
j  java.awt.EventQueue.dispatchEvent(Ljava/awt/AWTEvent;)V+73
j  java.awt.EventDispatchThread.pumpOneEventForFilters(I)V+245
j  java.awt.EventDispatchThread.pumpEventsForFilter(ILjava/awt/Conditional;Ljava/awt/EventFilter;)V+35
j  java.awt.EventDispatchThread.pumpEventsForHierarchy(ILjava/awt/Conditional;Ljava/awt/Component;)V+11
j  java.awt.EventDispatchThread.pumpEvents(ILjava/awt/Conditional;)V+4
j  java.awt.EventDispatchThread.pumpEvents(Ljava/awt/Conditional;)V+3
j  java.awt.EventDispatchThread.run()V+9
v  ~StubRoutines::call_stub

---------------  P R O C E S S  ---------------

Java Threads: ( => current thread )
  0x00007fbdc2958800 JavaThread "OSMJobThread 8" daemon [_thread_blocked, id=55299, stack(0x0000000162a30000,0x0000000162b30000)]
  0x00007fbdc2958000 JavaThread "OSMJobThread 7" daemon [_thread_blocked, id=54787, stack(0x000000016292d000,0x0000000162a2d000)]
  0x00007fbdc2957000 JavaThread "OSMJobThread 6" daemon [_thread_blocked, id=54275, stack(0x000000016282a000,0x000000016292a000)]
  0x00007fbdc29bb800 JavaThread "OSMJobThread 5" daemon [_thread_blocked, id=53763, stack(0x0000000162727000,0x0000000162827000)]
  0x00007fbdc39b8000 JavaThread "OSMJobThread 4" daemon [_thread_blocked, id=53251, stack(0x0000000162624000,0x0000000162724000)]
  0x00007fbdc39e8000 JavaThread "OSMJobThread 3" daemon [_thread_blocked, id=52739, stack(0x0000000162521000,0x0000000162621000)]
  0x00007fbdc32e7800 JavaThread "OSMJobThread 2" daemon [_thread_blocked, id=52539, stack(0x00000001623de000,0x00000001624de000)]
  0x00007fbdc1966800 JavaThread "TimerQueue" daemon [_thread_blocked, id=47107, stack(0x000000015d79c000,0x000000015d89c000)]
  0x00007fbdc3133800 JavaThread "OSMJobThread 1" daemon [_thread_blocked, id=46091, stack(0x000000015d39b000,0x000000015d49b000)]
  0x00007fbdc3094000 JavaThread "DestroyJavaVM" [_thread_blocked, id=6403, stack(0x000000010ac62000,0x000000010ad62000)]
=>0x00007fbdc3159000 JavaThread "AWT-EventQueue-0" [_thread_in_native, id=45059, stack(0x000000015d298000,0x000000015d398000)]
  0x00007fbdc1908000 JavaThread "Java2D Disposer" daemon [_thread_blocked, id=43523, stack(0x000000015cf15000,0x000000015d015000)]
  0x00007fbdc189c800 JavaThread "Java2D Queue Flusher" daemon [_thread_blocked, id=39187, stack(0x000000015b8ff000,0x000000015b9ff000)]
  0x00007fbdc3041000 JavaThread "AWT-Shutdown" [_thread_blocked, id=29187, stack(0x0000000158fe4000,0x00000001590e4000)]
  0x00007fbdc287d000 JavaThread "AppKit Thread" daemon [_thread_in_native, id=3847, stack(0x00007fff5532d000,0x00007fff55b2d000)]
  0x00007fbdc183a000 JavaThread "Service Thread" daemon [_thread_blocked, id=23299, stack(0x000000015789d000,0x000000015799d000)]
  0x00007fbdc1839800 JavaThread "C2 CompilerThread1" daemon [_thread_blocked, id=22787, stack(0x000000015779a000,0x000000015789a000)]
  0x00007fbdc1838000 JavaThread "C2 CompilerThread0" daemon [_thread_blocked, id=22275, stack(0x0000000157697000,0x0000000157797000)]
  0x00007fbdc1832000 JavaThread "Signal Dispatcher" daemon [_thread_blocked, id=21763, stack(0x0000000157594000,0x0000000157694000)]
  0x00007fbdc303a800 JavaThread "Finalizer" daemon [_thread_blocked, id=16899, stack(0x00000001572c2000,0x00000001573c2000)]
  0x00007fbdc303a000 JavaThread "Reference Handler" daemon [_thread_blocked, id=16387, stack(0x00000001571bf000,0x00000001572bf000)]

Other Threads:
  0x00007fbdc3037800 VMThread [stack: 0x00000001570bc000,0x00000001571bc000] [id=15875]
  0x00007fbdc1833000 WatcherThread [stack: 0x00000001579a0000,0x0000000157aa0000] [id=23811]

VM state:not at safepoint (normal execution)

VM Mutex/Monitor currently owned by a thread: None

Heap
 PSYoungGen      total 36352K, used 12917K [0x000000013dc00000, 0x0000000140200000, 0x0000000153180000)
  eden space 33792K, 30% used [0x000000013dc00000,0x000000013e61f400,0x000000013fd00000)
  from space 2560K, 99% used [0x000000013ff80000,0x00000001401fe208,0x0000000140200000)
  to   space 2560K, 0% used [0x000000013fd00000,0x000000013fd00000,0x000000013ff80000)
 ParOldGen       total 43520K, used 10083K [0x0000000113180000, 0x0000000115c00000, 0x000000013dc00000)
  object space 43520K, 23% used [0x0000000113180000,0x0000000113b58d68,0x0000000115c00000)
 PSPermGen       total 21504K, used 18022K [0x000000010df80000, 0x000000010f480000, 0x0000000113180000)
  object space 21504K, 83% used [0x000000010df80000,0x000000010f119b30,0x000000010f480000)

Card table byte_map: [0x0000000153180000,0x00000001533aa000] byte_map_base: 0x0000000152910400

Polling page: 0x000000010ada1000

Code Cache  [0x000000010ae37000, 0x000000010b0a7000, 0x000000010de37000)
 total_blobs=798 nmethods=265 adapters=487 free_code_cache=47961Kb largest_free_block=49065856

Compilation events (10 events):
Event: 6.704 Thread 0x00007fbdc1839800  261             java.awt.Component::inside (30 bytes)
Event: 6.704 Thread 0x00007fbdc1839800 nmethod 261 0x000000010af62e50 code [0x000000010af62f80, 0x000000010af62ff8]
Event: 6.756 Thread 0x00007fbdc1838000  263             javax.swing.JComponent::contains (27 bytes)
Event: 6.757 Thread 0x00007fbdc1838000 nmethod 263 0x000000010af2ed90 code [0x000000010af2eec0, 0x000000010af2ef58]
Event: 11.607 Thread 0x00007fbdc1839800  265             java.awt.geom.RectangularShape::<init> (5 bytes)
Event: 11.607 Thread 0x00007fbdc1839800 nmethod 265 0x000000010af51bd0 code [0x000000010af51d00, 0x000000010af51d58]
Event: 28.157 Thread 0x00007fbdc1838000  266             javax.swing.plaf.nimbus.DerivedColor::getRGB (5 bytes)
Event: 28.158 Thread 0x00007fbdc1838000 nmethod 266 0x000000010af64090 code [0x000000010af641c0, 0x000000010af64218]
Event: 28.164 Thread 0x00007fbdc1839800  267             java.awt.Component::getWidth (5 bytes)
Event: 28.165 Thread 0x00007fbdc1839800 nmethod 267 0x000000010af63e90 code [0x000000010af63fc0, 0x000000010af64018]

GC Heap History (8 events):
Event: 1.448 GC heap before
{Heap before GC invocations=1 (full 0):
 PSYoungGen      total 19456K, used 16896K [0x000000013dc00000, 0x000000013f180000, 0x0000000153180000)
  eden space 16896K, 100% used [0x000000013dc00000,0x000000013ec80000,0x000000013ec80000)
  from space 2560K, 0% used [0x000000013ef00000,0x000000013ef00000,0x000000013f180000)
  to   space 2560K, 0% used [0x000000013ec80000,0x000000013ec80000,0x000000013ef00000)
 ParOldGen       total 43520K, used 0K [0x0000000113180000, 0x0000000115c00000, 0x000000013dc00000)
  object space 43520K, 0% used [0x0000000113180000,0x0000000113180000,0x0000000115c00000)
 PSPermGen       total 21504K, used 13712K [0x000000010df80000, 0x000000010f480000, 0x0000000113180000)
  object space 21504K, 63% used [0x000000010df80000,0x000000010ece4220,0x000000010f480000)
Event: 1.459 GC heap after
Heap after GC invocations=1 (full 0):
 PSYoungGen      total 19456K, used 2554K [0x000000013dc00000, 0x000000013f180000, 0x0000000153180000)
  eden space 16896K, 0% used [0x000000013dc00000,0x000000013dc00000,0x000000013ec80000)
  from space 2560K, 99% used [0x000000013ec80000,0x000000013eefea10,0x000000013ef00000)
  to   space 2560K, 0% used [0x000000013ef00000,0x000000013ef00000,0x000000013f180000)
 ParOldGen       total 43520K, used 4536K [0x0000000113180000, 0x0000000115c00000, 0x000000013dc00000)
  object space 43520K, 10% used [0x0000000113180000,0x00000001135ee190,0x0000000115c00000)
 PSPermGen       total 21504K, used 13712K [0x000000010df80000, 0x000000010f480000, 0x0000000113180000)
  object space 21504K, 63% used [0x000000010df80000,0x000000010ece4220,0x000000010f480000)
}
Event: 1.903 GC heap before
{Heap before GC invocations=2 (full 0):
 PSYoungGen      total 19456K, used 19450K [0x000000013dc00000, 0x000000013f180000, 0x0000000153180000)
  eden space 16896K, 100% used [0x000000013dc00000,0x000000013ec80000,0x000000013ec80000)
  from space 2560K, 99% used [0x000000013ec80000,0x000000013eefea10,0x000000013ef00000)
  to   space 2560K, 0% used [0x000000013ef00000,0x000000013ef00000,0x000000013f180000)
 ParOldGen       total 43520K, used 4536K [0x0000000113180000, 0x0000000115c00000, 0x000000013dc00000)
  object space 43520K, 10% used [0x0000000113180000,0x00000001135ee190,0x0000000115c00000)
 PSPermGen       total 21504K, used 16337K [0x000000010df80000, 0x000000010f480000, 0x0000000113180000)
  object space 21504K, 75% used [0x000000010df80000,0x000000010ef74648,0x000000010f480000)
Event: 1.915 GC heap after
Heap after GC invocations=2 (full 0):
 PSYoungGen      total 19456K, used 2552K [0x000000013dc00000, 0x0000000140200000, 0x0000000153180000)
  eden space 16896K, 0% used [0x000000013dc00000,0x000000013dc00000,0x000000013ec80000)
  from space 2560K, 99% used [0x000000013ef00000,0x000000013f17e208,0x000000013f180000)
  to   space 2560K, 0% used [0x000000013ec80000,0x000000013ec80000,0x000000013ef00000)
 ParOldGen       total 43520K, used 6757K [0x0000000113180000, 0x0000000115c00000, 0x000000013dc00000)
  object space 43520K, 15% used [0x0000000113180000,0x0000000113819760,0x0000000115c00000)
 PSPermGen       total 21504K, used 16337K [0x000000010df80000, 0x000000010f480000, 0x0000000113180000)
  object space 21504K, 75% used [0x000000010df80000,0x000000010ef74648,0x000000010f480000)
}
Event: 2.349 GC heap before
{Heap before GC invocations=3 (full 0):
 PSYoungGen      total 19456K, used 19448K [0x000000013dc00000, 0x0000000140200000, 0x0000000153180000)
  eden space 16896K, 100% used [0x000000013dc00000,0x000000013ec80000,0x000000013ec80000)
  from space 2560K, 99% used [0x000000013ef00000,0x000000013f17e208,0x000000013f180000)
  to   space 2560K, 0% used [0x000000013ec80000,0x000000013ec80000,0x000000013ef00000)
 ParOldGen       total 43520K, used 6757K [0x0000000113180000, 0x0000000115c00000, 0x000000013dc00000)
  object space 43520K, 15% used [0x0000000113180000,0x0000000113819760,0x0000000115c00000)
 PSPermGen       total 21504K, used 17752K [0x000000010df80000, 0x000000010f480000, 0x0000000113180000)
  object space 21504K, 82% used [0x000000010df80000,0x000000010f0d6010,0x000000010f480000)
Event: 2.361 GC heap after
Heap after GC invocations=3 (full 0):
 PSYoungGen      total 19456K, used 2552K [0x000000013dc00000, 0x0000000140200000, 0x0000000153180000)
  eden space 16896K, 0% used [0x000000013dc00000,0x000000013dc00000,0x000000013ec80000)
  from space 2560K, 99% used [0x000000013ec80000,0x000000013eefe208,0x000000013ef00000)
  to   space 2560K, 0% used [0x000000013ff80000,0x000000013ff80000,0x0000000140200000)
 ParOldGen       total 43520K, used 9913K [0x0000000113180000, 0x0000000115c00000, 0x000000013dc00000)
  object space 43520K, 22% used [0x0000000113180000,0x0000000113b2e790,0x0000000115c00000)
 PSPermGen       total 21504K, used 17752K [0x000000010df80000, 0x000000010f480000, 0x0000000113180000)
  object space 21504K, 82% used [0x000000010df80000,0x000000010f0d6010,0x000000010f480000)
}
Event: 4.983 GC heap before
{Heap before GC invocations=4 (full 0):
 PSYoungGen      total 19456K, used 19448K [0x000000013dc00000, 0x0000000140200000, 0x0000000153180000)
  eden space 16896K, 100% used [0x000000013dc00000,0x000000013ec80000,0x000000013ec80000)
  from space 2560K, 99% used [0x000000013ec80000,0x000000013eefe208,0x000000013ef00000)
  to   space 2560K, 0% used [0x000000013ff80000,0x000000013ff80000,0x0000000140200000)
 ParOldGen       total 43520K, used 9913K [0x0000000113180000, 0x0000000115c00000, 0x000000013dc00000)
  object space 43520K, 22% used [0x0000000113180000,0x0000000113b2e790,0x0000000115c00000)
 PSPermGen       total 21504K, used 17952K [0x000000010df80000, 0x000000010f480000, 0x0000000113180000)
  object space 21504K, 83% used [0x000000010df80000,0x000000010f108048,0x000000010f480000)
Event: 4.990 GC heap after
Heap after GC invocations=4 (full 0):
 PSYoungGen      total 36352K, used 2552K [0x000000013dc00000, 0x0000000140200000, 0x0000000153180000)
  eden space 33792K, 0% used [0x000000013dc00000,0x000000013dc00000,0x000000013fd00000)
  from space 2560K, 99% used [0x000000013ff80000,0x00000001401fe208,0x0000000140200000)
  to   space 2560K, 0% used [0x000000013fd00000,0x000000013fd00000,0x000000013ff80000)
 ParOldGen       total 43520K, used 10083K [0x0000000113180000, 0x0000000115c00000, 0x000000013dc00000)
  object space 43520K, 23% used [0x0000000113180000,0x0000000113b58d68,0x0000000115c00000)
 PSPermGen       total 21504K, used 17952K [0x000000010df80000, 0x000000010f480000, 0x0000000113180000)
  object space 21504K, 83% used [0x000000010df80000,0x000000010f108048,0x000000010f480000)
}

Deoptimization events (10 events):
Event: 1.963 Thread 0x00007fbdc32e7800 Uncommon trap: reason=class_check action=maybe_recompile pc=0x000000010af164e4 method=java.util.HashMap.put(Ljava/lang/Object;Ljava/lang/Object;)Ljava/lang/Object; @ 83
Event: 2.096 Thread 0x00007fbdc3133800 Uncommon trap: reason=unreached action=reinterpret pc=0x000000010af260ac method=java.lang.Integer.parseInt(Ljava/lang/String;I)I @ 1
Event: 4.979 Thread 0x00007fbdc3159000 Uncommon trap: reason=class_check action=maybe_recompile pc=0x000000010aeaefd0 method=java.lang.String.equals(Ljava/lang/Object;)Z @ 8
Event: 4.979 Thread 0x00007fbdc3159000 Uncommon trap: reason=class_check action=maybe_recompile pc=0x000000010aeaefd0 method=java.lang.String.equals(Ljava/lang/Object;)Z @ 8
Event: 5.013 Thread 0x00007fbdc3159000 Uncommon trap: reason=class_check action=maybe_recompile pc=0x000000010af56f54 method=java.awt.geom.Path2D$Float.append(Ljava/awt/geom/PathIterator;Z)V @ 6
Event: 5.013 Thread 0x00007fbdc3159000 Uncommon trap: reason=class_check action=maybe_recompile pc=0x000000010af56f54 method=java.awt.geom.Path2D$Float.append(Ljava/awt/geom/PathIterator;Z)V @ 6
Event: 5.013 Thread 0x00007fbdc3159000 Uncommon trap: reason=unreached action=reinterpret pc=0x000000010af1a6fc method=sun.java2d.loops.ProcessPath$ActiveEdgeList.sort()V @ 135
Event: 5.013 Thread 0x00007fbdc3159000 Uncommon trap: reason=unreached action=reinterpret pc=0x000000010af13d58 method=sun.java2d.loops.ProcessPath$ActiveEdgeList.sort()V @ 135
Event: 5.027 Thread 0x00007fbdc3159000 Uncommon trap: reason=class_check action=maybe_recompile pc=0x000000010af56f54 method=java.awt.geom.Path2D$Float.append(Ljava/awt/geom/PathIterator;Z)V @ 6
Event: 5.027 Thread 0x00007fbdc3159000 Uncommon trap: reason=class_check action=maybe_recompile pc=0x000000010af56f54 method=java.awt.geom.Path2D$Float.append(Ljava/awt/geom/PathIterator;Z)V @ 6

Internal exceptions (10 events):
Event: 4.455 Thread 0x00007fbdc3159000 Threw 0x000000013ec436e0 at /HUDSON/workspace/7u-2-build-macosx-x86_64/jdk7u75/1940/hotspot/src/share/vm/prims/jni.cpp:717
Event: 4.456 Thread 0x00007fbdc3159000 Threw 0x000000013ec45cf0 at /HUDSON/workspace/7u-2-build-macosx-x86_64/jdk7u75/1940/hotspot/src/share/vm/prims/jni.cpp:717
Event: 4.458 Thread 0x00007fbdc3159000 Threw 0x000000013ec51040 at /HUDSON/workspace/7u-2-build-macosx-x86_64/jdk7u75/1940/hotspot/src/share/vm/prims/jni.cpp:717
Event: 4.458 Thread 0x00007fbdc3159000 Threw 0x000000013ec53520 at /HUDSON/workspace/7u-2-build-macosx-x86_64/jdk7u75/1940/hotspot/src/share/vm/prims/jni.cpp:717
Event: 4.459 Thread 0x00007fbdc3159000 Threw 0x000000013ec5b198 at /HUDSON/workspace/7u-2-build-macosx-x86_64/jdk7u75/1940/hotspot/src/share/vm/prims/jvm.cpp:1281
Event: 10.906 Thread 0x00007fbdc3159000 Threw 0x000000013e56bf08 at /HUDSON/workspace/7u-2-build-macosx-x86_64/jdk7u75/1940/hotspot/src/share/vm/prims/jvm.cpp:1281
Event: 10.906 Thread 0x00007fbdc3159000 Threw 0x000000013e5702d0 at /HUDSON/workspace/7u-2-build-macosx-x86_64/jdk7u75/1940/hotspot/src/share/vm/prims/jvm.cpp:1281
Event: 10.907 Thread 0x00007fbdc3159000 Threw 0x000000013e575290 at /HUDSON/workspace/7u-2-build-macosx-x86_64/jdk7u75/1940/hotspot/src/share/vm/prims/jvm.cpp:1281
Event: 10.907 Thread 0x00007fbdc3159000 Threw 0x000000013e579820 at /HUDSON/workspace/7u-2-build-macosx-x86_64/jdk7u75/1940/hotspot/src/share/vm/prims/jvm.cpp:1281
Event: 10.909 Thread 0x00007fbdc3159000 Threw 0x000000013e580028 at /HUDSON/workspace/7u-2-build-macosx-x86_64/jdk7u75/1940/hotspot/src/share/vm/prims/jvm.cpp:1281

Events (10 events):
Event: 10.907 loading class 0x00007fbdc4a072d0
Event: 10.907 loading class 0x00007fbdc4a072d0 done
Event: 10.907 loading class 0x00007fbdc1435bf0
Event: 10.907 loading class 0x00007fbdc1435bf0 done
Event: 10.909 loading class 0x00007fbdc4a07070
Event: 10.909 loading class 0x00007fbdc4a07070 done
Event: 10.909 Thread 0x00007fbdc1be1000 Thread added: 0x00007fbdc1be1000
Event: 28.168 Executing VM operation: RevokeBias
Event: 28.168 Executing VM operation: RevokeBias done
Event: 28.168 Thread 0x00007fbdc1be1000 Thread exited: 0x00007fbdc1be1000


Dynamic libraries:
0x00000000029d2000 	/System/Library/Frameworks/Cocoa.framework/Versions/A/Cocoa
0x00000000029d2000 	/System/Library/Frameworks/Security.framework/Versions/A/Security
0x00000000029d2000 	/System/Library/Frameworks/ApplicationServices.framework/Versions/A/ApplicationServices
0x00000000029d2000 	/usr/lib/libz.1.dylib
0x00000000029d2000 	/usr/lib/libSystem.B.dylib
0x00000000029d2000 	/usr/lib/libobjc.A.dylib
0x00000000029d2000 	/System/Library/Frameworks/CoreFoundation.framework/Versions/A/CoreFoundation
0x00000000029d2000 	/System/Library/Frameworks/Foundation.framework/Versions/C/Foundation
0x00000000029d2000 	/System/Library/Frameworks/AppKit.framework/Versions/C/AppKit
0x00000000029d2000 	/System/Library/Frameworks/CoreData.framework/Versions/A/CoreData
0x00000000029d2000 	/System/Library/PrivateFrameworks/RemoteViewServices.framework/Versions/A/RemoteViewServices
0x00000000029d2000 	/System/Library/Frameworks/AudioToolbox.framework/Versions/A/AudioToolbox
0x00000000029d2000 	/System/Library/Frameworks/AudioUnit.framework/Versions/A/AudioUnit
0x00000000029d2000 	/System/Library/PrivateFrameworks/DataDetectorsCore.framework/Versions/A/DataDetectorsCore
0x00000000029d2000 	/System/Library/PrivateFrameworks/DesktopServicesPriv.framework/Versions/A/DesktopServicesPriv
0x00000000029d2000 	/System/Library/Frameworks/Carbon.framework/Versions/A/Frameworks/HIToolbox.framework/Versions/A/HIToolbox
0x00000000029d2000 	/System/Library/Frameworks/QuartzCore.framework/Versions/A/QuartzCore
0x00000000029d2000 	/System/Library/Frameworks/Carbon.framework/Versions/A/Frameworks/SpeechRecognition.framework/Versions/A/SpeechRecognition
0x00000000029d2000 	/usr/lib/libauto.dylib
0x00000000029d2000 	/usr/lib/libicucore.A.dylib
0x00000000029d2000 	/usr/lib/libxml2.2.dylib
0x00000000029d2000 	/System/Library/PrivateFrameworks/CoreUI.framework/Versions/A/CoreUI
0x00000000029d2000 	/System/Library/Frameworks/CoreAudio.framework/Versions/A/CoreAudio
0x00000000029d2000 	/System/Library/Frameworks/DiskArbitration.framework/Versions/A/DiskArbitration
0x00000000029d2000 	/usr/lib/liblangid.dylib
0x00000000029d2000 	/System/Library/PrivateFrameworks/MultitouchSupport.framework/Versions/A/MultitouchSupport
0x00000000029d2000 	/System/Library/Frameworks/IOKit.framework/Versions/A/IOKit
0x00000000029d2000 	/usr/lib/libDiagnosticMessagesClient.dylib
0x00000000029d2000 	/System/Library/Frameworks/CoreServices.framework/Versions/A/CoreServices
0x00000000029d2000 	/System/Library/PrivateFrameworks/PerformanceAnalysis.framework/Versions/A/PerformanceAnalysis
0x00000000029d2000 	/System/Library/PrivateFrameworks/GenerationalStorage.framework/Versions/A/GenerationalStorage
0x00000000029d2000 	/System/Library/Frameworks/OpenGL.framework/Versions/A/OpenGL
0x00000000029d2000 	/System/Library/Frameworks/CoreText.framework/Versions/A/CoreText
0x00000000029d2000 	/System/Library/Frameworks/ImageIO.framework/Versions/A/ImageIO
0x00000000029d2000 	/System/Library/PrivateFrameworks/Backup.framework/Versions/A/Backup
0x00000000029d2000 	/System/Library/Frameworks/CFNetwork.framework/Versions/A/CFNetwork
0x00000000029d2000 	/System/Library/Frameworks/SystemConfiguration.framework/Versions/A/SystemConfiguration
0x00000000029d2000 	/usr/lib/libCRFSuite.dylib
0x00000000029d2000 	/System/Library/PrivateFrameworks/TCC.framework/Versions/A/TCC
0x00000000029d2000 	/usr/lib/libc++.1.dylib
0x00000000029d2000 	/usr/lib/libc++abi.dylib
0x00000000029d2000 	/usr/lib/system/libcache.dylib
0x00000000029d2000 	/usr/lib/system/libcommonCrypto.dylib
0x00000000029d2000 	/usr/lib/system/libcompiler_rt.dylib
0x00000000029d2000 	/usr/lib/system/libcopyfile.dylib
0x00000000029d2000 	/usr/lib/system/libdispatch.dylib
0x00000000029d2000 	/usr/lib/system/libdnsinfo.dylib
0x00000000029d2000 	/usr/lib/system/libdyld.dylib
0x00000000029d2000 	/usr/lib/system/libkeymgr.dylib
0x00000000029d2000 	/usr/lib/system/liblaunch.dylib
0x00000000029d2000 	/usr/lib/system/libmacho.dylib
0x00000000029d2000 	/usr/lib/system/libquarantine.dylib
0x00000000029d2000 	/usr/lib/system/libremovefile.dylib
0x00000000029d2000 	/usr/lib/system/libsystem_blocks.dylib
0x00000000029d2000 	/usr/lib/system/libsystem_c.dylib
0x00000000029d2000 	/usr/lib/system/libsystem_dnssd.dylib
0x00000000029d2000 	/usr/lib/system/libsystem_info.dylib
0x00000000029d2000 	/usr/lib/system/libsystem_kernel.dylib
0x00000000029d2000 	/usr/lib/system/libsystem_m.dylib
0x00000000029d2000 	/usr/lib/system/libsystem_network.dylib
0x00000000029d2000 	/usr/lib/system/libsystem_notify.dylib
0x00000000029d2000 	/usr/lib/system/libsystem_sandbox.dylib
0x00000000029d2000 	/usr/lib/system/libunc.dylib
0x00000000029d2000 	/usr/lib/system/libunwind.dylib
0x00000000029d2000 	/usr/lib/system/libxpc.dylib
0x00000000029d2000 	/usr/lib/system/libcorecrypto.dylib
0x00000000029d2000 	/usr/lib/libstdc++.6.dylib
0x00000000029d2000 	/usr/lib/libbsm.0.dylib
0x00000000029d2000 	/usr/lib/libsqlite3.dylib
0x00000000029d2000 	/usr/lib/libxar.1.dylib
0x00000000029d2000 	/usr/lib/libpam.2.dylib
0x00000000029d2000 	/usr/lib/libOpenScriptingUtil.dylib
0x00000000029d2000 	/usr/lib/libbz2.1.0.dylib
0x00000000029d2000 	/System/Library/Frameworks/CoreServices.framework/Versions/A/Frameworks/CarbonCore.framework/Versions/A/CarbonCore
0x00000000029d2000 	/System/Library/Frameworks/CoreServices.framework/Versions/A/Frameworks/Metadata.framework/Versions/A/Metadata
0x00000000029d2000 	/System/Library/Frameworks/CoreServices.framework/Versions/A/Frameworks/OSServices.framework/Versions/A/OSServices
0x00000000029d2000 	/System/Library/Frameworks/CoreServices.framework/Versions/A/Frameworks/SearchKit.framework/Versions/A/SearchKit
0x00000000029d2000 	/System/Library/Frameworks/CoreServices.framework/Versions/A/Frameworks/AE.framework/Versions/A/AE
0x00000000029d2000 	/System/Library/Frameworks/CoreServices.framework/Versions/A/Frameworks/LaunchServices.framework/Versions/A/LaunchServices
0x00000000029d2000 	/System/Library/Frameworks/CoreServices.framework/Versions/A/Frameworks/DictionaryServices.framework/Versions/A/DictionaryServices
0x00000000029d2000 	/System/Library/Frameworks/NetFS.framework/Versions/A/NetFS
0x00000000029d2000 	/usr/lib/system/libkxld.dylib
0x00000000029d2000 	/System/Library/PrivateFrameworks/NetAuth.framework/Versions/A/NetAuth
0x00000000029d2000 	/System/Library/Frameworks/OpenDirectory.framework/Versions/A/Frameworks/CFOpenDirectory.framework/Versions/A/CFOpenDirectory
0x00000000029d2000 	/usr/lib/libxslt.1.dylib
0x00000000029d2000 	/System/Library/PrivateFrameworks/FamilyControls.framework/Versions/A/FamilyControls
0x00000000029d2000 	/System/Library/Frameworks/Carbon.framework/Versions/A/Frameworks/Ink.framework/Versions/A/Ink
0x00000000029d2000 	/System/Library/Frameworks/ApplicationServices.framework/Versions/A/Frameworks/CoreGraphics.framework/Versions/A/CoreGraphics
0x00000000029d2000 	/System/Library/Frameworks/ApplicationServices.framework/Versions/A/Frameworks/ATS.framework/Versions/A/ATS
0x00000000029d2000 	/System/Library/Frameworks/ApplicationServices.framework/Versions/A/Frameworks/ColorSync.framework/Versions/A/ColorSync
0x00000000029d2000 	/System/Library/Frameworks/ApplicationServices.framework/Versions/A/Frameworks/HIServices.framework/Versions/A/HIServices
0x00000000029d2000 	/System/Library/Frameworks/ApplicationServices.framework/Versions/A/Frameworks/LangAnalysis.framework/Versions/A/LangAnalysis
0x00000000029d2000 	/System/Library/Frameworks/ApplicationServices.framework/Versions/A/Frameworks/PrintCore.framework/Versions/A/PrintCore
0x00000000029d2000 	/System/Library/Frameworks/ApplicationServices.framework/Versions/A/Frameworks/QD.framework/Versions/A/QD
0x00000000029d2000 	/System/Library/Frameworks/ApplicationServices.framework/Versions/A/Frameworks/SpeechSynthesis.framework/Versions/A/SpeechSynthesis
0x00000000029d2000 	/System/Library/Frameworks/IOSurface.framework/Versions/A/IOSurface
0x00000000029d2000 	/System/Library/Frameworks/Accelerate.framework/Versions/A/Accelerate
0x00000000029d2000 	/System/Library/Frameworks/ApplicationServices.framework/Versions/A/Frameworks/ATS.framework/Versions/A/Resources/libFontParser.dylib
0x00000000029d2000 	/System/Library/Frameworks/ApplicationServices.framework/Versions/A/Frameworks/ATS.framework/Versions/A/Resources/libFontRegistry.dylib
0x00000000029d2000 	/System/Library/Frameworks/Accelerate.framework/Versions/A/Frameworks/vImage.framework/Versions/A/vImage
0x00000000029d2000 	/System/Library/Frameworks/Accelerate.framework/Versions/A/Frameworks/vecLib.framework/Versions/A/vecLib
0x00000000029d2000 	/System/Library/Frameworks/Accelerate.framework/Versions/A/Frameworks/vecLib.framework/Versions/A/libvDSP.dylib
0x00000000029d2000 	/System/Library/Frameworks/Accelerate.framework/Versions/A/Frameworks/vecLib.framework/Versions/A/libvMisc.dylib
0x00000000029d2000 	/System/Library/Frameworks/Accelerate.framework/Versions/A/Frameworks/vecLib.framework/Versions/A/libLAPACK.dylib
0x00000000029d2000 	/System/Library/Frameworks/Accelerate.framework/Versions/A/Frameworks/vecLib.framework/Versions/A/libBLAS.dylib
0x00000000029d2000 	/System/Library/Frameworks/ImageIO.framework/Versions/A/Resources/libJPEG.dylib
0x00000000029d2000 	/System/Library/Frameworks/ImageIO.framework/Versions/A/Resources/libTIFF.dylib
0x00000000029d2000 	/System/Library/Frameworks/ImageIO.framework/Versions/A/Resources/libPng.dylib
0x00000000029d2000 	/System/Library/Frameworks/ImageIO.framework/Versions/A/Resources/libGIF.dylib
0x00000000029d2000 	/System/Library/Frameworks/ImageIO.framework/Versions/A/Resources/libJP2.dylib
0x00000000029d2000 	/System/Library/Frameworks/ImageIO.framework/Versions/A/Resources/libRadiance.dylib
0x00000000029d2000 	/usr/lib/libcups.2.dylib
0x00000000029d2000 	/System/Library/Frameworks/Kerberos.framework/Versions/A/Kerberos
0x00000000029d2000 	/System/Library/Frameworks/GSS.framework/Versions/A/GSS
0x00000000029d2000 	/usr/lib/libresolv.9.dylib
0x00000000029d2000 	/usr/lib/libiconv.2.dylib
0x00000000029d2000 	/System/Library/PrivateFrameworks/Heimdal.framework/Versions/A/Heimdal
0x00000000029d2000 	/System/Library/PrivateFrameworks/TrustEvaluationAgent.framework/Versions/A/TrustEvaluationAgent
0x00000000029d2000 	/System/Library/Frameworks/OpenDirectory.framework/Versions/A/OpenDirectory
0x00000000029d2000 	/System/Library/PrivateFrameworks/CommonAuth.framework/Versions/A/CommonAuth
0x00000000029d2000 	/System/Library/PrivateFrameworks/Bom.framework/Versions/A/Bom
0x00000000029d2000 	/System/Library/Frameworks/CoreVideo.framework/Versions/A/CoreVideo
0x00000000029d2000 	/System/Library/Frameworks/QuartzCore.framework/Versions/A/Frameworks/CoreImage.framework/Versions/A/CoreImage
0x00000000029d2000 	/System/Library/Frameworks/QuartzCore.framework/Versions/A/Frameworks/ScalableUserInterface.framework/Versions/A/ScalableUserInterface
0x00000000029d2000 	/System/Library/Frameworks/OpenGL.framework/Versions/A/Libraries/libGLU.dylib
0x00000000029d2000 	/System/Library/Frameworks/OpenGL.framework/Versions/A/Libraries/libGFXShared.dylib
0x00000000029d2000 	/System/Library/Frameworks/OpenGL.framework/Versions/A/Libraries/libGL.dylib
0x00000000029d2000 	/System/Library/Frameworks/OpenGL.framework/Versions/A/Libraries/libGLImage.dylib
0x00000000029d2000 	/System/Library/Frameworks/OpenGL.framework/Versions/A/Libraries/libCVMSPluginSupport.dylib
0x00000000029d2000 	/System/Library/Frameworks/OpenGL.framework/Versions/A/Libraries/libCoreVMClient.dylib
0x00000000029d2000 	/System/Library/PrivateFrameworks/CrashReporterSupport.framework/Versions/A/CrashReporterSupport
0x00000000029d2000 	/System/Library/Frameworks/OpenCL.framework/Versions/A/OpenCL
0x00000000029d2000 	/System/Library/PrivateFrameworks/FaceCoreLight.framework/Versions/A/FaceCoreLight
0x00000000029d2000 	/System/Library/PrivateFrameworks/AppleFSCompression.framework/Versions/A/AppleFSCompression
0x00000000029d2000 	/System/Library/PrivateFrameworks/Ubiquity.framework/Versions/A/Ubiquity
0x00000000029d2000 	/System/Library/Frameworks/ServiceManagement.framework/Versions/A/ServiceManagement
0x00000000029d2000 	/System/Library/PrivateFrameworks/ChunkingLibrary.framework/Versions/A/ChunkingLibrary
0x00000000029d2000 	/System/Library/Frameworks/vecLib.framework/Versions/A/vecLib
0x00000000029d2000 	/System/Library/Frameworks/SecurityFoundation.framework/Versions/A/SecurityFoundation
0x00000000029d2000 	/System/Library/PrivateFrameworks/CommerceKit.framework/Versions/A/Frameworks/CommerceCore.framework/Versions/A/CommerceCore
0x00000000029d2000 	/System/Library/PrivateFrameworks/CoreSymbolication.framework/Versions/A/CoreSymbolication
0x00000000029d2000 	/System/Library/PrivateFrameworks/Symbolication.framework/Versions/A/Symbolication
0x00000000029d2000 	/System/Library/PrivateFrameworks/DebugSymbols.framework/Versions/A/DebugSymbols
0x000000010a200000 	/Library/Java/JavaVirtualMachines/jdk1.7.0_75.jdk/Contents/Home/jre/lib/server/libjvm.dylib
0x000000010ad64000 	/Library/Java/JavaVirtualMachines/jdk1.7.0_75.jdk/Contents/Home/jre/lib/libverify.dylib
0x000000010ad71000 	/Library/Java/JavaVirtualMachines/jdk1.7.0_75.jdk/Contents/Home/jre/lib/libjava.dylib
0x000000010ae2e000 	/Library/Java/JavaVirtualMachines/jdk1.7.0_75.jdk/Contents/Home/jre/lib/libzip.dylib
0x00000001573c4000 	/System/Library/Frameworks/JavaVM.framework/Frameworks/JavaRuntimeSupport.framework/JavaRuntimeSupport
0x00000001573dc000 	/System/Library/Frameworks/JavaVM.framework/Versions/A/Frameworks/JavaNativeFoundation.framework/Versions/A/JavaNativeFoundation
0x00000001573f1000 	/System/Library/Frameworks/JavaVM.framework/Versions/A/JavaVM
0x00000000029d2000 	/System/Library/Frameworks/Carbon.framework/Versions/A/Carbon
0x00000001573fe000 	/System/Library/PrivateFrameworks/JavaLaunching.framework/Versions/A/JavaLaunching
0x00000000029d2000 	/System/Library/Frameworks/Carbon.framework/Versions/A/Frameworks/CommonPanels.framework/Versions/A/CommonPanels
0x00000000029d2000 	/System/Library/Frameworks/Carbon.framework/Versions/A/Frameworks/Help.framework/Versions/A/Help
0x00000000029d2000 	/System/Library/Frameworks/Carbon.framework/Versions/A/Frameworks/ImageCapture.framework/Versions/A/ImageCapture
0x00000000029d2000 	/System/Library/Frameworks/Carbon.framework/Versions/A/Frameworks/OpenScripting.framework/Versions/A/OpenScripting
0x00000000029d2000 	/System/Library/Frameworks/Carbon.framework/Versions/A/Frameworks/Print.framework/Versions/A/Print
0x00000000029d2000 	/System/Library/Frameworks/Carbon.framework/Versions/A/Frameworks/SecurityHI.framework/Versions/A/SecurityHI
0x0000000157b08000 	/Library/Java/JavaVirtualMachines/jdk1.7.0_75.jdk/Contents/Home/jre/lib/libawt.dylib
0x0000000157bb7000 	/Library/Java/JavaVirtualMachines/jdk1.7.0_75.jdk/Contents/Home/jre/lib/./libmlib_image.dylib
0x0000000157c83000 	/Library/Java/JavaVirtualMachines/jdk1.7.0_75.jdk/Contents/Home/jre/lib/lwawt/liblwawt.dylib
0x0000000157d37000 	/Library/Java/JavaVirtualMachines/jdk1.7.0_75.jdk/Contents/Home/jre/lib/libosxapp.dylib
0x0000000157d53000 	/System/Library/Frameworks/ExceptionHandling.framework/Versions/A/ExceptionHandling
0x00000000029d2000 	/System/Library/PrivateFrameworks/CoreServicesInternal.framework/Versions/A/CoreServicesInternal
0x00000000029d2000 	/System/Library/PrivateFrameworks/Librarian.framework/Versions/A/Librarian
0x00000000029d2000 	/System/Library/Frameworks/ApplicationServices.framework/Versions/A/Frameworks/CoreGraphics.framework/Versions/A/Resources/libCSync.A.dylib
0x00000000029d2000 	/System/Library/Frameworks/ApplicationServices.framework/Versions/A/Frameworks/CoreGraphics.framework/Versions/A/Resources/libRIP.A.dylib
0x00000000029d2000 	/System/Library/Frameworks/ApplicationServices.framework/Versions/A/Frameworks/CoreGraphics.framework/Versions/A/Resources/libCGXType.A.dylib
0x000000015b897000 	/Library/Java/JavaVirtualMachines/jdk1.7.0_75.jdk/Contents/Home/jre/lib/libfontmanager.dylib
0x0000000159242000 	/Library/Java/JavaVirtualMachines/jdk1.7.0_75.jdk/Contents/Home/jre/lib/libosxui.dylib
0x000000015ba01000 	/System/Library/Frameworks/OpenGL.framework/Resources/GLEngine.bundle/GLEngine
0x000000015bbf6000 	/System/Library/Frameworks/OpenGL.framework/Versions/A/Libraries/libGLProgrammability.dylib
0x000000015bd9e000 	/System/Library/Extensions/AppleIntelHD4000GraphicsGLDriver.bundle/Contents/MacOS/AppleIntelHD4000GraphicsGLDriver
0x000000015924c000 	/System/Library/PrivateFrameworks/IOAccelerator.framework/Versions/A/IOAccelerator
0x0000000159259000 	/System/Library/PrivateFrameworks/GPUSupport.framework/Versions/A/Libraries/libGPUSupportMercury.dylib
0x000000015a00b000 	/System/Library/Frameworks/OpenGL.framework/Resources//GLRendererFloat.bundle/GLRendererFloat
0x0000000159270000 	/System/Library/Frameworks/OpenCL.framework/Versions/A/Libraries/libcldcpuengine.dylib
0x00000000029d2000 	/System/Library/PrivateFrameworks/DiskImages.framework/Versions/A/DiskImages
0x00000000029d2000 	/System/Library/Frameworks/DiscRecording.framework/Versions/A/DiscRecording
0x00000000029d2000 	/usr/lib/libcurl.4.dylib
0x00000000029d2000 	/System/Library/PrivateFrameworks/MediaKit.framework/Versions/A/MediaKit
0x00000000029d2000 	/usr/lib/libssl.0.9.8.dylib
0x00000000029d2000 	/usr/lib/libcrypto.0.9.8.dylib
0x00000000029d2000 	/System/Library/Frameworks/LDAP.framework/Versions/A/LDAP
0x00000000029d2000 	/usr/lib/libsasl2.2.dylib
0x000000015d49d000 	/Library/Java/JavaVirtualMachines/jdk1.7.0_75.jdk/Contents/Home/jre/lib/libnet.dylib
0x000000015d4fb000 	/Library/Java/JavaVirtualMachines/jdk1.7.0_75.jdk/Contents/Home/jre/lib/libnio.dylib
0x000000015d757000 	/Library/Java/JavaVirtualMachines/jdk1.7.0_75.jdk/Contents/Home/jre/lib/libdcpr.dylib
0x00000001622d5000 	/Library/Java/JavaVirtualMachines/jdk1.7.0_75.jdk/Contents/Home/jre/lib/libsunec.dylib
0x00000001631ca000 	/Library/Java/Extensions/librxtxSerial.jnilib

VM Arguments:
jvm_args: -Dfile.encoding=UTF-8 
java_command: jcan2.BeMapEditor
Launcher Type: SUN_STANDARD

Environment Variables:
PATH=/usr/bin:/bin:/usr/sbin:/sbin
LD_LIBRARY_PATH=/Library/Java/JavaVirtualMachines/jdk1.7.0_75.jdk/Contents/Home/jre/lib/amd64:/Library/Java/JavaVirtualMachines/jdk1.7.0_75.jdk/Contents/Home/jre/lib/i386:
SHELL=/bin/bash
DISPLAY=/tmp/launch-X04BQA/org.macosforge.xquartz:0
DYLD_LIBRARY_PATH=/Applications/NetBeans/NetBeans 8.0.2.app/Contents/Resources/NetBeans/webcommon/bin:

Signal Handlers:
SIGSEGV: [libjvm.dylib+0x52d20d], sa_mask[0]=0xfffefeff, sa_flags=0x00000043
SIGBUS: [libjvm.dylib+0x52d20d], sa_mask[0]=0xfffefeff, sa_flags=0x00000042
SIGFPE: [libjvm.dylib+0x41ee7a], sa_mask[0]=0xfffefeff, sa_flags=0x00000042
SIGPIPE: [libjvm.dylib+0x41ee7a], sa_mask[0]=0xfffefeff, sa_flags=0x00000042
SIGXFSZ: [libjvm.dylib+0x41ee7a], sa_mask[0]=0xfffefeff, sa_flags=0x00000042
SIGILL: [libjvm.dylib+0x41ee7a], sa_mask[0]=0xfffefeff, sa_flags=0x00000042
SIGUSR1: SIG_DFL, sa_mask[0]=0x00000000, sa_flags=0x00000002
SIGUSR2: [libjvm.dylib+0x41e96c], sa_mask[0]=0x00000004, sa_flags=0x00000042
SIGHUP: [libjvm.dylib+0x41cbfd], sa_mask[0]=0xfffefeff, sa_flags=0x00000042
SIGINT: SIG_IGN, sa_mask[0]=0x00000000, sa_flags=0x00000000
SIGTERM: [libjvm.dylib+0x41cbfd], sa_mask[0]=0xfffefeff, sa_flags=0x00000042
SIGQUIT: [libjvm.dylib+0x41cbfd], sa_mask[0]=0xfffefeff, sa_flags=0x00000042


---------------  S Y S T E M  ---------------

OS:Bsduname:Darwin 12.6.0 Darwin Kernel Version 12.6.0: Wed Dec 17 19:11:40 PST 2014; root:xnu-2050.48.15~1/RELEASE_X86_64 x86_64
rlimit: STACK 8192k, CORE 0k, NPROC 709, NOFILE 10240, AS infinity
load average:1.09 0.84 0.68

CPU:total 4 (2 cores per cpu, 2 threads per core) family 6 model 58 stepping 9, cmov, cx8, fxsr, mmx, sse, sse2, sse3, ssse3, sse4.1, sse4.2, popcnt, avx, aes, erms, ht, tsc, tscinvbit, tscinv

Memory: 4k page, physical 4194304k(1048576k free)

/proc/meminfo:


vm_info: Java HotSpot(TM) 64-Bit Server VM (24.75-b04) for bsd-amd64 JRE (1.7.0_75-b13), built on Dec 18 2014 21:48:12 by "java_re" with gcc 4.2.1 (Based on Apple Inc. build 5658) (LLVM build 2336.11.00)

time: Fri Apr 17 19:47:18 2015
elapsed time: 28 seconds

