#
# A fatal error has been detected by the Java Runtime Environment:
#
#  SIGSEGV (0xb) at pc=0x000000016153112f, pid=1854, tid=45579
#
# JRE version: Java(TM) SE Runtime Environment (7.0_75-b13) (build 1.7.0_75-b13)
# Java VM: Java HotSpot(TM) 64-Bit Server VM (24.75-b04 mixed mode bsd-amd64 compressed oops)
# Problematic frame:
# C  [librxtxSerial.jnilib+0x312f]  Java_gnu_io_RXTXPort_interruptEventLoop+0x6b
#
# Failed to write core dump. Core dumps have been disabled. To enable core dumping, try "ulimit -c unlimited" before starting Java again
#
# If you would like to submit a bug report, please visit:
#   http://bugreport.sun.com/bugreport/crash.jsp
# The crash happened outside the Java Virtual Machine in native code.
# See problematic frame for where to report the bug.
#

---------------  T H R E A D  ---------------

Current thread (0x00007fa42e071000):  JavaThread "AWT-EventQueue-0" [_thread_in_native, id=45579, stack(0x000000015c259000,0x000000015c359000)]

siginfo:si_signo=SIGSEGV: si_errno=0, si_code=1 (SEGV_MAPERR), si_addr=0x0000000161c68948

Registers:
RAX=0x0000000000000000, RBX=0x0000000161c687e0, RCX=0x00000000ffffffff, RDX=0xffffffffffffffff
RSP=0x000000015c3564b0, RBP=0x000000015c3564c0, RSI=0x0000000000000000, RDI=0x000000000000003c
R8 =0x0000000000000000, R9 =0x0000000002faf080, R10=0x0000000000000001, R11=0x00007fff7614b250
R12=0x0000000000000030, R13=0x000000010df96ab8, R14=0x000000015c356538, R15=0x00007fa42e071000
RIP=0x000000016153112f, EFLAGS=0x0000000000010206, ERR=0x0000000000000004
  TRAPNO=0x000000000000000e

Top of Stack: (sp=0x000000015c3564b0)
0x000000015c3564b0:   000000010df96ab8 0000000000000000
0x000000015c3564c0:   000000015c356518 0000000109dc4758
0x000000015c3564d0:   0000000109dcf443 000000015c3564d8
0x000000015c3564e0:   000000010df96ab8 000000015c356538
0x000000015c3564f0:   000000010dfa6ab8 0000000000000000
0x000000015c356500:   000000010df96ab8 0000000000000000
0x000000015c356510:   000000015c356538 000000015c356580
0x000000015c356520:   0000000109db8058 0000000000000000
0x000000015c356530:   0000000109dc0cd8 000000013db510c8
0x000000015c356540:   000000015c356540 000000010df9703f
0x000000015c356550:   000000015c356598 000000010dfa6ab8
0x000000015c356560:   0000000000000000 000000010df970a8
0x000000015c356570:   000000015c356538 000000015c356598
0x000000015c356580:   000000015c3565f0 0000000109db8058
0x000000015c356590:   0000000000000000 000000013db510c8
0x000000015c3565a0:   000000013db510c8 0000000000000000
0x000000015c3565b0:   000000015c3565a0 000000010df97dab
0x000000015c3565c0:   000000015c356618 000000010dfa6ab8
0x000000015c3565d0:   0000000000000000 000000010df97e10
0x000000015c3565e0:   000000015c356598 000000015c356618
0x000000015c3565f0:   000000015c356660 0000000109db8058
0x000000015c356600:   0000000000000000 0000000000000000
0x000000015c356610:   000000013db510c8 000000013db510c8
0x000000015c356620:   000000015c356620 000000010d7744f9
0x000000015c356630:   000000015c356690 000000010d774ab0
0x000000015c356640:   0000000000000000 000000010d774558
0x000000015c356650:   000000015c356618 000000015c356680
0x000000015c356660:   000000015c3566d8 0000000109db8058
0x000000015c356670:   000000013db510c8 000000013db31448
0x000000015c356680:   0000000000000053 00000001122f01c8
0x000000015c356690:   00000001122f0158 000000015c356698
0x000000015c3566a0:   000000010d6af332 000000015c3566f8 

Instructions: (pc=0x000000016153112f)
0x000000016153110f:   00 01 00 00 00 48 8b bb 78 01 00 00 be 06 00 00
0x000000016153111f:   00 e8 4d 27 00 00 bf 50 c3 00 00 e8 c7 27 00 00
0x000000016153112f:   83 bb 68 01 00 00 01 74 16 48 8b bb 78 01 00 00
0x000000016153113f:   e8 16 27 00 00 c7 83 68 01 00 00 01 00 00 00 5b 

Register to memory mapping:

RAX=0x0000000000000000 is an unknown value
RBX=0x0000000161c687e0 is an unknown value
RCX=0x00000000ffffffff is an unknown value
RDX=0xffffffffffffffff is an unknown value
RSP=0x000000015c3564b0 is pointing into the stack for thread: 0x00007fa42e071000
RBP=0x000000015c3564c0 is pointing into the stack for thread: 0x00007fa42e071000
RSI=0x0000000000000000 is an unknown value
RDI=0x000000000000003c is an unknown value
R8 =0x0000000000000000 is an unknown value
R9 =0x0000000002faf080 is an unknown value
R10=0x0000000000000001 is an unknown value
R11=0x00007fff7614b250: errno+0 in /usr/lib/system/libsystem_kernel.dylib at 0x00007fff90704000
R12=0x0000000000000030 is an unknown value
R13=0x000000010df96ab8 is an oop
{method} 
 - klass: {other class}
R14=0x000000015c356538 is pointing into the stack for thread: 0x00007fa42e071000
R15=0x00007fa42e071000 is a thread


Stack: [0x000000015c259000,0x000000015c359000],  sp=0x000000015c3564b0,  free space=1013k
Native frames: (J=compiled Java code, j=interpreted, Vv=VM code, C=native code)
C  [librxtxSerial.jnilib+0x312f]  Java_gnu_io_RXTXPort_interruptEventLoop+0x6b
j  gnu.io.RXTXPort.interruptEventLoop()V+0
j  gnu.io.RXTXPort.removeEventListener()V+55
j  gnu.io.RXTXPort.close()V+91
j  jcan2.Serial.write(Ljava/lang/String;C)V+113
j  jcan2.MainWindow.serialInButtonActionPerformed(Ljava/awt/event/ActionEvent;)V+10
j  jcan2.MainWindow.access$1000(Ljcan2/MainWindow;Ljava/awt/event/ActionEvent;)V+2
j  jcan2.MainWindow$11.actionPerformed(Ljava/awt/event/ActionEvent;)V+5
j  javax.swing.AbstractButton.fireActionPerformed(Ljava/awt/event/ActionEvent;)V+84
j  javax.swing.AbstractButton$Handler.actionPerformed(Ljava/awt/event/ActionEvent;)V+5
j  javax.swing.DefaultButtonModel.fireActionPerformed(Ljava/awt/event/ActionEvent;)V+35
j  javax.swing.DefaultButtonModel.setPressed(Z)V+117
j  javax.swing.plaf.basic.BasicButtonListener.mouseReleased(Ljava/awt/event/MouseEvent;)V+35
j  java.awt.Component.processMouseEvent(Ljava/awt/event/MouseEvent;)V+64
j  javax.swing.JComponent.processMouseEvent(Ljava/awt/event/MouseEvent;)V+23
j  java.awt.Component.processEvent(Ljava/awt/AWTEvent;)V+81
j  java.awt.Container.processEvent(Ljava/awt/AWTEvent;)V+18
j  java.awt.Component.dispatchEventImpl(Ljava/awt/AWTEvent;)V+581
j  java.awt.Container.dispatchEventImpl(Ljava/awt/AWTEvent;)V+42
j  java.awt.Component.dispatchEvent(Ljava/awt/AWTEvent;)V+2
j  java.awt.LightweightDispatcher.retargetMouseEvent(Ljava/awt/Component;ILjava/awt/event/MouseEvent;)V+327
j  java.awt.LightweightDispatcher.processMouseEvent(Ljava/awt/event/MouseEvent;)Z+139
j  java.awt.LightweightDispatcher.dispatchEvent(Ljava/awt/AWTEvent;)Z+50
j  java.awt.Container.dispatchEventImpl(Ljava/awt/AWTEvent;)V+12
j  java.awt.Window.dispatchEventImpl(Ljava/awt/AWTEvent;)V+19
j  java.awt.Component.dispatchEvent(Ljava/awt/AWTEvent;)V+2
j  java.awt.EventQueue.dispatchEventImpl(Ljava/awt/AWTEvent;Ljava/lang/Object;)V+41
j  java.awt.EventQueue.access$300(Ljava/awt/EventQueue;Ljava/awt/AWTEvent;Ljava/lang/Object;)V+3
j  java.awt.EventQueue$3.run()Ljava/lang/Void;+12
j  java.awt.EventQueue$3.run()Ljava/lang/Object;+1
v  ~StubRoutines::call_stub
V  [libjvm.dylib+0x2dbb58]
V  [libjvm.dylib+0x2db928]
V  [libjvm.dylib+0x32f100]
j  java.security.AccessController.doPrivileged(Ljava/security/PrivilegedAction;Ljava/security/AccessControlContext;)Ljava/lang/Object;+0
j  java.security.ProtectionDomain$1.doIntersectionPrivilege(Ljava/security/PrivilegedAction;Ljava/security/AccessControlContext;Ljava/security/AccessControlContext;)Ljava/lang/Object;+28
j  java.security.ProtectionDomain$1.doIntersectionPrivilege(Ljava/security/PrivilegedAction;Ljava/security/AccessControlContext;)Ljava/lang/Object;+6
j  java.awt.EventQueue$4.run()Ljava/lang/Void;+11
j  java.awt.EventQueue$4.run()Ljava/lang/Object;+1
v  ~StubRoutines::call_stub
V  [libjvm.dylib+0x2dbb58]
V  [libjvm.dylib+0x2db928]
V  [libjvm.dylib+0x32f100]
j  java.security.AccessController.doPrivileged(Ljava/security/PrivilegedAction;Ljava/security/AccessControlContext;)Ljava/lang/Object;+0
j  java.security.ProtectionDomain$1.doIntersectionPrivilege(Ljava/security/PrivilegedAction;Ljava/security/AccessControlContext;Ljava/security/AccessControlContext;)Ljava/lang/Object;+28
j  java.awt.EventQueue.dispatchEvent(Ljava/awt/AWTEvent;)V+73
j  java.awt.EventDispatchThread.pumpOneEventForFilters(I)V+245
j  java.awt.EventDispatchThread.pumpEventsForFilter(ILjava/awt/Conditional;Ljava/awt/EventFilter;)V+35
j  java.awt.EventDispatchThread.pumpEventsForHierarchy(ILjava/awt/Conditional;Ljava/awt/Component;)V+11
j  java.awt.EventDispatchThread.pumpEvents(ILjava/awt/Conditional;)V+4
j  java.awt.EventDispatchThread.pumpEvents(Ljava/awt/Conditional;)V+3
j  java.awt.EventDispatchThread.run()V+9
v  ~StubRoutines::call_stub
V  [libjvm.dylib+0x2dbb58]
V  [libjvm.dylib+0x2dc06f]
V  [libjvm.dylib+0x2dc1ac]
V  [libjvm.dylib+0x32b082]
V  [libjvm.dylib+0x4f6cb9]
V  [libjvm.dylib+0x4f83c1]
V  [libjvm.dylib+0x421762]
C  [libsystem_c.dylib+0x14772]  _pthread_start+0x147
C  [libsystem_c.dylib+0x11a1]  thread_start+0xd

Java frames: (J=compiled Java code, j=interpreted, Vv=VM code)
j  gnu.io.RXTXPort.interruptEventLoop()V+0
j  gnu.io.RXTXPort.removeEventListener()V+55
j  gnu.io.RXTXPort.close()V+91
j  jcan2.Serial.write(Ljava/lang/String;C)V+113
j  jcan2.MainWindow.serialInButtonActionPerformed(Ljava/awt/event/ActionEvent;)V+10
j  jcan2.MainWindow.access$1000(Ljcan2/MainWindow;Ljava/awt/event/ActionEvent;)V+2
j  jcan2.MainWindow$11.actionPerformed(Ljava/awt/event/ActionEvent;)V+5
j  javax.swing.AbstractButton.fireActionPerformed(Ljava/awt/event/ActionEvent;)V+84
j  javax.swing.AbstractButton$Handler.actionPerformed(Ljava/awt/event/ActionEvent;)V+5
j  javax.swing.DefaultButtonModel.fireActionPerformed(Ljava/awt/event/ActionEvent;)V+35
j  javax.swing.DefaultButtonModel.setPressed(Z)V+117
j  javax.swing.plaf.basic.BasicButtonListener.mouseReleased(Ljava/awt/event/MouseEvent;)V+35
j  java.awt.Component.processMouseEvent(Ljava/awt/event/MouseEvent;)V+64
j  javax.swing.JComponent.processMouseEvent(Ljava/awt/event/MouseEvent;)V+23
j  java.awt.Component.processEvent(Ljava/awt/AWTEvent;)V+81
j  java.awt.Container.processEvent(Ljava/awt/AWTEvent;)V+18
j  java.awt.Component.dispatchEventImpl(Ljava/awt/AWTEvent;)V+581
j  java.awt.Container.dispatchEventImpl(Ljava/awt/AWTEvent;)V+42
j  java.awt.Component.dispatchEvent(Ljava/awt/AWTEvent;)V+2
j  java.awt.LightweightDispatcher.retargetMouseEvent(Ljava/awt/Component;ILjava/awt/event/MouseEvent;)V+327
j  java.awt.LightweightDispatcher.processMouseEvent(Ljava/awt/event/MouseEvent;)Z+139
j  java.awt.LightweightDispatcher.dispatchEvent(Ljava/awt/AWTEvent;)Z+50
j  java.awt.Container.dispatchEventImpl(Ljava/awt/AWTEvent;)V+12
j  java.awt.Window.dispatchEventImpl(Ljava/awt/AWTEvent;)V+19
j  java.awt.Component.dispatchEvent(Ljava/awt/AWTEvent;)V+2
j  java.awt.EventQueue.dispatchEventImpl(Ljava/awt/AWTEvent;Ljava/lang/Object;)V+41
j  java.awt.EventQueue.access$300(Ljava/awt/EventQueue;Ljava/awt/AWTEvent;Ljava/lang/Object;)V+3
j  java.awt.EventQueue$3.run()Ljava/lang/Void;+12
j  java.awt.EventQueue$3.run()Ljava/lang/Object;+1
v  ~StubRoutines::call_stub
j  java.security.AccessController.doPrivileged(Ljava/security/PrivilegedAction;Ljava/security/AccessControlContext;)Ljava/lang/Object;+0
j  java.security.ProtectionDomain$1.doIntersectionPrivilege(Ljava/security/PrivilegedAction;Ljava/security/AccessControlContext;Ljava/security/AccessControlContext;)Ljava/lang/Object;+28
j  java.security.ProtectionDomain$1.doIntersectionPrivilege(Ljava/security/PrivilegedAction;Ljava/security/AccessControlContext;)Ljava/lang/Object;+6
j  java.awt.EventQueue$4.run()Ljava/lang/Void;+11
j  java.awt.EventQueue$4.run()Ljava/lang/Object;+1
v  ~StubRoutines::call_stub
j  java.security.AccessController.doPrivileged(Ljava/security/PrivilegedAction;Ljava/security/AccessControlContext;)Ljava/lang/Object;+0
j  java.security.ProtectionDomain$1.doIntersectionPrivilege(Ljava/security/PrivilegedAction;Ljava/security/AccessControlContext;Ljava/security/AccessControlContext;)Ljava/lang/Object;+28
j  java.awt.EventQueue.dispatchEvent(Ljava/awt/AWTEvent;)V+73
j  java.awt.EventDispatchThread.pumpOneEventForFilters(I)V+245
j  java.awt.EventDispatchThread.pumpEventsForFilter(ILjava/awt/Conditional;Ljava/awt/EventFilter;)V+35
j  java.awt.EventDispatchThread.pumpEventsForHierarchy(ILjava/awt/Conditional;Ljava/awt/Component;)V+11
j  java.awt.EventDispatchThread.pumpEvents(ILjava/awt/Conditional;)V+4
j  java.awt.EventDispatchThread.pumpEvents(Ljava/awt/Conditional;)V+3
j  java.awt.EventDispatchThread.run()V+9
v  ~StubRoutines::call_stub

---------------  P R O C E S S  ---------------

Java Threads: ( => current thread )
  0x00007fa42c28e800 JavaThread "Keep-Alive-Timer" daemon [_thread_blocked, id=55283, stack(0x0000000161815000,0x0000000161915000)]
  0x00007fa42d946800 JavaThread "TimerQueue" daemon [_thread_blocked, id=54555, stack(0x000000016117d000,0x000000016127d000)]
  0x00007fa42d2b6000 JavaThread "OSMJobThread 6" daemon [_thread_blocked, id=54019, stack(0x0000000160d05000,0x0000000160e05000)]
  0x00007fa42d2c7000 JavaThread "OSMJobThread 5" daemon [_thread_blocked, id=53507, stack(0x0000000160c02000,0x0000000160d02000)]
  0x00007fa42d27e000 JavaThread "OSMJobThread 4" daemon [_thread_blocked, id=52995, stack(0x0000000160aff000,0x0000000160bff000)]
  0x00007fa42d15c000 JavaThread "OSMJobThread 3" daemon [_thread_blocked, id=52483, stack(0x00000001609fc000,0x0000000160afc000)]
  0x00007fa42e0ab000 JavaThread "OSMJobThread 2" daemon [_thread_blocked, id=52003, stack(0x00000001608b9000,0x00000001609b9000)]
  0x00007fa42d879000 JavaThread "Image Fetcher 0" daemon [_thread_blocked, id=46595, stack(0x000000015c4ec000,0x000000015c5ec000)]
  0x00007fa42c11c000 JavaThread "OSMJobThread 1" daemon [_thread_blocked, id=46083, stack(0x000000015c35c000,0x000000015c45c000)]
  0x00007fa42c02b800 JavaThread "DestroyJavaVM" [_thread_blocked, id=6403, stack(0x0000000109bdd000,0x0000000109cdd000)]
=>0x00007fa42e071000 JavaThread "AWT-EventQueue-0" [_thread_in_native, id=45579, stack(0x000000015c259000,0x000000015c359000)]
  0x00007fa42d853000 JavaThread "AWT-Shutdown" [_thread_blocked, id=28935, stack(0x000000015c156000,0x000000015c256000)]
  0x00007fa42d84c800 JavaThread "Java2D Disposer" daemon [_thread_blocked, id=43523, stack(0x000000015be77000,0x000000015bf77000)]
  0x00007fa42d0ae800 JavaThread "Java2D Queue Flusher" daemon [_thread_blocked, id=30743, stack(0x000000015a861000,0x000000015a961000)]
  0x00007fa42e00a800 JavaThread "AppKit Thread" daemon [_thread_in_native, id=3847, stack(0x00007fff563b2000,0x00007fff56bb2000)]
  0x00007fa42d053000 JavaThread "Service Thread" daemon [_thread_blocked, id=23043, stack(0x000000015678f000,0x000000015688f000)]
  0x00007fa42d052800 JavaThread "C2 CompilerThread1" daemon [_thread_blocked, id=22531, stack(0x000000015668c000,0x000000015678c000)]
  0x00007fa42d04e000 JavaThread "C2 CompilerThread0" daemon [_thread_blocked, id=22019, stack(0x0000000156589000,0x0000000156689000)]
  0x00007fa42d049800 JavaThread "Signal Dispatcher" daemon [_thread_blocked, id=21507, stack(0x0000000156486000,0x0000000156586000)]
  0x00007fa42d046000 JavaThread "Finalizer" daemon [_thread_blocked, id=16899, stack(0x0000000156242000,0x0000000156342000)]
  0x00007fa42d045800 JavaThread "Reference Handler" daemon [_thread_blocked, id=16387, stack(0x000000015613f000,0x000000015623f000)]

Other Threads:
  0x00007fa42d042800 VMThread [stack: 0x000000015603c000,0x000000015613c000] [id=15875]
  0x00007fa42d047000 WatcherThread [stack: 0x0000000156892000,0x0000000156992000] [id=23555]

VM state:not at safepoint (normal execution)

VM Mutex/Monitor currently owned by a thread: None

Heap
 PSYoungGen      total 19456K, used 18919K [0x000000013cb80000, 0x000000013e100000, 0x0000000152100000)
  eden space 16896K, 96% used [0x000000013cb80000,0x000000013db7a3e8,0x000000013dc00000)
  from space 2560K, 99% used [0x000000013dc00000,0x000000013de7f828,0x000000013de80000)
  to   space 2560K, 0% used [0x000000013de80000,0x000000013de80000,0x000000013e100000)
 ParOldGen       total 43520K, used 2968K [0x0000000112100000, 0x0000000114b80000, 0x000000013cb80000)
  object space 43520K, 6% used [0x0000000112100000,0x00000001123e6308,0x0000000114b80000)
 PSPermGen       total 21504K, used 17069K [0x000000010cf00000, 0x000000010e400000, 0x0000000112100000)
  object space 21504K, 79% used [0x000000010cf00000,0x000000010dfab608,0x000000010e400000)

Card table byte_map: [0x0000000152100000,0x000000015232a000] byte_map_base: 0x0000000151898800

Polling page: 0x0000000109d1c000

Code Cache  [0x0000000109db2000, 0x000000010a022000, 0x000000010cdb2000)
 total_blobs=660 nmethods=143 adapters=471 free_code_cache=48325Kb largest_free_block=49459008

Compilation events (10 events):
Event: 4.934 Thread 0x00007fa42d052800 nmethod 139 0x0000000109e7bc90 code [0x0000000109e7bdc0, 0x0000000109e7be38]
Event: 4.940 Thread 0x00007fa42d04e000 nmethod 133 0x0000000109e7b350 code [0x0000000109e7b4e0, 0x0000000109e7b988]
Event: 4.972 Thread 0x00007fa42d052800  140             com.sun.crypto.provider.CipherBlockChaining::decrypt (162 bytes)
Event: 4.978 Thread 0x00007fa42d04e000  141             java.io.BufferedInputStream::getBufIfOpen (21 bytes)
Event: 4.978 Thread 0x00007fa42d04e000 nmethod 141 0x0000000109e7ae50 code [0x0000000109e7af80, 0x0000000109e7aff8]
Event: 4.983 Thread 0x00007fa42d04e000  142             sun.security.provider.ByteArrayAccess::b2iBig64 (614 bytes)
Event: 4.983 Thread 0x00007fa42d052800 nmethod 140 0x0000000109e825d0 code [0x0000000109e82720, 0x0000000109e82c18]
Event: 4.986 Thread 0x00007fa42d04e000 nmethod 142 0x0000000109e82150 code [0x0000000109e822a0, 0x0000000109e824b8]
Event: 4.986 Thread 0x00007fa42d052800  143             java.util.ArrayList::get (11 bytes)
Event: 4.987 Thread 0x00007fa42d052800 nmethod 143 0x0000000109e82f90 code [0x0000000109e830e0, 0x0000000109e83198]

GC Heap History (2 events):
Event: 4.000 GC heap before
{Heap before GC invocations=1 (full 0):
 PSYoungGen      total 19456K, used 16896K [0x000000013cb80000, 0x000000013e100000, 0x0000000152100000)
  eden space 16896K, 100% used [0x000000013cb80000,0x000000013dc00000,0x000000013dc00000)
  from space 2560K, 0% used [0x000000013de80000,0x000000013de80000,0x000000013e100000)
  to   space 2560K, 0% used [0x000000013dc00000,0x000000013dc00000,0x000000013de80000)
 ParOldGen       total 43520K, used 0K [0x0000000112100000, 0x0000000114b80000, 0x000000013cb80000)
  object space 43520K, 0% used [0x0000000112100000,0x0000000112100000,0x0000000114b80000)
 PSPermGen       total 21504K, used 14889K [0x000000010cf00000, 0x000000010e400000, 0x0000000112100000)
  object space 21504K, 69% used [0x000000010cf00000,0x000000010dd8a490,0x000000010e400000)
Event: 4.011 GC heap after
Heap after GC invocations=1 (full 0):
 PSYoungGen      total 19456K, used 2558K [0x000000013cb80000, 0x000000013e100000, 0x0000000152100000)
  eden space 16896K, 0% used [0x000000013cb80000,0x000000013cb80000,0x000000013dc00000)
  from space 2560K, 99% used [0x000000013dc00000,0x000000013de7f828,0x000000013de80000)
  to   space 2560K, 0% used [0x000000013de80000,0x000000013de80000,0x000000013e100000)
 ParOldGen       total 43520K, used 2968K [0x0000000112100000, 0x0000000114b80000, 0x000000013cb80000)
  object space 43520K, 6% used [0x0000000112100000,0x00000001123e6308,0x0000000114b80000)
 PSPermGen       total 21504K, used 14889K [0x000000010cf00000, 0x000000010e400000, 0x0000000112100000)
  object space 21504K, 69% used [0x000000010cf00000,0x000000010dd8a490,0x000000010e400000)
}

Deoptimization events (10 events):
Event: 4.049 Thread 0x00007fa42d15c000 Uncommon trap: reason=class_check action=maybe_recompile pc=0x0000000109e52acc method=java.util.HashMap.put(Ljava/lang/Object;Ljava/lang/Object;)Ljava/lang/Object; @ 83
Event: 4.050 Thread 0x00007fa42d15c000 Uncommon trap: reason=class_check action=maybe_recompile pc=0x0000000109e52acc method=java.util.HashMap.put(Ljava/lang/Object;Ljava/lang/Object;)Ljava/lang/Object; @ 83
Event: 4.056 Thread 0x00007fa42d15c000 Uncommon trap: reason=class_check action=maybe_recompile pc=0x0000000109e52acc method=java.util.HashMap.put(Ljava/lang/Object;Ljava/lang/Object;)Ljava/lang/Object; @ 83
Event: 4.167 Thread 0x00007fa42c11c000 Uncommon trap: reason=unreached action=reinterpret pc=0x0000000109e5436c method=java.lang.Integer.parseInt(Ljava/lang/String;I)I @ 1
Event: 4.909 Thread 0x00007fa42d15c000 Uncommon trap: reason=unreached action=reinterpret pc=0x0000000109e5f7e4 method=java.util.Arrays.equals([B[B)Z @ 12
Event: 4.975 Thread 0x00007fa42d15c000 Uncommon trap: reason=class_check action=maybe_recompile pc=0x0000000109e632ec method=java.io.FilterInputStream.read()I @ 4
Event: 4.975 Thread 0x00007fa42d2c7000 Uncommon trap: reason=class_check action=maybe_recompile pc=0x0000000109e632ec method=java.io.FilterInputStream.read()I @ 4
Event: 4.975 Thread 0x00007fa42d15c000 Uncommon trap: reason=class_check action=maybe_recompile pc=0x0000000109e632ec method=java.io.FilterInputStream.read()I @ 4
Event: 4.975 Thread 0x00007fa42d2c7000 Uncommon trap: reason=class_check action=maybe_recompile pc=0x0000000109e632ec method=java.io.FilterInputStream.read()I @ 4
Event: 4.975 Thread 0x00007fa42d15c000 Uncommon trap: reason=class_check action=maybe_recompile pc=0x0000000109e632ec method=java.io.FilterInputStream.read()I @ 4

Internal exceptions (10 events):
Event: 5.974 Thread 0x00007fa42e071000 Threw 0x000000013db1d108 at /HUDSON/workspace/7u-2-build-macosx-x86_64/jdk7u75/1940/hotspot/src/share/vm/prims/jvm.cpp:1281
Event: 5.975 Thread 0x00007fa42e071000 Threw 0x000000013db231f0 at /HUDSON/workspace/7u-2-build-macosx-x86_64/jdk7u75/1940/hotspot/src/share/vm/prims/jvm.cpp:1281
Event: 5.992 Thread 0x00007fa42e071000 Threw 0x000000013db29920 at /HUDSON/workspace/7u-2-build-macosx-x86_64/jdk7u75/1940/hotspot/src/share/vm/prims/jvm.cpp:1281
Event: 5.993 Thread 0x00007fa42e071000 Threw 0x000000013db302e8 at /HUDSON/workspace/7u-2-build-macosx-x86_64/jdk7u75/1940/hotspot/src/share/vm/prims/jni.cpp:717
Event: 5.994 Thread 0x00007fa42e071000 Threw 0x000000013db328f8 at /HUDSON/workspace/7u-2-build-macosx-x86_64/jdk7u75/1940/hotspot/src/share/vm/prims/jni.cpp:717
Event: 5.996 Thread 0x00007fa42e071000 Threw 0x000000013db3e468 at /HUDSON/workspace/7u-2-build-macosx-x86_64/jdk7u75/1940/hotspot/src/share/vm/prims/jvm.cpp:1281
Event: 5.997 Thread 0x00007fa42e071000 Threw 0x000000013db42950 at /HUDSON/workspace/7u-2-build-macosx-x86_64/jdk7u75/1940/hotspot/src/share/vm/prims/jvm.cpp:1281
Event: 5.998 Thread 0x00007fa42e071000 Threw 0x000000013db47b20 at /HUDSON/workspace/7u-2-build-macosx-x86_64/jdk7u75/1940/hotspot/src/share/vm/prims/jvm.cpp:1281
Event: 5.998 Thread 0x00007fa42e071000 Threw 0x000000013db4c160 at /HUDSON/workspace/7u-2-build-macosx-x86_64/jdk7u75/1940/hotspot/src/share/vm/prims/jvm.cpp:1281
Event: 6.000 Thread 0x00007fa42e071000 Threw 0x000000013db52b58 at /HUDSON/workspace/7u-2-build-macosx-x86_64/jdk7u75/1940/hotspot/src/share/vm/prims/jvm.cpp:1281

Events (10 events):
Event: 5.998 loading class 0x00007fa430114a00
Event: 5.998 loading class 0x00007fa430114a00 done
Event: 5.998 Executing VM operation: RevokeBias
Event: 5.998 Executing VM operation: RevokeBias done
Event: 6.000 loading class 0x00007fa4301129e0
Event: 6.000 loading class 0x00007fa4301129e0 done
Event: 6.000 Thread 0x00007fa42c235000 Thread added: 0x00007fa42c235000
Event: 6.008 Executing VM operation: RevokeBias
Event: 6.008 Executing VM operation: RevokeBias done
Event: 6.008 Thread 0x00007fa42c235000 Thread exited: 0x00007fa42c235000


Dynamic libraries:
0x000000000493d000 	/System/Library/Frameworks/Cocoa.framework/Versions/A/Cocoa
0x000000000493d000 	/System/Library/Frameworks/Security.framework/Versions/A/Security
0x000000000493d000 	/System/Library/Frameworks/ApplicationServices.framework/Versions/A/ApplicationServices
0x000000000493d000 	/usr/lib/libz.1.dylib
0x000000000493d000 	/usr/lib/libSystem.B.dylib
0x000000000493d000 	/usr/lib/libobjc.A.dylib
0x000000000493d000 	/System/Library/Frameworks/CoreFoundation.framework/Versions/A/CoreFoundation
0x000000000493d000 	/System/Library/Frameworks/Foundation.framework/Versions/C/Foundation
0x000000000493d000 	/System/Library/Frameworks/AppKit.framework/Versions/C/AppKit
0x000000000493d000 	/System/Library/Frameworks/CoreData.framework/Versions/A/CoreData
0x000000000493d000 	/System/Library/PrivateFrameworks/RemoteViewServices.framework/Versions/A/RemoteViewServices
0x000000000493d000 	/System/Library/Frameworks/AudioToolbox.framework/Versions/A/AudioToolbox
0x000000000493d000 	/System/Library/Frameworks/AudioUnit.framework/Versions/A/AudioUnit
0x000000000493d000 	/System/Library/PrivateFrameworks/DataDetectorsCore.framework/Versions/A/DataDetectorsCore
0x000000000493d000 	/System/Library/PrivateFrameworks/DesktopServicesPriv.framework/Versions/A/DesktopServicesPriv
0x000000000493d000 	/System/Library/Frameworks/Carbon.framework/Versions/A/Frameworks/HIToolbox.framework/Versions/A/HIToolbox
0x000000000493d000 	/System/Library/Frameworks/QuartzCore.framework/Versions/A/QuartzCore
0x000000000493d000 	/System/Library/Frameworks/Carbon.framework/Versions/A/Frameworks/SpeechRecognition.framework/Versions/A/SpeechRecognition
0x000000000493d000 	/usr/lib/libauto.dylib
0x000000000493d000 	/usr/lib/libicucore.A.dylib
0x000000000493d000 	/usr/lib/libxml2.2.dylib
0x000000000493d000 	/System/Library/PrivateFrameworks/CoreUI.framework/Versions/A/CoreUI
0x000000000493d000 	/System/Library/Frameworks/CoreAudio.framework/Versions/A/CoreAudio
0x000000000493d000 	/System/Library/Frameworks/DiskArbitration.framework/Versions/A/DiskArbitration
0x000000000493d000 	/usr/lib/liblangid.dylib
0x000000000493d000 	/System/Library/PrivateFrameworks/MultitouchSupport.framework/Versions/A/MultitouchSupport
0x000000000493d000 	/System/Library/Frameworks/IOKit.framework/Versions/A/IOKit
0x000000000493d000 	/usr/lib/libDiagnosticMessagesClient.dylib
0x000000000493d000 	/System/Library/Frameworks/CoreServices.framework/Versions/A/CoreServices
0x000000000493d000 	/System/Library/PrivateFrameworks/PerformanceAnalysis.framework/Versions/A/PerformanceAnalysis
0x000000000493d000 	/System/Library/PrivateFrameworks/GenerationalStorage.framework/Versions/A/GenerationalStorage
0x000000000493d000 	/System/Library/Frameworks/OpenGL.framework/Versions/A/OpenGL
0x000000000493d000 	/System/Library/Frameworks/CoreText.framework/Versions/A/CoreText
0x000000000493d000 	/System/Library/Frameworks/ImageIO.framework/Versions/A/ImageIO
0x000000000493d000 	/System/Library/PrivateFrameworks/Backup.framework/Versions/A/Backup
0x000000000493d000 	/System/Library/Frameworks/CFNetwork.framework/Versions/A/CFNetwork
0x000000000493d000 	/System/Library/Frameworks/SystemConfiguration.framework/Versions/A/SystemConfiguration
0x000000000493d000 	/usr/lib/libCRFSuite.dylib
0x000000000493d000 	/System/Library/PrivateFrameworks/TCC.framework/Versions/A/TCC
0x000000000493d000 	/usr/lib/libc++.1.dylib
0x000000000493d000 	/usr/lib/libc++abi.dylib
0x000000000493d000 	/usr/lib/system/libcache.dylib
0x000000000493d000 	/usr/lib/system/libcommonCrypto.dylib
0x000000000493d000 	/usr/lib/system/libcompiler_rt.dylib
0x000000000493d000 	/usr/lib/system/libcopyfile.dylib
0x000000000493d000 	/usr/lib/system/libdispatch.dylib
0x000000000493d000 	/usr/lib/system/libdnsinfo.dylib
0x000000000493d000 	/usr/lib/system/libdyld.dylib
0x000000000493d000 	/usr/lib/system/libkeymgr.dylib
0x000000000493d000 	/usr/lib/system/liblaunch.dylib
0x000000000493d000 	/usr/lib/system/libmacho.dylib
0x000000000493d000 	/usr/lib/system/libquarantine.dylib
0x000000000493d000 	/usr/lib/system/libremovefile.dylib
0x000000000493d000 	/usr/lib/system/libsystem_blocks.dylib
0x000000000493d000 	/usr/lib/system/libsystem_c.dylib
0x000000000493d000 	/usr/lib/system/libsystem_dnssd.dylib
0x000000000493d000 	/usr/lib/system/libsystem_info.dylib
0x000000000493d000 	/usr/lib/system/libsystem_kernel.dylib
0x000000000493d000 	/usr/lib/system/libsystem_m.dylib
0x000000000493d000 	/usr/lib/system/libsystem_network.dylib
0x000000000493d000 	/usr/lib/system/libsystem_notify.dylib
0x000000000493d000 	/usr/lib/system/libsystem_sandbox.dylib
0x000000000493d000 	/usr/lib/system/libunc.dylib
0x000000000493d000 	/usr/lib/system/libunwind.dylib
0x000000000493d000 	/usr/lib/system/libxpc.dylib
0x000000000493d000 	/usr/lib/system/libcorecrypto.dylib
0x000000000493d000 	/usr/lib/libstdc++.6.dylib
0x000000000493d000 	/usr/lib/libbsm.0.dylib
0x000000000493d000 	/usr/lib/libsqlite3.dylib
0x000000000493d000 	/usr/lib/libxar.1.dylib
0x000000000493d000 	/usr/lib/libpam.2.dylib
0x000000000493d000 	/usr/lib/libOpenScriptingUtil.dylib
0x000000000493d000 	/usr/lib/libbz2.1.0.dylib
0x000000000493d000 	/System/Library/Frameworks/CoreServices.framework/Versions/A/Frameworks/CarbonCore.framework/Versions/A/CarbonCore
0x000000000493d000 	/System/Library/Frameworks/CoreServices.framework/Versions/A/Frameworks/Metadata.framework/Versions/A/Metadata
0x000000000493d000 	/System/Library/Frameworks/CoreServices.framework/Versions/A/Frameworks/OSServices.framework/Versions/A/OSServices
0x000000000493d000 	/System/Library/Frameworks/CoreServices.framework/Versions/A/Frameworks/SearchKit.framework/Versions/A/SearchKit
0x000000000493d000 	/System/Library/Frameworks/CoreServices.framework/Versions/A/Frameworks/AE.framework/Versions/A/AE
0x000000000493d000 	/System/Library/Frameworks/CoreServices.framework/Versions/A/Frameworks/LaunchServices.framework/Versions/A/LaunchServices
0x000000000493d000 	/System/Library/Frameworks/CoreServices.framework/Versions/A/Frameworks/DictionaryServices.framework/Versions/A/DictionaryServices
0x000000000493d000 	/System/Library/Frameworks/NetFS.framework/Versions/A/NetFS
0x000000000493d000 	/usr/lib/system/libkxld.dylib
0x000000000493d000 	/System/Library/PrivateFrameworks/NetAuth.framework/Versions/A/NetAuth
0x000000000493d000 	/System/Library/Frameworks/OpenDirectory.framework/Versions/A/Frameworks/CFOpenDirectory.framework/Versions/A/CFOpenDirectory
0x000000000493d000 	/usr/lib/libxslt.1.dylib
0x000000000493d000 	/System/Library/PrivateFrameworks/FamilyControls.framework/Versions/A/FamilyControls
0x000000000493d000 	/System/Library/Frameworks/Carbon.framework/Versions/A/Frameworks/Ink.framework/Versions/A/Ink
0x000000000493d000 	/System/Library/Frameworks/ApplicationServices.framework/Versions/A/Frameworks/CoreGraphics.framework/Versions/A/CoreGraphics
0x000000000493d000 	/System/Library/Frameworks/ApplicationServices.framework/Versions/A/Frameworks/ATS.framework/Versions/A/ATS
0x000000000493d000 	/System/Library/Frameworks/ApplicationServices.framework/Versions/A/Frameworks/ColorSync.framework/Versions/A/ColorSync
0x000000000493d000 	/System/Library/Frameworks/ApplicationServices.framework/Versions/A/Frameworks/HIServices.framework/Versions/A/HIServices
0x000000000493d000 	/System/Library/Frameworks/ApplicationServices.framework/Versions/A/Frameworks/LangAnalysis.framework/Versions/A/LangAnalysis
0x000000000493d000 	/System/Library/Frameworks/ApplicationServices.framework/Versions/A/Frameworks/PrintCore.framework/Versions/A/PrintCore
0x000000000493d000 	/System/Library/Frameworks/ApplicationServices.framework/Versions/A/Frameworks/QD.framework/Versions/A/QD
0x000000000493d000 	/System/Library/Frameworks/ApplicationServices.framework/Versions/A/Frameworks/SpeechSynthesis.framework/Versions/A/SpeechSynthesis
0x000000000493d000 	/System/Library/Frameworks/IOSurface.framework/Versions/A/IOSurface
0x000000000493d000 	/System/Library/Frameworks/Accelerate.framework/Versions/A/Accelerate
0x000000000493d000 	/System/Library/Frameworks/ApplicationServices.framework/Versions/A/Frameworks/ATS.framework/Versions/A/Resources/libFontParser.dylib
0x000000000493d000 	/System/Library/Frameworks/ApplicationServices.framework/Versions/A/Frameworks/ATS.framework/Versions/A/Resources/libFontRegistry.dylib
0x000000000493d000 	/System/Library/Frameworks/Accelerate.framework/Versions/A/Frameworks/vImage.framework/Versions/A/vImage
0x000000000493d000 	/System/Library/Frameworks/Accelerate.framework/Versions/A/Frameworks/vecLib.framework/Versions/A/vecLib
0x000000000493d000 	/System/Library/Frameworks/Accelerate.framework/Versions/A/Frameworks/vecLib.framework/Versions/A/libvDSP.dylib
0x000000000493d000 	/System/Library/Frameworks/Accelerate.framework/Versions/A/Frameworks/vecLib.framework/Versions/A/libvMisc.dylib
0x000000000493d000 	/System/Library/Frameworks/Accelerate.framework/Versions/A/Frameworks/vecLib.framework/Versions/A/libLAPACK.dylib
0x000000000493d000 	/System/Library/Frameworks/Accelerate.framework/Versions/A/Frameworks/vecLib.framework/Versions/A/libBLAS.dylib
0x000000000493d000 	/System/Library/Frameworks/ImageIO.framework/Versions/A/Resources/libJPEG.dylib
0x000000000493d000 	/System/Library/Frameworks/ImageIO.framework/Versions/A/Resources/libTIFF.dylib
0x000000000493d000 	/System/Library/Frameworks/ImageIO.framework/Versions/A/Resources/libPng.dylib
0x000000000493d000 	/System/Library/Frameworks/ImageIO.framework/Versions/A/Resources/libGIF.dylib
0x000000000493d000 	/System/Library/Frameworks/ImageIO.framework/Versions/A/Resources/libJP2.dylib
0x000000000493d000 	/System/Library/Frameworks/ImageIO.framework/Versions/A/Resources/libRadiance.dylib
0x000000000493d000 	/usr/lib/libcups.2.dylib
0x000000000493d000 	/System/Library/Frameworks/Kerberos.framework/Versions/A/Kerberos
0x000000000493d000 	/System/Library/Frameworks/GSS.framework/Versions/A/GSS
0x000000000493d000 	/usr/lib/libresolv.9.dylib
0x000000000493d000 	/usr/lib/libiconv.2.dylib
0x000000000493d000 	/System/Library/PrivateFrameworks/Heimdal.framework/Versions/A/Heimdal
0x000000000493d000 	/System/Library/PrivateFrameworks/TrustEvaluationAgent.framework/Versions/A/TrustEvaluationAgent
0x000000000493d000 	/System/Library/Frameworks/OpenDirectory.framework/Versions/A/OpenDirectory
0x000000000493d000 	/System/Library/PrivateFrameworks/CommonAuth.framework/Versions/A/CommonAuth
0x000000000493d000 	/System/Library/PrivateFrameworks/Bom.framework/Versions/A/Bom
0x000000000493d000 	/System/Library/Frameworks/CoreVideo.framework/Versions/A/CoreVideo
0x000000000493d000 	/System/Library/Frameworks/QuartzCore.framework/Versions/A/Frameworks/CoreImage.framework/Versions/A/CoreImage
0x000000000493d000 	/System/Library/Frameworks/QuartzCore.framework/Versions/A/Frameworks/ScalableUserInterface.framework/Versions/A/ScalableUserInterface
0x000000000493d000 	/System/Library/Frameworks/OpenGL.framework/Versions/A/Libraries/libGLU.dylib
0x000000000493d000 	/System/Library/Frameworks/OpenGL.framework/Versions/A/Libraries/libGFXShared.dylib
0x000000000493d000 	/System/Library/Frameworks/OpenGL.framework/Versions/A/Libraries/libGL.dylib
0x000000000493d000 	/System/Library/Frameworks/OpenGL.framework/Versions/A/Libraries/libGLImage.dylib
0x000000000493d000 	/System/Library/Frameworks/OpenGL.framework/Versions/A/Libraries/libCVMSPluginSupport.dylib
0x000000000493d000 	/System/Library/Frameworks/OpenGL.framework/Versions/A/Libraries/libCoreVMClient.dylib
0x000000000493d000 	/System/Library/PrivateFrameworks/CrashReporterSupport.framework/Versions/A/CrashReporterSupport
0x000000000493d000 	/System/Library/Frameworks/OpenCL.framework/Versions/A/OpenCL
0x000000000493d000 	/System/Library/PrivateFrameworks/FaceCoreLight.framework/Versions/A/FaceCoreLight
0x000000000493d000 	/System/Library/PrivateFrameworks/AppleFSCompression.framework/Versions/A/AppleFSCompression
0x000000000493d000 	/System/Library/PrivateFrameworks/Ubiquity.framework/Versions/A/Ubiquity
0x000000000493d000 	/System/Library/Frameworks/ServiceManagement.framework/Versions/A/ServiceManagement
0x000000000493d000 	/System/Library/PrivateFrameworks/ChunkingLibrary.framework/Versions/A/ChunkingLibrary
0x000000000493d000 	/System/Library/Frameworks/vecLib.framework/Versions/A/vecLib
0x000000000493d000 	/System/Library/Frameworks/SecurityFoundation.framework/Versions/A/SecurityFoundation
0x000000000493d000 	/System/Library/PrivateFrameworks/CommerceKit.framework/Versions/A/Frameworks/CommerceCore.framework/Versions/A/CommerceCore
0x000000000493d000 	/System/Library/PrivateFrameworks/CoreSymbolication.framework/Versions/A/CoreSymbolication
0x000000000493d000 	/System/Library/PrivateFrameworks/Symbolication.framework/Versions/A/Symbolication
0x000000000493d000 	/System/Library/PrivateFrameworks/DebugSymbols.framework/Versions/A/DebugSymbols
0x000000010917b000 	/Library/Java/JavaVirtualMachines/jdk1.7.0_75.jdk/Contents/Home/jre/lib/server/libjvm.dylib
0x0000000109cdf000 	/Library/Java/JavaVirtualMachines/jdk1.7.0_75.jdk/Contents/Home/jre/lib/libverify.dylib
0x0000000109cec000 	/Library/Java/JavaVirtualMachines/jdk1.7.0_75.jdk/Contents/Home/jre/lib/libjava.dylib
0x0000000109da9000 	/Library/Java/JavaVirtualMachines/jdk1.7.0_75.jdk/Contents/Home/jre/lib/libzip.dylib
0x0000000156344000 	/System/Library/Frameworks/JavaVM.framework/Frameworks/JavaRuntimeSupport.framework/JavaRuntimeSupport
0x000000015635c000 	/System/Library/Frameworks/JavaVM.framework/Versions/A/Frameworks/JavaNativeFoundation.framework/Versions/A/JavaNativeFoundation
0x000000010ce73000 	/System/Library/Frameworks/JavaVM.framework/Versions/A/JavaVM
0x000000000493d000 	/System/Library/Frameworks/Carbon.framework/Versions/A/Carbon
0x0000000156371000 	/System/Library/PrivateFrameworks/JavaLaunching.framework/Versions/A/JavaLaunching
0x000000000493d000 	/System/Library/Frameworks/Carbon.framework/Versions/A/Frameworks/CommonPanels.framework/Versions/A/CommonPanels
0x000000000493d000 	/System/Library/Frameworks/Carbon.framework/Versions/A/Frameworks/Help.framework/Versions/A/Help
0x000000000493d000 	/System/Library/Frameworks/Carbon.framework/Versions/A/Frameworks/ImageCapture.framework/Versions/A/ImageCapture
0x000000000493d000 	/System/Library/Frameworks/Carbon.framework/Versions/A/Frameworks/OpenScripting.framework/Versions/A/OpenScripting
0x000000000493d000 	/System/Library/Frameworks/Carbon.framework/Versions/A/Frameworks/Print.framework/Versions/A/Print
0x000000000493d000 	/System/Library/Frameworks/Carbon.framework/Versions/A/Frameworks/SecurityHI.framework/Versions/A/SecurityHI
0x00000001569e7000 	/Library/Java/JavaVirtualMachines/jdk1.7.0_75.jdk/Contents/Home/jre/lib/libawt.dylib
0x0000000156a96000 	/Library/Java/JavaVirtualMachines/jdk1.7.0_75.jdk/Contents/Home/jre/lib/./libmlib_image.dylib
0x0000000156b62000 	/Library/Java/JavaVirtualMachines/jdk1.7.0_75.jdk/Contents/Home/jre/lib/lwawt/liblwawt.dylib
0x0000000156c16000 	/Library/Java/JavaVirtualMachines/jdk1.7.0_75.jdk/Contents/Home/jre/lib/libosxapp.dylib
0x0000000156c32000 	/System/Library/Frameworks/ExceptionHandling.framework/Versions/A/ExceptionHandling
0x000000000493d000 	/System/Library/PrivateFrameworks/CoreServicesInternal.framework/Versions/A/CoreServicesInternal
0x000000000493d000 	/System/Library/PrivateFrameworks/Librarian.framework/Versions/A/Librarian
0x000000000493d000 	/System/Library/Frameworks/ApplicationServices.framework/Versions/A/Frameworks/CoreGraphics.framework/Versions/A/Resources/libCSync.A.dylib
0x000000000493d000 	/System/Library/Frameworks/ApplicationServices.framework/Versions/A/Frameworks/CoreGraphics.framework/Versions/A/Resources/libRIP.A.dylib
0x000000000493d000 	/System/Library/Frameworks/ApplicationServices.framework/Versions/A/Frameworks/CoreGraphics.framework/Versions/A/Resources/libCGXType.A.dylib
0x000000015a7f9000 	/Library/Java/JavaVirtualMachines/jdk1.7.0_75.jdk/Contents/Home/jre/lib/libfontmanager.dylib
0x0000000158121000 	/Library/Java/JavaVirtualMachines/jdk1.7.0_75.jdk/Contents/Home/jre/lib/libosxui.dylib
0x000000015a963000 	/System/Library/Frameworks/OpenGL.framework/Resources/GLEngine.bundle/GLEngine
0x000000015ab58000 	/System/Library/Frameworks/OpenGL.framework/Versions/A/Libraries/libGLProgrammability.dylib
0x000000015ad00000 	/System/Library/Extensions/AppleIntelHD4000GraphicsGLDriver.bundle/Contents/MacOS/AppleIntelHD4000GraphicsGLDriver
0x000000015812b000 	/System/Library/PrivateFrameworks/IOAccelerator.framework/Versions/A/IOAccelerator
0x0000000158138000 	/System/Library/PrivateFrameworks/GPUSupport.framework/Versions/A/Libraries/libGPUSupportMercury.dylib
0x0000000158eea000 	/System/Library/Frameworks/OpenGL.framework/Resources//GLRendererFloat.bundle/GLRendererFloat
0x000000015814f000 	/System/Library/Frameworks/OpenCL.framework/Versions/A/Libraries/libcldcpuengine.dylib
0x000000000493d000 	/System/Library/PrivateFrameworks/DiskImages.framework/Versions/A/DiskImages
0x000000000493d000 	/System/Library/Frameworks/DiscRecording.framework/Versions/A/DiscRecording
0x000000000493d000 	/usr/lib/libcurl.4.dylib
0x000000000493d000 	/System/Library/PrivateFrameworks/MediaKit.framework/Versions/A/MediaKit
0x000000000493d000 	/usr/lib/libssl.0.9.8.dylib
0x000000000493d000 	/usr/lib/libcrypto.0.9.8.dylib
0x000000000493d000 	/System/Library/Frameworks/LDAP.framework/Versions/A/LDAP
0x000000000493d000 	/usr/lib/libsasl2.2.dylib
0x0000000157f91000 	/Library/Java/JavaVirtualMachines/jdk1.7.0_75.jdk/Contents/Home/jre/lib/libnet.dylib
0x0000000157fa7000 	/Library/Java/JavaVirtualMachines/jdk1.7.0_75.jdk/Contents/Home/jre/lib/libnio.dylib
0x000000015dea1000 	/Library/Java/JavaVirtualMachines/jdk1.7.0_75.jdk/Contents/Home/jre/lib/libdcpr.dylib
0x0000000161470000 	/Library/Java/JavaVirtualMachines/jdk1.7.0_75.jdk/Contents/Home/jre/lib/libsunec.dylib
0x000000016152e000 	/Library/Java/Extensions/librxtxSerial.jnilib

VM Arguments:
jvm_args: -Dfile.encoding=UTF-8 
java_command: jcan2.Main
Launcher Type: SUN_STANDARD

Environment Variables:
PATH=/usr/bin:/bin:/usr/sbin:/sbin
LD_LIBRARY_PATH=/Library/Java/JavaVirtualMachines/jdk1.7.0_75.jdk/Contents/Home/jre/lib/amd64:/Library/Java/JavaVirtualMachines/jdk1.7.0_75.jdk/Contents/Home/jre/lib/i386:
SHELL=/bin/bash
DISPLAY=/tmp/launch-dPkb48/org.macosforge.xquartz:0
DYLD_LIBRARY_PATH=/Applications/NetBeans/NetBeans 8.0.2.app/Contents/Resources/NetBeans/webcommon/bin:

Signal Handlers:
SIGSEGV: [libjvm.dylib+0x52d20d], sa_mask[0]=0xfffefeff, sa_flags=0x00000043
SIGBUS: [libjvm.dylib+0x52d20d], sa_mask[0]=0xfffefeff, sa_flags=0x00000042
SIGFPE: [libjvm.dylib+0x41ee7a], sa_mask[0]=0xfffefeff, sa_flags=0x00000042
SIGPIPE: [libjvm.dylib+0x41ee7a], sa_mask[0]=0xfffefeff, sa_flags=0x00000042
SIGXFSZ: [libjvm.dylib+0x41ee7a], sa_mask[0]=0xfffefeff, sa_flags=0x00000042
SIGILL: [libjvm.dylib+0x41ee7a], sa_mask[0]=0xfffefeff, sa_flags=0x00000042
SIGUSR1: SIG_DFL, sa_mask[0]=0x00000000, sa_flags=0x00000002
SIGUSR2: [libjvm.dylib+0x41e96c], sa_mask[0]=0x00000004, sa_flags=0x00000042
SIGHUP: [libjvm.dylib+0x41cbfd], sa_mask[0]=0xfffefeff, sa_flags=0x00000042
SIGINT: SIG_IGN, sa_mask[0]=0x00000000, sa_flags=0x00000000
SIGTERM: [libjvm.dylib+0x41cbfd], sa_mask[0]=0xfffefeff, sa_flags=0x00000042
SIGQUIT: [libjvm.dylib+0x41cbfd], sa_mask[0]=0xfffefeff, sa_flags=0x00000042


---------------  S Y S T E M  ---------------

OS:Bsduname:Darwin 12.6.0 Darwin Kernel Version 12.6.0: Wed Dec 17 19:11:40 PST 2014; root:xnu-2050.48.15~1/RELEASE_X86_64 x86_64
rlimit: STACK 8192k, CORE 0k, NPROC 709, NOFILE 10240, AS infinity
load average:0.76 0.87 0.86

CPU:total 4 (2 cores per cpu, 2 threads per core) family 6 model 58 stepping 9, cmov, cx8, fxsr, mmx, sse, sse2, sse3, ssse3, sse4.1, sse4.2, popcnt, avx, aes, erms, ht, tsc, tscinvbit, tscinv

Memory: 4k page, physical 4194304k(1048576k free)

/proc/meminfo:


vm_info: Java HotSpot(TM) 64-Bit Server VM (24.75-b04) for bsd-amd64 JRE (1.7.0_75-b13), built on Dec 18 2014 21:48:12 by "java_re" with gcc 4.2.1 (Based on Apple Inc. build 5658) (LLVM build 2336.11.00)

time: Tue Feb 24 16:54:28 2015
elapsed time: 6 seconds

