#
# A fatal error has been detected by the Java Runtime Environment:
#
#  SIGSEGV (0xb) at pc=0x000000016055f12f, pid=1870, tid=45323
#
# JRE version: Java(TM) SE Runtime Environment (7.0_75-b13) (build 1.7.0_75-b13)
# Java VM: Java HotSpot(TM) 64-Bit Server VM (24.75-b04 mixed mode bsd-amd64 compressed oops)
# Problematic frame:
# C  [librxtxSerial.jnilib+0x312f]  Java_gnu_io_RXTXPort_interruptEventLoop+0x6b
#
# Failed to write core dump. Core dumps have been disabled. To enable core dumping, try "ulimit -c unlimited" before starting Java again
#
# If you would like to submit a bug report, please visit:
#   http://bugreport.sun.com/bugreport/crash.jsp
# The crash happened outside the Java Virtual Machine in native code.
# See problematic frame for where to report the bug.
#

---------------  T H R E A D  ---------------

Current thread (0x00007fece31b5800):  JavaThread "AWT-EventQueue-0" [_thread_in_native, id=45323, stack(0x0000000160276000,0x0000000160376000)]

siginfo:si_signo=SIGSEGV: si_errno=0, si_code=1 (SEGV_MAPERR), si_addr=0x00000001653cc948

Registers:
RAX=0x0000000000000000, RBX=0x00000001653cc7e0, RCX=0x00000000ffffffff, RDX=0xffffffffffffffff
RSP=0x00000001603734b0, RBP=0x00000001603734c0, RSI=0x0000000000000000, RDI=0x000000000000003c
R8 =0x0000000000000000, R9 =0x0000000002faf080, R10=0x0000000000000001, R11=0x00007fff7614b250
R12=0x0000000000000030, R13=0x00000001120953d8, R14=0x0000000160373538, R15=0x00007fece31b5800
RIP=0x000000016055f12f, EFLAGS=0x0000000000010206, ERR=0x0000000000000004
  TRAPNO=0x000000000000000e

Top of Stack: (sp=0x00000001603734b0)
0x00000001603734b0:   00000001120953d8 0000000000000000
0x00000001603734c0:   0000000160373518 000000010debf758
0x00000001603734d0:   000000010deca443 00000001603734d8
0x00000001603734e0:   00000001120953d8 0000000160373538
0x00000001603734f0:   00000001120a53d8 0000000000000000
0x0000000160373500:   00000001120953d8 0000000000000000
0x0000000160373510:   0000000160373538 0000000160373580
0x0000000160373520:   000000010deb3058 0000000000000000
0x0000000160373530:   000000010debbcd8 0000000141c511e8
0x0000000160373540:   0000000160373540 000000011209595f
0x0000000160373550:   0000000160373598 00000001120a53d8
0x0000000160373560:   0000000000000000 00000001120959c8
0x0000000160373570:   0000000160373538 0000000160373598
0x0000000160373580:   00000001603735f0 000000010deb3058
0x0000000160373590:   0000000000000000 0000000141c511e8
0x00000001603735a0:   0000000141c511e8 0000000000000000
0x00000001603735b0:   00000001603735a0 00000001120966cb
0x00000001603735c0:   0000000160373618 00000001120a53d8
0x00000001603735d0:   0000000000000000 0000000112096730
0x00000001603735e0:   0000000160373598 0000000160373618
0x00000001603735f0:   0000000160373660 000000010deb3058
0x0000000160373600:   0000000000000000 0000000000000000
0x0000000160373610:   0000000141c511e8 0000000141c511e8
0x0000000160373620:   0000000160373620 00000001118712b1
0x0000000160373630:   0000000160373690 0000000111871868
0x0000000160373640:   0000000000000000 0000000111871310
0x0000000160373650:   0000000160373618 0000000160373680
0x0000000160373660:   00000001603736d8 000000010deb3058
0x0000000160373670:   0000000141c511e8 0000000141c31558
0x0000000160373680:   0000000000000053 0000000141f6f1f8
0x0000000160373690:   0000000141f6f188 0000000160373698
0x00000001603736a0:   00000001117ac0ea 00000001603736f8 

Instructions: (pc=0x000000016055f12f)
0x000000016055f10f:   00 01 00 00 00 48 8b bb 78 01 00 00 be 06 00 00
0x000000016055f11f:   00 e8 4d 27 00 00 bf 50 c3 00 00 e8 c7 27 00 00
0x000000016055f12f:   83 bb 68 01 00 00 01 74 16 48 8b bb 78 01 00 00
0x000000016055f13f:   e8 16 27 00 00 c7 83 68 01 00 00 01 00 00 00 5b 

Register to memory mapping:

RAX=0x0000000000000000 is an unknown value
RBX=0x00000001653cc7e0 is an unknown value
RCX=0x00000000ffffffff is an unknown value
RDX=0xffffffffffffffff is an unknown value
RSP=0x00000001603734b0 is pointing into the stack for thread: 0x00007fece31b5800
RBP=0x00000001603734c0 is pointing into the stack for thread: 0x00007fece31b5800
RSI=0x0000000000000000 is an unknown value
RDI=0x000000000000003c is an unknown value
R8 =0x0000000000000000 is an unknown value
R9 =0x0000000002faf080 is an unknown value
R10=0x0000000000000001 is an unknown value
R11=0x00007fff7614b250: errno+0 in /usr/lib/system/libsystem_kernel.dylib at 0x00007fff90704000
R12=0x0000000000000030 is an unknown value
R13=0x00000001120953d8 is an oop
{method} 
 - klass: {other class}
R14=0x0000000160373538 is pointing into the stack for thread: 0x00007fece31b5800
R15=0x00007fece31b5800 is a thread


Stack: [0x0000000160276000,0x0000000160376000],  sp=0x00000001603734b0,  free space=1013k
Native frames: (J=compiled Java code, j=interpreted, Vv=VM code, C=native code)
C  [librxtxSerial.jnilib+0x312f]  Java_gnu_io_RXTXPort_interruptEventLoop+0x6b
j  gnu.io.RXTXPort.interruptEventLoop()V+0
j  gnu.io.RXTXPort.removeEventListener()V+55
j  gnu.io.RXTXPort.close()V+91
j  jcan2.Serial.write(Ljava/lang/String;C)V+113
j  jcan2.MainWindow.serialInButtonActionPerformed(Ljava/awt/event/ActionEvent;)V+10
j  jcan2.MainWindow.access$1000(Ljcan2/MainWindow;Ljava/awt/event/ActionEvent;)V+2
j  jcan2.MainWindow$11.actionPerformed(Ljava/awt/event/ActionEvent;)V+5
j  javax.swing.AbstractButton.fireActionPerformed(Ljava/awt/event/ActionEvent;)V+84
j  javax.swing.AbstractButton$Handler.actionPerformed(Ljava/awt/event/ActionEvent;)V+5
j  javax.swing.DefaultButtonModel.fireActionPerformed(Ljava/awt/event/ActionEvent;)V+35
j  javax.swing.DefaultButtonModel.setPressed(Z)V+117
j  javax.swing.plaf.basic.BasicButtonListener.mouseReleased(Ljava/awt/event/MouseEvent;)V+35
j  java.awt.Component.processMouseEvent(Ljava/awt/event/MouseEvent;)V+64
j  javax.swing.JComponent.processMouseEvent(Ljava/awt/event/MouseEvent;)V+23
j  java.awt.Component.processEvent(Ljava/awt/AWTEvent;)V+81
j  java.awt.Container.processEvent(Ljava/awt/AWTEvent;)V+18
j  java.awt.Component.dispatchEventImpl(Ljava/awt/AWTEvent;)V+581
j  java.awt.Container.dispatchEventImpl(Ljava/awt/AWTEvent;)V+42
j  java.awt.Component.dispatchEvent(Ljava/awt/AWTEvent;)V+2
j  java.awt.LightweightDispatcher.retargetMouseEvent(Ljava/awt/Component;ILjava/awt/event/MouseEvent;)V+327
j  java.awt.LightweightDispatcher.processMouseEvent(Ljava/awt/event/MouseEvent;)Z+139
j  java.awt.LightweightDispatcher.dispatchEvent(Ljava/awt/AWTEvent;)Z+50
j  java.awt.Container.dispatchEventImpl(Ljava/awt/AWTEvent;)V+12
j  java.awt.Window.dispatchEventImpl(Ljava/awt/AWTEvent;)V+19
j  java.awt.Component.dispatchEvent(Ljava/awt/AWTEvent;)V+2
j  java.awt.EventQueue.dispatchEventImpl(Ljava/awt/AWTEvent;Ljava/lang/Object;)V+41
j  java.awt.EventQueue.access$300(Ljava/awt/EventQueue;Ljava/awt/AWTEvent;Ljava/lang/Object;)V+3
j  java.awt.EventQueue$3.run()Ljava/lang/Void;+12
j  java.awt.EventQueue$3.run()Ljava/lang/Object;+1
v  ~StubRoutines::call_stub
V  [libjvm.dylib+0x2dbb58]  JavaCalls::call_helper(JavaValue*, methodHandle*, JavaCallArguments*, Thread*)+0x22a
V  [libjvm.dylib+0x2db928]  JavaCalls::call(JavaValue*, methodHandle, JavaCallArguments*, Thread*)+0x28
V  [libjvm.dylib+0x32f100]  JVM_DoPrivileged+0x411
j  java.security.AccessController.doPrivileged(Ljava/security/PrivilegedAction;Ljava/security/AccessControlContext;)Ljava/lang/Object;+0
j  java.security.ProtectionDomain$1.doIntersectionPrivilege(Ljava/security/PrivilegedAction;Ljava/security/AccessControlContext;Ljava/security/AccessControlContext;)Ljava/lang/Object;+28
j  java.security.ProtectionDomain$1.doIntersectionPrivilege(Ljava/security/PrivilegedAction;Ljava/security/AccessControlContext;)Ljava/lang/Object;+6
j  java.awt.EventQueue$4.run()Ljava/lang/Void;+11
j  java.awt.EventQueue$4.run()Ljava/lang/Object;+1
v  ~StubRoutines::call_stub
V  [libjvm.dylib+0x2dbb58]  JavaCalls::call_helper(JavaValue*, methodHandle*, JavaCallArguments*, Thread*)+0x22a
V  [libjvm.dylib+0x2db928]  JavaCalls::call(JavaValue*, methodHandle, JavaCallArguments*, Thread*)+0x28
V  [libjvm.dylib+0x32f100]  JVM_DoPrivileged+0x411
j  java.security.AccessController.doPrivileged(Ljava/security/PrivilegedAction;Ljava/security/AccessControlContext;)Ljava/lang/Object;+0
j  java.security.ProtectionDomain$1.doIntersectionPrivilege(Ljava/security/PrivilegedAction;Ljava/security/AccessControlContext;Ljava/security/AccessControlContext;)Ljava/lang/Object;+28
j  java.awt.EventQueue.dispatchEvent(Ljava/awt/AWTEvent;)V+73
j  java.awt.EventDispatchThread.pumpOneEventForFilters(I)V+245
j  java.awt.EventDispatchThread.pumpEventsForFilter(ILjava/awt/Conditional;Ljava/awt/EventFilter;)V+35
j  java.awt.EventDispatchThread.pumpEventsForHierarchy(ILjava/awt/Conditional;Ljava/awt/Component;)V+11
j  java.awt.EventDispatchThread.pumpEvents(ILjava/awt/Conditional;)V+4
j  java.awt.EventDispatchThread.pumpEvents(Ljava/awt/Conditional;)V+3
j  java.awt.EventDispatchThread.run()V+9
v  ~StubRoutines::call_stub
V  [libjvm.dylib+0x2dbb58]  JavaCalls::call_helper(JavaValue*, methodHandle*, JavaCallArguments*, Thread*)+0x22a
V  [libjvm.dylib+0x2dc06f]  JavaCalls::call_virtual(JavaValue*, KlassHandle, Symbol*, Symbol*, JavaCallArguments*, Thread*)+0x11b
V  [libjvm.dylib+0x2dc1ac]  JavaCalls::call_virtual(JavaValue*, Handle, KlassHandle, Symbol*, Symbol*, Thread*)+0x4a
V  [libjvm.dylib+0x32b082]  thread_entry(JavaThread*, Thread*)+0xad
V  [libjvm.dylib+0x4f6cb9]  JavaThread::thread_main_inner()+0x9b
V  [libjvm.dylib+0x4f83c1]  JavaThread::run()+0x1a3
V  [libjvm.dylib+0x421762]  java_start(Thread*)+0x126
C  [libsystem_c.dylib+0x14772]  _pthread_start+0x147
C  [libsystem_c.dylib+0x11a1]  thread_start+0xd

Java frames: (J=compiled Java code, j=interpreted, Vv=VM code)
j  gnu.io.RXTXPort.interruptEventLoop()V+0
j  gnu.io.RXTXPort.removeEventListener()V+55
j  gnu.io.RXTXPort.close()V+91
j  jcan2.Serial.write(Ljava/lang/String;C)V+113
j  jcan2.MainWindow.serialInButtonActionPerformed(Ljava/awt/event/ActionEvent;)V+10
j  jcan2.MainWindow.access$1000(Ljcan2/MainWindow;Ljava/awt/event/ActionEvent;)V+2
j  jcan2.MainWindow$11.actionPerformed(Ljava/awt/event/ActionEvent;)V+5
j  javax.swing.AbstractButton.fireActionPerformed(Ljava/awt/event/ActionEvent;)V+84
j  javax.swing.AbstractButton$Handler.actionPerformed(Ljava/awt/event/ActionEvent;)V+5
j  javax.swing.DefaultButtonModel.fireActionPerformed(Ljava/awt/event/ActionEvent;)V+35
j  javax.swing.DefaultButtonModel.setPressed(Z)V+117
j  javax.swing.plaf.basic.BasicButtonListener.mouseReleased(Ljava/awt/event/MouseEvent;)V+35
j  java.awt.Component.processMouseEvent(Ljava/awt/event/MouseEvent;)V+64
j  javax.swing.JComponent.processMouseEvent(Ljava/awt/event/MouseEvent;)V+23
j  java.awt.Component.processEvent(Ljava/awt/AWTEvent;)V+81
j  java.awt.Container.processEvent(Ljava/awt/AWTEvent;)V+18
j  java.awt.Component.dispatchEventImpl(Ljava/awt/AWTEvent;)V+581
j  java.awt.Container.dispatchEventImpl(Ljava/awt/AWTEvent;)V+42
j  java.awt.Component.dispatchEvent(Ljava/awt/AWTEvent;)V+2
j  java.awt.LightweightDispatcher.retargetMouseEvent(Ljava/awt/Component;ILjava/awt/event/MouseEvent;)V+327
j  java.awt.LightweightDispatcher.processMouseEvent(Ljava/awt/event/MouseEvent;)Z+139
j  java.awt.LightweightDispatcher.dispatchEvent(Ljava/awt/AWTEvent;)Z+50
j  java.awt.Container.dispatchEventImpl(Ljava/awt/AWTEvent;)V+12
j  java.awt.Window.dispatchEventImpl(Ljava/awt/AWTEvent;)V+19
j  java.awt.Component.dispatchEvent(Ljava/awt/AWTEvent;)V+2
j  java.awt.EventQueue.dispatchEventImpl(Ljava/awt/AWTEvent;Ljava/lang/Object;)V+41
j  java.awt.EventQueue.access$300(Ljava/awt/EventQueue;Ljava/awt/AWTEvent;Ljava/lang/Object;)V+3
j  java.awt.EventQueue$3.run()Ljava/lang/Void;+12
j  java.awt.EventQueue$3.run()Ljava/lang/Object;+1
v  ~StubRoutines::call_stub
j  java.security.AccessController.doPrivileged(Ljava/security/PrivilegedAction;Ljava/security/AccessControlContext;)Ljava/lang/Object;+0
j  java.security.ProtectionDomain$1.doIntersectionPrivilege(Ljava/security/PrivilegedAction;Ljava/security/AccessControlContext;Ljava/security/AccessControlContext;)Ljava/lang/Object;+28
j  java.security.ProtectionDomain$1.doIntersectionPrivilege(Ljava/security/PrivilegedAction;Ljava/security/AccessControlContext;)Ljava/lang/Object;+6
j  java.awt.EventQueue$4.run()Ljava/lang/Void;+11
j  java.awt.EventQueue$4.run()Ljava/lang/Object;+1
v  ~StubRoutines::call_stub
j  java.security.AccessController.doPrivileged(Ljava/security/PrivilegedAction;Ljava/security/AccessControlContext;)Ljava/lang/Object;+0
j  java.security.ProtectionDomain$1.doIntersectionPrivilege(Ljava/security/PrivilegedAction;Ljava/security/AccessControlContext;Ljava/security/AccessControlContext;)Ljava/lang/Object;+28
j  java.awt.EventQueue.dispatchEvent(Ljava/awt/AWTEvent;)V+73
j  java.awt.EventDispatchThread.pumpOneEventForFilters(I)V+245
j  java.awt.EventDispatchThread.pumpEventsForFilter(ILjava/awt/Conditional;Ljava/awt/EventFilter;)V+35
j  java.awt.EventDispatchThread.pumpEventsForHierarchy(ILjava/awt/Conditional;Ljava/awt/Component;)V+11
j  java.awt.EventDispatchThread.pumpEvents(ILjava/awt/Conditional;)V+4
j  java.awt.EventDispatchThread.pumpEvents(Ljava/awt/Conditional;)V+3
j  java.awt.EventDispatchThread.run()V+9
v  ~StubRoutines::call_stub

---------------  P R O C E S S  ---------------

Java Threads: ( => current thread )
  0x00007fece40d8800 JavaThread "Keep-Alive-Timer" daemon [_thread_blocked, id=56839, stack(0x0000000165b0e000,0x0000000165c0e000)]
  0x00007fece3337000 JavaThread "TimerQueue" daemon [_thread_blocked, id=54811, stack(0x00000001647f3000,0x00000001648f3000)]
  0x00007fece21f3800 JavaThread "OSMJobThread 6" daemon [_thread_blocked, id=54019, stack(0x0000000164dfd000,0x0000000164efd000)]
  0x00007fece21bb000 JavaThread "OSMJobThread 5" daemon [_thread_blocked, id=53507, stack(0x0000000164cfa000,0x0000000164dfa000)]
  0x00007fece219a000 JavaThread "OSMJobThread 4" daemon [_thread_blocked, id=52995, stack(0x0000000164bf7000,0x0000000164cf7000)]
  0x00007fece21a5000 JavaThread "OSMJobThread 3" daemon [_thread_blocked, id=52483, stack(0x0000000164af4000,0x0000000164bf4000)]
  0x00007fece3334800 JavaThread "OSMJobThread 2" daemon [_thread_blocked, id=52259, stack(0x00000001649b1000,0x0000000164ab1000)]
  0x00007fece31a1800 JavaThread "OSMJobThread 1" daemon [_thread_blocked, id=45827, stack(0x0000000160379000,0x0000000160479000)]
  0x00007fece316c800 JavaThread "DestroyJavaVM" [_thread_blocked, id=6403, stack(0x000000010dcd8000,0x000000010ddd8000)]
=>0x00007fece31b5800 JavaThread "AWT-EventQueue-0" [_thread_in_native, id=45323, stack(0x0000000160276000,0x0000000160376000)]
  0x00007fece20fb000 JavaThread "Java2D Disposer" daemon [_thread_blocked, id=43267, stack(0x000000015feef000,0x000000015ffef000)]
  0x00007fece20c1000 JavaThread "Java2D Queue Flusher" daemon [_thread_blocked, id=39191, stack(0x000000015e8d9000,0x000000015e9d9000)]
  0x00007fece311f000 JavaThread "AWT-Shutdown" [_thread_blocked, id=29443, stack(0x000000015c041000,0x000000015c141000)]
  0x00007fece3817000 JavaThread "AppKit Thread" daemon [_thread_in_native, id=3847, stack(0x00007fff522b7000,0x00007fff52ab7000)]
  0x00007fece3088000 JavaThread "Service Thread" daemon [_thread_blocked, id=23299, stack(0x000000015a910000,0x000000015aa10000)]
  0x00007fece3087000 JavaThread "C2 CompilerThread1" daemon [_thread_blocked, id=22787, stack(0x000000015a80d000,0x000000015a90d000)]
  0x00007fece3050000 JavaThread "C2 CompilerThread0" daemon [_thread_blocked, id=22275, stack(0x000000015a70a000,0x000000015a80a000)]
  0x00007fece304f000 JavaThread "Signal Dispatcher" daemon [_thread_blocked, id=21763, stack(0x000000015a607000,0x000000015a707000)]
  0x00007fece400a800 JavaThread "Finalizer" daemon [_thread_blocked, id=16899, stack(0x000000015a342000,0x000000015a442000)]
  0x00007fece3045800 JavaThread "Reference Handler" daemon [_thread_blocked, id=16387, stack(0x000000015a23f000,0x000000015a33f000)]

Other Threads:
  0x00007fece3042800 VMThread [stack: 0x000000015a13c000,0x000000015a23c000] [id=15875]
  0x00007fece3081800 WatcherThread [stack: 0x000000015aa13000,0x000000015ab13000] [id=23811]

VM state:not at safepoint (normal execution)

VM Mutex/Monitor currently owned by a thread: None

Heap
 PSYoungGen      total 19456K, used 19001K [0x0000000140c80000, 0x0000000142200000, 0x0000000156200000)
  eden space 16896K, 97% used [0x0000000140c80000,0x0000000141c8ebc8,0x0000000141d00000)
  from space 2560K, 99% used [0x0000000141d00000,0x0000000141f7f848,0x0000000141f80000)
  to   space 2560K, 0% used [0x0000000141f80000,0x0000000141f80000,0x0000000142200000)
 ParOldGen       total 43520K, used 3083K [0x0000000116200000, 0x0000000118c80000, 0x0000000140c80000)
  object space 43520K, 7% used [0x0000000116200000,0x0000000116502f48,0x0000000118c80000)
 PSPermGen       total 21504K, used 17063K [0x0000000111000000, 0x0000000112500000, 0x0000000116200000)
  object space 21504K, 79% used [0x0000000111000000,0x00000001120a9f28,0x0000000112500000)

Card table byte_map: [0x0000000156200000,0x000000015642a000] byte_map_base: 0x0000000155978000

Polling page: 0x000000010de17000

Code Cache  [0x000000010dead000, 0x000000010e11d000, 0x0000000110ead000)
 total_blobs=663 nmethods=146 adapters=471 free_code_cache=48322Kb largest_free_block=49454336

Compilation events (10 events):
Event: 4.259 Thread 0x00007fece3087000  141             sun.java2d.pipe.RenderBuffer::putInt (26 bytes)
Event: 4.260 Thread 0x00007fece3087000 nmethod 141 0x000000010df78050 code [0x000000010df78180, 0x000000010df78218]
Event: 6.660 Thread 0x00007fece3050000  143             java.util.ArrayList::elementData (7 bytes)
Event: 6.660 Thread 0x00007fece3087000  144             java.util.ArrayList::rangeCheck (22 bytes)
Event: 6.661 Thread 0x00007fece3087000 nmethod 144 0x000000010df77e10 code [0x000000010df77f40, 0x000000010df77fb8]
Event: 6.661 Thread 0x00007fece3087000  145             java.util.ArrayList::size (5 bytes)
Event: 6.661 Thread 0x00007fece3050000 nmethod 143 0x000000010df77a90 code [0x000000010df77be0, 0x000000010df77c98]
Event: 6.661 Thread 0x00007fece3087000 nmethod 145 0x000000010df7b550 code [0x000000010df7b680, 0x000000010df7b6d8]
Event: 6.758 Thread 0x00007fece3050000  146             java.util.ArrayList::get (11 bytes)
Event: 6.759 Thread 0x00007fece3050000 nmethod 146 0x000000010df7b250 code [0x000000010df7b3a0, 0x000000010df7b458]

GC Heap History (2 events):
Event: 2.319 GC heap before
{Heap before GC invocations=1 (full 0):
 PSYoungGen      total 19456K, used 16896K [0x0000000140c80000, 0x0000000142200000, 0x0000000156200000)
  eden space 16896K, 100% used [0x0000000140c80000,0x0000000141d00000,0x0000000141d00000)
  from space 2560K, 0% used [0x0000000141f80000,0x0000000141f80000,0x0000000142200000)
  to   space 2560K, 0% used [0x0000000141d00000,0x0000000141d00000,0x0000000141f80000)
 ParOldGen       total 43520K, used 0K [0x0000000116200000, 0x0000000118c80000, 0x0000000140c80000)
  object space 43520K, 0% used [0x0000000116200000,0x0000000116200000,0x0000000118c80000)
 PSPermGen       total 21504K, used 14885K [0x0000000111000000, 0x0000000112500000, 0x0000000116200000)
  object space 21504K, 69% used [0x0000000111000000,0x0000000111e89420,0x0000000112500000)
Event: 2.340 GC heap after
Heap after GC invocations=1 (full 0):
 PSYoungGen      total 19456K, used 2558K [0x0000000140c80000, 0x0000000142200000, 0x0000000156200000)
  eden space 16896K, 0% used [0x0000000140c80000,0x0000000140c80000,0x0000000141d00000)
  from space 2560K, 99% used [0x0000000141d00000,0x0000000141f7f848,0x0000000141f80000)
  to   space 2560K, 0% used [0x0000000141f80000,0x0000000141f80000,0x0000000142200000)
 ParOldGen       total 43520K, used 3083K [0x0000000116200000, 0x0000000118c80000, 0x0000000140c80000)
  object space 43520K, 7% used [0x0000000116200000,0x0000000116502f48,0x0000000118c80000)
 PSPermGen       total 21504K, used 14885K [0x0000000111000000, 0x0000000112500000, 0x0000000116200000)
  object space 21504K, 69% used [0x0000000111000000,0x0000000111e89420,0x0000000112500000)
}

Deoptimization events (10 events):
Event: 2.462 Thread 0x00007fece3334800 Uncommon trap: reason=unreached action=reinterpret pc=0x000000010df585ec method=java.lang.Integer.parseInt(Ljava/lang/String;I)I @ 1
Event: 2.513 Thread 0x00007fece3334800 Uncommon trap: reason=unreached action=reinterpret pc=0x000000010df571ec method=java.math.BigInteger.squareToLen([II[I)[I @ 5
Event: 2.813 Thread 0x00007fece219a000 Uncommon trap: reason=unreached action=reinterpret pc=0x000000010df44464 method=java.util.Arrays.equals([B[B)Z @ 12
Event: 2.815 Thread 0x00007fece3334800 Uncommon trap: reason=unreached action=reinterpret pc=0x000000010df44464 method=java.util.Arrays.equals([B[B)Z @ 12
Event: 2.815 Thread 0x00007fece21bb000 Uncommon trap: reason=unreached action=reinterpret pc=0x000000010df44464 method=java.util.Arrays.equals([B[B)Z @ 12
Event: 2.815 Thread 0x00007fece21f3800 Uncommon trap: reason=unreached action=reinterpret pc=0x000000010df44464 method=java.util.Arrays.equals([B[B)Z @ 12
Event: 2.889 Thread 0x00007fece21f3800 Uncommon trap: reason=class_check action=maybe_recompile pc=0x000000010df54a2c method=java.io.FilterInputStream.read()I @ 4
Event: 2.889 Thread 0x00007fece21f3800 Uncommon trap: reason=class_check action=maybe_recompile pc=0x000000010df54a2c method=java.io.FilterInputStream.read()I @ 4
Event: 2.889 Thread 0x00007fece21f3800 Uncommon trap: reason=class_check action=maybe_recompile pc=0x000000010df54a2c method=java.io.FilterInputStream.read()I @ 4
Event: 2.889 Thread 0x00007fece21f3800 Uncommon trap: reason=class_check action=maybe_recompile pc=0x000000010df54a2c method=java.io.FilterInputStream.read()I @ 4

Internal exceptions (10 events):
Event: 7.129 Thread 0x00007fece31b5800 Threw 0x0000000141c1d218 at /HUDSON/workspace/7u-2-build-macosx-x86_64/jdk7u75/1940/hotspot/src/share/vm/prims/jvm.cpp:1281
Event: 7.129 Thread 0x00007fece31b5800 Threw 0x0000000141c23300 at /HUDSON/workspace/7u-2-build-macosx-x86_64/jdk7u75/1940/hotspot/src/share/vm/prims/jvm.cpp:1281
Event: 7.269 Thread 0x00007fece31b5800 Threw 0x0000000141c29a30 at /HUDSON/workspace/7u-2-build-macosx-x86_64/jdk7u75/1940/hotspot/src/share/vm/prims/jvm.cpp:1281
Event: 7.270 Thread 0x00007fece31b5800 Threw 0x0000000141c303f8 at /HUDSON/workspace/7u-2-build-macosx-x86_64/jdk7u75/1940/hotspot/src/share/vm/prims/jni.cpp:717
Event: 7.271 Thread 0x00007fece31b5800 Threw 0x0000000141c32a08 at /HUDSON/workspace/7u-2-build-macosx-x86_64/jdk7u75/1940/hotspot/src/share/vm/prims/jni.cpp:717
Event: 7.274 Thread 0x00007fece31b5800 Threw 0x0000000141c3e560 at /HUDSON/workspace/7u-2-build-macosx-x86_64/jdk7u75/1940/hotspot/src/share/vm/prims/jvm.cpp:1281
Event: 7.275 Thread 0x00007fece31b5800 Threw 0x0000000141c42a48 at /HUDSON/workspace/7u-2-build-macosx-x86_64/jdk7u75/1940/hotspot/src/share/vm/prims/jvm.cpp:1281
Event: 7.275 Thread 0x00007fece31b5800 Threw 0x0000000141c47c18 at /HUDSON/workspace/7u-2-build-macosx-x86_64/jdk7u75/1940/hotspot/src/share/vm/prims/jvm.cpp:1281
Event: 7.276 Thread 0x00007fece31b5800 Threw 0x0000000141c4c280 at /HUDSON/workspace/7u-2-build-macosx-x86_64/jdk7u75/1940/hotspot/src/share/vm/prims/jvm.cpp:1281
Event: 7.278 Thread 0x00007fece31b5800 Threw 0x0000000141c52c78 at /HUDSON/workspace/7u-2-build-macosx-x86_64/jdk7u75/1940/hotspot/src/share/vm/prims/jvm.cpp:1281

Events (10 events):
Event: 7.275 loading class 0x00007fece51336c0
Event: 7.275 loading class 0x00007fece51336c0 done
Event: 7.276 loading class 0x00007fece284bd90
Event: 7.276 loading class 0x00007fece284bd90 done
Event: 7.278 loading class 0x00007fece5133460
Event: 7.278 loading class 0x00007fece5133460 done
Event: 7.278 Thread 0x00007fece320f000 Thread added: 0x00007fece320f000
Event: 7.286 Executing VM operation: RevokeBias
Event: 7.286 Executing VM operation: RevokeBias done
Event: 7.286 Thread 0x00007fece320f000 Thread exited: 0x00007fece320f000


Dynamic libraries:
0x000000000493d000 	/System/Library/Frameworks/Cocoa.framework/Versions/A/Cocoa
0x000000000493d000 	/System/Library/Frameworks/Security.framework/Versions/A/Security
0x000000000493d000 	/System/Library/Frameworks/ApplicationServices.framework/Versions/A/ApplicationServices
0x000000000493d000 	/usr/lib/libz.1.dylib
0x000000000493d000 	/usr/lib/libSystem.B.dylib
0x000000000493d000 	/usr/lib/libobjc.A.dylib
0x000000000493d000 	/System/Library/Frameworks/CoreFoundation.framework/Versions/A/CoreFoundation
0x000000000493d000 	/System/Library/Frameworks/Foundation.framework/Versions/C/Foundation
0x000000000493d000 	/System/Library/Frameworks/AppKit.framework/Versions/C/AppKit
0x000000000493d000 	/System/Library/Frameworks/CoreData.framework/Versions/A/CoreData
0x000000000493d000 	/System/Library/PrivateFrameworks/RemoteViewServices.framework/Versions/A/RemoteViewServices
0x000000000493d000 	/System/Library/Frameworks/AudioToolbox.framework/Versions/A/AudioToolbox
0x000000000493d000 	/System/Library/Frameworks/AudioUnit.framework/Versions/A/AudioUnit
0x000000000493d000 	/System/Library/PrivateFrameworks/DataDetectorsCore.framework/Versions/A/DataDetectorsCore
0x000000000493d000 	/System/Library/PrivateFrameworks/DesktopServicesPriv.framework/Versions/A/DesktopServicesPriv
0x000000000493d000 	/System/Library/Frameworks/Carbon.framework/Versions/A/Frameworks/HIToolbox.framework/Versions/A/HIToolbox
0x000000000493d000 	/System/Library/Frameworks/QuartzCore.framework/Versions/A/QuartzCore
0x000000000493d000 	/System/Library/Frameworks/Carbon.framework/Versions/A/Frameworks/SpeechRecognition.framework/Versions/A/SpeechRecognition
0x000000000493d000 	/usr/lib/libauto.dylib
0x000000000493d000 	/usr/lib/libicucore.A.dylib
0x000000000493d000 	/usr/lib/libxml2.2.dylib
0x000000000493d000 	/System/Library/PrivateFrameworks/CoreUI.framework/Versions/A/CoreUI
0x000000000493d000 	/System/Library/Frameworks/CoreAudio.framework/Versions/A/CoreAudio
0x000000000493d000 	/System/Library/Frameworks/DiskArbitration.framework/Versions/A/DiskArbitration
0x000000000493d000 	/usr/lib/liblangid.dylib
0x000000000493d000 	/System/Library/PrivateFrameworks/MultitouchSupport.framework/Versions/A/MultitouchSupport
0x000000000493d000 	/System/Library/Frameworks/IOKit.framework/Versions/A/IOKit
0x000000000493d000 	/usr/lib/libDiagnosticMessagesClient.dylib
0x000000000493d000 	/System/Library/Frameworks/CoreServices.framework/Versions/A/CoreServices
0x000000000493d000 	/System/Library/PrivateFrameworks/PerformanceAnalysis.framework/Versions/A/PerformanceAnalysis
0x000000000493d000 	/System/Library/PrivateFrameworks/GenerationalStorage.framework/Versions/A/GenerationalStorage
0x000000000493d000 	/System/Library/Frameworks/OpenGL.framework/Versions/A/OpenGL
0x000000000493d000 	/System/Library/Frameworks/CoreText.framework/Versions/A/CoreText
0x000000000493d000 	/System/Library/Frameworks/ImageIO.framework/Versions/A/ImageIO
0x000000000493d000 	/System/Library/PrivateFrameworks/Backup.framework/Versions/A/Backup
0x000000000493d000 	/System/Library/Frameworks/CFNetwork.framework/Versions/A/CFNetwork
0x000000000493d000 	/System/Library/Frameworks/SystemConfiguration.framework/Versions/A/SystemConfiguration
0x000000000493d000 	/usr/lib/libCRFSuite.dylib
0x000000000493d000 	/System/Library/PrivateFrameworks/TCC.framework/Versions/A/TCC
0x000000000493d000 	/usr/lib/libc++.1.dylib
0x000000000493d000 	/usr/lib/libc++abi.dylib
0x000000000493d000 	/usr/lib/system/libcache.dylib
0x000000000493d000 	/usr/lib/system/libcommonCrypto.dylib
0x000000000493d000 	/usr/lib/system/libcompiler_rt.dylib
0x000000000493d000 	/usr/lib/system/libcopyfile.dylib
0x000000000493d000 	/usr/lib/system/libdispatch.dylib
0x000000000493d000 	/usr/lib/system/libdnsinfo.dylib
0x000000000493d000 	/usr/lib/system/libdyld.dylib
0x000000000493d000 	/usr/lib/system/libkeymgr.dylib
0x000000000493d000 	/usr/lib/system/liblaunch.dylib
0x000000000493d000 	/usr/lib/system/libmacho.dylib
0x000000000493d000 	/usr/lib/system/libquarantine.dylib
0x000000000493d000 	/usr/lib/system/libremovefile.dylib
0x000000000493d000 	/usr/lib/system/libsystem_blocks.dylib
0x000000000493d000 	/usr/lib/system/libsystem_c.dylib
0x000000000493d000 	/usr/lib/system/libsystem_dnssd.dylib
0x000000000493d000 	/usr/lib/system/libsystem_info.dylib
0x000000000493d000 	/usr/lib/system/libsystem_kernel.dylib
0x000000000493d000 	/usr/lib/system/libsystem_m.dylib
0x000000000493d000 	/usr/lib/system/libsystem_network.dylib
0x000000000493d000 	/usr/lib/system/libsystem_notify.dylib
0x000000000493d000 	/usr/lib/system/libsystem_sandbox.dylib
0x000000000493d000 	/usr/lib/system/libunc.dylib
0x000000000493d000 	/usr/lib/system/libunwind.dylib
0x000000000493d000 	/usr/lib/system/libxpc.dylib
0x000000000493d000 	/usr/lib/system/libcorecrypto.dylib
0x000000000493d000 	/usr/lib/libstdc++.6.dylib
0x000000000493d000 	/usr/lib/libbsm.0.dylib
0x000000000493d000 	/usr/lib/libsqlite3.dylib
0x000000000493d000 	/usr/lib/libxar.1.dylib
0x000000000493d000 	/usr/lib/libpam.2.dylib
0x000000000493d000 	/usr/lib/libOpenScriptingUtil.dylib
0x000000000493d000 	/usr/lib/libbz2.1.0.dylib
0x000000000493d000 	/System/Library/Frameworks/CoreServices.framework/Versions/A/Frameworks/CarbonCore.framework/Versions/A/CarbonCore
0x000000000493d000 	/System/Library/Frameworks/CoreServices.framework/Versions/A/Frameworks/Metadata.framework/Versions/A/Metadata
0x000000000493d000 	/System/Library/Frameworks/CoreServices.framework/Versions/A/Frameworks/OSServices.framework/Versions/A/OSServices
0x000000000493d000 	/System/Library/Frameworks/CoreServices.framework/Versions/A/Frameworks/SearchKit.framework/Versions/A/SearchKit
0x000000000493d000 	/System/Library/Frameworks/CoreServices.framework/Versions/A/Frameworks/AE.framework/Versions/A/AE
0x000000000493d000 	/System/Library/Frameworks/CoreServices.framework/Versions/A/Frameworks/LaunchServices.framework/Versions/A/LaunchServices
0x000000000493d000 	/System/Library/Frameworks/CoreServices.framework/Versions/A/Frameworks/DictionaryServices.framework/Versions/A/DictionaryServices
0x000000000493d000 	/System/Library/Frameworks/NetFS.framework/Versions/A/NetFS
0x000000000493d000 	/usr/lib/system/libkxld.dylib
0x000000000493d000 	/System/Library/PrivateFrameworks/NetAuth.framework/Versions/A/NetAuth
0x000000000493d000 	/System/Library/Frameworks/OpenDirectory.framework/Versions/A/Frameworks/CFOpenDirectory.framework/Versions/A/CFOpenDirectory
0x000000000493d000 	/usr/lib/libxslt.1.dylib
0x000000000493d000 	/System/Library/PrivateFrameworks/FamilyControls.framework/Versions/A/FamilyControls
0x000000000493d000 	/System/Library/Frameworks/Carbon.framework/Versions/A/Frameworks/Ink.framework/Versions/A/Ink
0x000000000493d000 	/System/Library/Frameworks/ApplicationServices.framework/Versions/A/Frameworks/CoreGraphics.framework/Versions/A/CoreGraphics
0x000000000493d000 	/System/Library/Frameworks/ApplicationServices.framework/Versions/A/Frameworks/ATS.framework/Versions/A/ATS
0x000000000493d000 	/System/Library/Frameworks/ApplicationServices.framework/Versions/A/Frameworks/ColorSync.framework/Versions/A/ColorSync
0x000000000493d000 	/System/Library/Frameworks/ApplicationServices.framework/Versions/A/Frameworks/HIServices.framework/Versions/A/HIServices
0x000000000493d000 	/System/Library/Frameworks/ApplicationServices.framework/Versions/A/Frameworks/LangAnalysis.framework/Versions/A/LangAnalysis
0x000000000493d000 	/System/Library/Frameworks/ApplicationServices.framework/Versions/A/Frameworks/PrintCore.framework/Versions/A/PrintCore
0x000000000493d000 	/System/Library/Frameworks/ApplicationServices.framework/Versions/A/Frameworks/QD.framework/Versions/A/QD
0x000000000493d000 	/System/Library/Frameworks/ApplicationServices.framework/Versions/A/Frameworks/SpeechSynthesis.framework/Versions/A/SpeechSynthesis
0x000000000493d000 	/System/Library/Frameworks/IOSurface.framework/Versions/A/IOSurface
0x000000000493d000 	/System/Library/Frameworks/Accelerate.framework/Versions/A/Accelerate
0x000000000493d000 	/System/Library/Frameworks/ApplicationServices.framework/Versions/A/Frameworks/ATS.framework/Versions/A/Resources/libFontParser.dylib
0x000000000493d000 	/System/Library/Frameworks/ApplicationServices.framework/Versions/A/Frameworks/ATS.framework/Versions/A/Resources/libFontRegistry.dylib
0x000000000493d000 	/System/Library/Frameworks/Accelerate.framework/Versions/A/Frameworks/vImage.framework/Versions/A/vImage
0x000000000493d000 	/System/Library/Frameworks/Accelerate.framework/Versions/A/Frameworks/vecLib.framework/Versions/A/vecLib
0x000000000493d000 	/System/Library/Frameworks/Accelerate.framework/Versions/A/Frameworks/vecLib.framework/Versions/A/libvDSP.dylib
0x000000000493d000 	/System/Library/Frameworks/Accelerate.framework/Versions/A/Frameworks/vecLib.framework/Versions/A/libvMisc.dylib
0x000000000493d000 	/System/Library/Frameworks/Accelerate.framework/Versions/A/Frameworks/vecLib.framework/Versions/A/libLAPACK.dylib
0x000000000493d000 	/System/Library/Frameworks/Accelerate.framework/Versions/A/Frameworks/vecLib.framework/Versions/A/libBLAS.dylib
0x000000000493d000 	/System/Library/Frameworks/ImageIO.framework/Versions/A/Resources/libJPEG.dylib
0x000000000493d000 	/System/Library/Frameworks/ImageIO.framework/Versions/A/Resources/libTIFF.dylib
0x000000000493d000 	/System/Library/Frameworks/ImageIO.framework/Versions/A/Resources/libPng.dylib
0x000000000493d000 	/System/Library/Frameworks/ImageIO.framework/Versions/A/Resources/libGIF.dylib
0x000000000493d000 	/System/Library/Frameworks/ImageIO.framework/Versions/A/Resources/libJP2.dylib
0x000000000493d000 	/System/Library/Frameworks/ImageIO.framework/Versions/A/Resources/libRadiance.dylib
0x000000000493d000 	/usr/lib/libcups.2.dylib
0x000000000493d000 	/System/Library/Frameworks/Kerberos.framework/Versions/A/Kerberos
0x000000000493d000 	/System/Library/Frameworks/GSS.framework/Versions/A/GSS
0x000000000493d000 	/usr/lib/libresolv.9.dylib
0x000000000493d000 	/usr/lib/libiconv.2.dylib
0x000000000493d000 	/System/Library/PrivateFrameworks/Heimdal.framework/Versions/A/Heimdal
0x000000000493d000 	/System/Library/PrivateFrameworks/TrustEvaluationAgent.framework/Versions/A/TrustEvaluationAgent
0x000000000493d000 	/System/Library/Frameworks/OpenDirectory.framework/Versions/A/OpenDirectory
0x000000000493d000 	/System/Library/PrivateFrameworks/CommonAuth.framework/Versions/A/CommonAuth
0x000000000493d000 	/System/Library/PrivateFrameworks/Bom.framework/Versions/A/Bom
0x000000000493d000 	/System/Library/Frameworks/CoreVideo.framework/Versions/A/CoreVideo
0x000000000493d000 	/System/Library/Frameworks/QuartzCore.framework/Versions/A/Frameworks/CoreImage.framework/Versions/A/CoreImage
0x000000000493d000 	/System/Library/Frameworks/QuartzCore.framework/Versions/A/Frameworks/ScalableUserInterface.framework/Versions/A/ScalableUserInterface
0x000000000493d000 	/System/Library/Frameworks/OpenGL.framework/Versions/A/Libraries/libGLU.dylib
0x000000000493d000 	/System/Library/Frameworks/OpenGL.framework/Versions/A/Libraries/libGFXShared.dylib
0x000000000493d000 	/System/Library/Frameworks/OpenGL.framework/Versions/A/Libraries/libGL.dylib
0x000000000493d000 	/System/Library/Frameworks/OpenGL.framework/Versions/A/Libraries/libGLImage.dylib
0x000000000493d000 	/System/Library/Frameworks/OpenGL.framework/Versions/A/Libraries/libCVMSPluginSupport.dylib
0x000000000493d000 	/System/Library/Frameworks/OpenGL.framework/Versions/A/Libraries/libCoreVMClient.dylib
0x000000000493d000 	/System/Library/PrivateFrameworks/CrashReporterSupport.framework/Versions/A/CrashReporterSupport
0x000000000493d000 	/System/Library/Frameworks/OpenCL.framework/Versions/A/OpenCL
0x000000000493d000 	/System/Library/PrivateFrameworks/FaceCoreLight.framework/Versions/A/FaceCoreLight
0x000000000493d000 	/System/Library/PrivateFrameworks/AppleFSCompression.framework/Versions/A/AppleFSCompression
0x000000000493d000 	/System/Library/PrivateFrameworks/Ubiquity.framework/Versions/A/Ubiquity
0x000000000493d000 	/System/Library/Frameworks/ServiceManagement.framework/Versions/A/ServiceManagement
0x000000000493d000 	/System/Library/PrivateFrameworks/ChunkingLibrary.framework/Versions/A/ChunkingLibrary
0x000000000493d000 	/System/Library/Frameworks/vecLib.framework/Versions/A/vecLib
0x000000000493d000 	/System/Library/Frameworks/SecurityFoundation.framework/Versions/A/SecurityFoundation
0x000000000493d000 	/System/Library/PrivateFrameworks/CommerceKit.framework/Versions/A/Frameworks/CommerceCore.framework/Versions/A/CommerceCore
0x000000000493d000 	/System/Library/PrivateFrameworks/CoreSymbolication.framework/Versions/A/CoreSymbolication
0x000000000493d000 	/System/Library/PrivateFrameworks/Symbolication.framework/Versions/A/Symbolication
0x000000000493d000 	/System/Library/PrivateFrameworks/DebugSymbols.framework/Versions/A/DebugSymbols
0x000000010d276000 	/Library/Java/JavaVirtualMachines/jdk1.7.0_75.jdk/Contents/Home/jre/lib/server/libjvm.dylib
0x000000010ddda000 	/Library/Java/JavaVirtualMachines/jdk1.7.0_75.jdk/Contents/Home/jre/lib/libverify.dylib
0x000000010dde7000 	/Library/Java/JavaVirtualMachines/jdk1.7.0_75.jdk/Contents/Home/jre/lib/libjava.dylib
0x000000010dea4000 	/Library/Java/JavaVirtualMachines/jdk1.7.0_75.jdk/Contents/Home/jre/lib/libzip.dylib
0x000000015a444000 	/System/Library/Frameworks/JavaVM.framework/Frameworks/JavaRuntimeSupport.framework/JavaRuntimeSupport
0x000000015a45c000 	/System/Library/Frameworks/JavaVM.framework/Versions/A/Frameworks/JavaNativeFoundation.framework/Versions/A/JavaNativeFoundation
0x0000000110f6e000 	/System/Library/Frameworks/JavaVM.framework/Versions/A/JavaVM
0x000000000493d000 	/System/Library/Frameworks/Carbon.framework/Versions/A/Carbon
0x000000015a471000 	/System/Library/PrivateFrameworks/JavaLaunching.framework/Versions/A/JavaLaunching
0x000000000493d000 	/System/Library/Frameworks/Carbon.framework/Versions/A/Frameworks/CommonPanels.framework/Versions/A/CommonPanels
0x000000000493d000 	/System/Library/Frameworks/Carbon.framework/Versions/A/Frameworks/Help.framework/Versions/A/Help
0x000000000493d000 	/System/Library/Frameworks/Carbon.framework/Versions/A/Frameworks/ImageCapture.framework/Versions/A/ImageCapture
0x000000000493d000 	/System/Library/Frameworks/Carbon.framework/Versions/A/Frameworks/OpenScripting.framework/Versions/A/OpenScripting
0x000000000493d000 	/System/Library/Frameworks/Carbon.framework/Versions/A/Frameworks/Print.framework/Versions/A/Print
0x000000000493d000 	/System/Library/Frameworks/Carbon.framework/Versions/A/Frameworks/SecurityHI.framework/Versions/A/SecurityHI
0x000000015ab65000 	/Library/Java/JavaVirtualMachines/jdk1.7.0_75.jdk/Contents/Home/jre/lib/libawt.dylib
0x000000015ac14000 	/Library/Java/JavaVirtualMachines/jdk1.7.0_75.jdk/Contents/Home/jre/lib/./libmlib_image.dylib
0x000000015ace0000 	/Library/Java/JavaVirtualMachines/jdk1.7.0_75.jdk/Contents/Home/jre/lib/lwawt/liblwawt.dylib
0x000000015ad94000 	/Library/Java/JavaVirtualMachines/jdk1.7.0_75.jdk/Contents/Home/jre/lib/libosxapp.dylib
0x000000015adb0000 	/System/Library/Frameworks/ExceptionHandling.framework/Versions/A/ExceptionHandling
0x000000000493d000 	/System/Library/PrivateFrameworks/CoreServicesInternal.framework/Versions/A/CoreServicesInternal
0x000000000493d000 	/System/Library/PrivateFrameworks/Librarian.framework/Versions/A/Librarian
0x000000000493d000 	/System/Library/Frameworks/ApplicationServices.framework/Versions/A/Frameworks/CoreGraphics.framework/Versions/A/Resources/libCSync.A.dylib
0x000000000493d000 	/System/Library/Frameworks/ApplicationServices.framework/Versions/A/Frameworks/CoreGraphics.framework/Versions/A/Resources/libRIP.A.dylib
0x000000000493d000 	/System/Library/Frameworks/ApplicationServices.framework/Versions/A/Frameworks/CoreGraphics.framework/Versions/A/Resources/libCGXType.A.dylib
0x000000015e871000 	/Library/Java/JavaVirtualMachines/jdk1.7.0_75.jdk/Contents/Home/jre/lib/libfontmanager.dylib
0x000000015c29f000 	/Library/Java/JavaVirtualMachines/jdk1.7.0_75.jdk/Contents/Home/jre/lib/libosxui.dylib
0x000000015e9db000 	/System/Library/Frameworks/OpenGL.framework/Resources/GLEngine.bundle/GLEngine
0x000000015ebd0000 	/System/Library/Frameworks/OpenGL.framework/Versions/A/Libraries/libGLProgrammability.dylib
0x000000015ed78000 	/System/Library/Extensions/AppleIntelHD4000GraphicsGLDriver.bundle/Contents/MacOS/AppleIntelHD4000GraphicsGLDriver
0x000000015c2a9000 	/System/Library/PrivateFrameworks/IOAccelerator.framework/Versions/A/IOAccelerator
0x000000015c2b6000 	/System/Library/PrivateFrameworks/GPUSupport.framework/Versions/A/Libraries/libGPUSupportMercury.dylib
0x000000015d068000 	/System/Library/Frameworks/OpenGL.framework/Resources//GLRendererFloat.bundle/GLRendererFloat
0x000000015c2cd000 	/System/Library/Frameworks/OpenCL.framework/Versions/A/Libraries/libcldcpuengine.dylib
0x000000000493d000 	/System/Library/PrivateFrameworks/DiskImages.framework/Versions/A/DiskImages
0x000000000493d000 	/System/Library/Frameworks/DiscRecording.framework/Versions/A/DiscRecording
0x000000000493d000 	/usr/lib/libcurl.4.dylib
0x000000000493d000 	/System/Library/PrivateFrameworks/MediaKit.framework/Versions/A/MediaKit
0x000000000493d000 	/usr/lib/libssl.0.9.8.dylib
0x000000000493d000 	/usr/lib/libcrypto.0.9.8.dylib
0x000000000493d000 	/System/Library/Frameworks/LDAP.framework/Versions/A/LDAP
0x000000000493d000 	/usr/lib/libsasl2.2.dylib
0x000000016047b000 	/Library/Java/JavaVirtualMachines/jdk1.7.0_75.jdk/Contents/Home/jre/lib/libnet.dylib
0x00000001604d9000 	/Library/Java/JavaVirtualMachines/jdk1.7.0_75.jdk/Contents/Home/jre/lib/libnio.dylib
0x0000000161f97000 	/Library/Java/JavaVirtualMachines/jdk1.7.0_75.jdk/Contents/Home/jre/lib/libdcpr.dylib
0x000000015cede000 	/Library/Java/JavaVirtualMachines/jdk1.7.0_75.jdk/Contents/Home/jre/lib/libsunec.dylib
0x000000016055c000 	/Library/Java/Extensions/librxtxSerial.jnilib

VM Arguments:
jvm_args: -Dfile.encoding=UTF-8 
java_command: jcan2.Main
Launcher Type: SUN_STANDARD

Environment Variables:
PATH=/usr/bin:/bin:/usr/sbin:/sbin
LD_LIBRARY_PATH=/Library/Java/JavaVirtualMachines/jdk1.7.0_75.jdk/Contents/Home/jre/lib/amd64:/Library/Java/JavaVirtualMachines/jdk1.7.0_75.jdk/Contents/Home/jre/lib/i386:
SHELL=/bin/bash
DISPLAY=/tmp/launch-dPkb48/org.macosforge.xquartz:0
DYLD_LIBRARY_PATH=/Applications/NetBeans/NetBeans 8.0.2.app/Contents/Resources/NetBeans/webcommon/bin:

Signal Handlers:
SIGSEGV: [libjvm.dylib+0x52d20d], sa_mask[0]=0xfffefeff, sa_flags=0x00000043
SIGBUS: [libjvm.dylib+0x52d20d], sa_mask[0]=0xfffefeff, sa_flags=0x00000042
SIGFPE: [libjvm.dylib+0x41ee7a], sa_mask[0]=0xfffefeff, sa_flags=0x00000042
SIGPIPE: [libjvm.dylib+0x41ee7a], sa_mask[0]=0xfffefeff, sa_flags=0x00000042
SIGXFSZ: [libjvm.dylib+0x41ee7a], sa_mask[0]=0xfffefeff, sa_flags=0x00000042
SIGILL: [libjvm.dylib+0x41ee7a], sa_mask[0]=0xfffefeff, sa_flags=0x00000042
SIGUSR1: SIG_DFL, sa_mask[0]=0x00000000, sa_flags=0x00000002
SIGUSR2: [libjvm.dylib+0x41e96c], sa_mask[0]=0x00000004, sa_flags=0x00000042
SIGHUP: [libjvm.dylib+0x41cbfd], sa_mask[0]=0xfffefeff, sa_flags=0x00000042
SIGINT: SIG_IGN, sa_mask[0]=0x00000000, sa_flags=0x00000000
SIGTERM: [libjvm.dylib+0x41cbfd], sa_mask[0]=0xfffefeff, sa_flags=0x00000042
SIGQUIT: [libjvm.dylib+0x41cbfd], sa_mask[0]=0xfffefeff, sa_flags=0x00000042


---------------  S Y S T E M  ---------------

OS:Bsduname:Darwin 12.6.0 Darwin Kernel Version 12.6.0: Wed Dec 17 19:11:40 PST 2014; root:xnu-2050.48.15~1/RELEASE_X86_64 x86_64
rlimit: STACK 8192k, CORE 0k, NPROC 709, NOFILE 10240, AS infinity
load average:0.79 0.86 0.86

CPU:total 4 (2 cores per cpu, 2 threads per core) family 6 model 58 stepping 9, cmov, cx8, fxsr, mmx, sse, sse2, sse3, ssse3, sse4.1, sse4.2, popcnt, avx, aes, erms, ht, tsc, tscinvbit, tscinv

Memory: 4k page, physical 4194304k(1048576k free)

/proc/meminfo:


vm_info: Java HotSpot(TM) 64-Bit Server VM (24.75-b04) for bsd-amd64 JRE (1.7.0_75-b13), built on Dec 18 2014 21:48:12 by "java_re" with gcc 4.2.1 (Based on Apple Inc. build 5658) (LLVM build 2336.11.00)

time: Tue Feb 24 16:54:59 2015
elapsed time: 7 seconds

