#
# A fatal error has been detected by the Java Runtime Environment:
#
#  SIGSEGV (0xb) at pc=0x0000000160ce712f, pid=1882, tid=45835
#
# JRE version: Java(TM) SE Runtime Environment (7.0_75-b13) (build 1.7.0_75-b13)
# Java VM: Java HotSpot(TM) 64-Bit Server VM (24.75-b04 mixed mode bsd-amd64 compressed oops)
# Problematic frame:
# C  [librxtxSerial.jnilib+0x312f]  Java_gnu_io_RXTXPort_interruptEventLoop+0x6b
#
# Failed to write core dump. Core dumps have been disabled. To enable core dumping, try "ulimit -c unlimited" before starting Java again
#
# If you would like to submit a bug report, please visit:
#   http://bugreport.sun.com/bugreport/crash.jsp
# The crash happened outside the Java Virtual Machine in native code.
# See problematic frame for where to report the bug.
#

---------------  T H R E A D  ---------------

Current thread (0x00007fdf99196800):  JavaThread "AWT-EventQueue-0" [_thread_in_native, id=45835, stack(0x000000015b6b3000,0x000000015b7b3000)]

siginfo:si_signo=SIGSEGV: si_errno=0, si_code=1 (SEGV_MAPERR), si_addr=0x000000016116a948

Registers:
RAX=0x0000000000000000, RBX=0x000000016116a7e0, RCX=0x00000000ffffffff, RDX=0xffffffffffffffff
RSP=0x000000015b7b04b0, RBP=0x000000015b7b04c0, RSI=0x0000000000000000, RDI=0x000000000000003c
R8 =0x0000000000000000, R9 =0x0000000002faf080, R10=0x0000000000000001, R11=0x00007fff7614b250
R12=0x0000000000000030, R13=0x000000010d4949b0, R14=0x000000015b7b0538, R15=0x00007fdf99196800
RIP=0x0000000160ce712f, EFLAGS=0x0000000000010206, ERR=0x0000000000000004
  TRAPNO=0x000000000000000e

Top of Stack: (sp=0x000000015b7b04b0)
0x000000015b7b04b0:   000000010d4949b0 0000000000000000
0x000000015b7b04c0:   000000015b7b0518 0000000109279758
0x000000015b7b04d0:   0000000109284443 000000015b7b04d8
0x000000015b7b04e0:   000000010d4949b0 000000015b7b0538
0x000000015b7b04f0:   000000010d4a49b0 0000000000000000
0x000000015b7b0500:   000000010d4949b0 0000000000000000
0x000000015b7b0510:   000000015b7b0538 000000015b7b0580
0x000000015b7b0520:   000000010926d058 0000000000000000
0x000000015b7b0530:   0000000109275cd8 000000013d046448
0x000000015b7b0540:   000000015b7b0540 000000010d494f37
0x000000015b7b0550:   000000015b7b0598 000000010d4a49b0
0x000000015b7b0560:   0000000000000000 000000010d494fa0
0x000000015b7b0570:   000000015b7b0538 000000015b7b0598
0x000000015b7b0580:   000000015b7b05f0 000000010926d058
0x000000015b7b0590:   0000000000000000 000000013d046448
0x000000015b7b05a0:   0000000000000001 0000000000000000
0x000000015b7b05b0:   000000015b7b05a0 000000010d495ca3
0x000000015b7b05c0:   000000015b7b0618 000000010d4a49b0
0x000000015b7b05d0:   0000000000000000 000000010d495d08
0x000000015b7b05e0:   000000015b7b0598 000000015b7b0618
0x000000015b7b05f0:   000000015b7b0660 000000010926d058
0x000000015b7b0600:   0000000000000000 0000000000000000
0x000000015b7b0610:   000000013d046448 000000013d046448
0x000000015b7b0620:   000000015b7b0620 000000010cc71109
0x000000015b7b0630:   000000015b7b0690 000000010cc716b8
0x000000015b7b0640:   0000000000000000 000000010cc71168
0x000000015b7b0650:   000000015b7b0618 000000015b7b0680
0x000000015b7b0660:   000000015b7b06d8 000000010926d058
0x000000015b7b0670:   000000013d046448 000000013d0267c8
0x000000015b7b0680:   0000000000000053 000000013d1388d8
0x000000015b7b0690:   000000013d1389b8 000000015b7b0698
0x000000015b7b06a0:   000000010cbac0ea 000000015b7b06f8 

Instructions: (pc=0x0000000160ce712f)
0x0000000160ce710f:   00 01 00 00 00 48 8b bb 78 01 00 00 be 06 00 00
0x0000000160ce711f:   00 e8 4d 27 00 00 bf 50 c3 00 00 e8 c7 27 00 00
0x0000000160ce712f:   83 bb 68 01 00 00 01 74 16 48 8b bb 78 01 00 00
0x0000000160ce713f:   e8 16 27 00 00 c7 83 68 01 00 00 01 00 00 00 5b 

Register to memory mapping:

RAX=0x0000000000000000 is an unknown value
RBX=0x000000016116a7e0 is an unknown value
RCX=0x00000000ffffffff is an unknown value
RDX=0xffffffffffffffff is an unknown value
RSP=0x000000015b7b04b0 is pointing into the stack for thread: 0x00007fdf99196800
RBP=0x000000015b7b04c0 is pointing into the stack for thread: 0x00007fdf99196800
RSI=0x0000000000000000 is an unknown value
RDI=0x000000000000003c is an unknown value
R8 =0x0000000000000000 is an unknown value
R9 =0x0000000002faf080 is an unknown value
R10=0x0000000000000001 is an unknown value
R11=0x00007fff7614b250: errno+0 in /usr/lib/system/libsystem_kernel.dylib at 0x00007fff90704000
R12=0x0000000000000030 is an unknown value
R13=0x000000010d4949b0 is an oop
{method} 
 - klass: {other class}
R14=0x000000015b7b0538 is pointing into the stack for thread: 0x00007fdf99196800
R15=0x00007fdf99196800 is a thread


Stack: [0x000000015b6b3000,0x000000015b7b3000],  sp=0x000000015b7b04b0,  free space=1013k
Native frames: (J=compiled Java code, j=interpreted, Vv=VM code, C=native code)
C  [librxtxSerial.jnilib+0x312f]  Java_gnu_io_RXTXPort_interruptEventLoop+0x6b
j  gnu.io.RXTXPort.interruptEventLoop()V+0
j  gnu.io.RXTXPort.removeEventListener()V+55
j  gnu.io.RXTXPort.close()V+91
j  jcan2.Serial.write(Ljava/lang/String;C)V+113
j  jcan2.MainWindow.serialInButtonActionPerformed(Ljava/awt/event/ActionEvent;)V+10
j  jcan2.MainWindow.access$1000(Ljcan2/MainWindow;Ljava/awt/event/ActionEvent;)V+2
j  jcan2.MainWindow$11.actionPerformed(Ljava/awt/event/ActionEvent;)V+5
j  javax.swing.AbstractButton.fireActionPerformed(Ljava/awt/event/ActionEvent;)V+84
j  javax.swing.AbstractButton$Handler.actionPerformed(Ljava/awt/event/ActionEvent;)V+5
j  javax.swing.DefaultButtonModel.fireActionPerformed(Ljava/awt/event/ActionEvent;)V+35
j  javax.swing.DefaultButtonModel.setPressed(Z)V+117
j  javax.swing.plaf.basic.BasicButtonListener.mouseReleased(Ljava/awt/event/MouseEvent;)V+35
j  java.awt.Component.processMouseEvent(Ljava/awt/event/MouseEvent;)V+64
j  javax.swing.JComponent.processMouseEvent(Ljava/awt/event/MouseEvent;)V+23
j  java.awt.Component.processEvent(Ljava/awt/AWTEvent;)V+81
j  java.awt.Container.processEvent(Ljava/awt/AWTEvent;)V+18
j  java.awt.Component.dispatchEventImpl(Ljava/awt/AWTEvent;)V+581
j  java.awt.Container.dispatchEventImpl(Ljava/awt/AWTEvent;)V+42
j  java.awt.Component.dispatchEvent(Ljava/awt/AWTEvent;)V+2
j  java.awt.LightweightDispatcher.retargetMouseEvent(Ljava/awt/Component;ILjava/awt/event/MouseEvent;)V+327
j  java.awt.LightweightDispatcher.processMouseEvent(Ljava/awt/event/MouseEvent;)Z+139
j  java.awt.LightweightDispatcher.dispatchEvent(Ljava/awt/AWTEvent;)Z+50
j  java.awt.Container.dispatchEventImpl(Ljava/awt/AWTEvent;)V+12
j  java.awt.Window.dispatchEventImpl(Ljava/awt/AWTEvent;)V+19
j  java.awt.Component.dispatchEvent(Ljava/awt/AWTEvent;)V+2
j  java.awt.EventQueue.dispatchEventImpl(Ljava/awt/AWTEvent;Ljava/lang/Object;)V+41
j  java.awt.EventQueue.access$300(Ljava/awt/EventQueue;Ljava/awt/AWTEvent;Ljava/lang/Object;)V+3
j  java.awt.EventQueue$3.run()Ljava/lang/Void;+12
j  java.awt.EventQueue$3.run()Ljava/lang/Object;+1
v  ~StubRoutines::call_stub
V  [libjvm.dylib+0x2dbb58]  JavaCalls::call_helper(JavaValue*, methodHandle*, JavaCallArguments*, Thread*)+0x22a
V  [libjvm.dylib+0x2db928]  JavaCalls::call(JavaValue*, methodHandle, JavaCallArguments*, Thread*)+0x28
V  [libjvm.dylib+0x32f100]  JVM_DoPrivileged+0x411
j  java.security.AccessController.doPrivileged(Ljava/security/PrivilegedAction;Ljava/security/AccessControlContext;)Ljava/lang/Object;+0
j  java.security.ProtectionDomain$1.doIntersectionPrivilege(Ljava/security/PrivilegedAction;Ljava/security/AccessControlContext;Ljava/security/AccessControlContext;)Ljava/lang/Object;+28
j  java.security.ProtectionDomain$1.doIntersectionPrivilege(Ljava/security/PrivilegedAction;Ljava/security/AccessControlContext;)Ljava/lang/Object;+6
j  java.awt.EventQueue$4.run()Ljava/lang/Void;+11
j  java.awt.EventQueue$4.run()Ljava/lang/Object;+1
v  ~StubRoutines::call_stub
V  [libjvm.dylib+0x2dbb58]  JavaCalls::call_helper(JavaValue*, methodHandle*, JavaCallArguments*, Thread*)+0x22a
V  [libjvm.dylib+0x2db928]  JavaCalls::call(JavaValue*, methodHandle, JavaCallArguments*, Thread*)+0x28
V  [libjvm.dylib+0x32f100]  JVM_DoPrivileged+0x411
j  java.security.AccessController.doPrivileged(Ljava/security/PrivilegedAction;Ljava/security/AccessControlContext;)Ljava/lang/Object;+0
j  java.security.ProtectionDomain$1.doIntersectionPrivilege(Ljava/security/PrivilegedAction;Ljava/security/AccessControlContext;Ljava/security/AccessControlContext;)Ljava/lang/Object;+28
j  java.awt.EventQueue.dispatchEvent(Ljava/awt/AWTEvent;)V+73
j  java.awt.EventDispatchThread.pumpOneEventForFilters(I)V+245
j  java.awt.EventDispatchThread.pumpEventsForFilter(ILjava/awt/Conditional;Ljava/awt/EventFilter;)V+35
j  java.awt.EventDispatchThread.pumpEventsForHierarchy(ILjava/awt/Conditional;Ljava/awt/Component;)V+11
j  java.awt.EventDispatchThread.pumpEvents(ILjava/awt/Conditional;)V+4
j  java.awt.EventDispatchThread.pumpEvents(Ljava/awt/Conditional;)V+3
j  java.awt.EventDispatchThread.run()V+9
v  ~StubRoutines::call_stub
V  [libjvm.dylib+0x2dbb58]  JavaCalls::call_helper(JavaValue*, methodHandle*, JavaCallArguments*, Thread*)+0x22a
V  [libjvm.dylib+0x2dc06f]  JavaCalls::call_virtual(JavaValue*, KlassHandle, Symbol*, Symbol*, JavaCallArguments*, Thread*)+0x11b
V  [libjvm.dylib+0x2dc1ac]  JavaCalls::call_virtual(JavaValue*, Handle, KlassHandle, Symbol*, Symbol*, Thread*)+0x4a
V  [libjvm.dylib+0x32b082]  thread_entry(JavaThread*, Thread*)+0xad
V  [libjvm.dylib+0x4f6cb9]  JavaThread::thread_main_inner()+0x9b
V  [libjvm.dylib+0x4f83c1]  JavaThread::run()+0x1a3
V  [libjvm.dylib+0x421762]  java_start(Thread*)+0x126
C  [libsystem_c.dylib+0x14772]  _pthread_start+0x147
C  [libsystem_c.dylib+0x11a1]  thread_start+0xd

Java frames: (J=compiled Java code, j=interpreted, Vv=VM code)
j  gnu.io.RXTXPort.interruptEventLoop()V+0
j  gnu.io.RXTXPort.removeEventListener()V+55
j  gnu.io.RXTXPort.close()V+91
j  jcan2.Serial.write(Ljava/lang/String;C)V+113
j  jcan2.MainWindow.serialInButtonActionPerformed(Ljava/awt/event/ActionEvent;)V+10
j  jcan2.MainWindow.access$1000(Ljcan2/MainWindow;Ljava/awt/event/ActionEvent;)V+2
j  jcan2.MainWindow$11.actionPerformed(Ljava/awt/event/ActionEvent;)V+5
j  javax.swing.AbstractButton.fireActionPerformed(Ljava/awt/event/ActionEvent;)V+84
j  javax.swing.AbstractButton$Handler.actionPerformed(Ljava/awt/event/ActionEvent;)V+5
j  javax.swing.DefaultButtonModel.fireActionPerformed(Ljava/awt/event/ActionEvent;)V+35
j  javax.swing.DefaultButtonModel.setPressed(Z)V+117
j  javax.swing.plaf.basic.BasicButtonListener.mouseReleased(Ljava/awt/event/MouseEvent;)V+35
j  java.awt.Component.processMouseEvent(Ljava/awt/event/MouseEvent;)V+64
j  javax.swing.JComponent.processMouseEvent(Ljava/awt/event/MouseEvent;)V+23
j  java.awt.Component.processEvent(Ljava/awt/AWTEvent;)V+81
j  java.awt.Container.processEvent(Ljava/awt/AWTEvent;)V+18
j  java.awt.Component.dispatchEventImpl(Ljava/awt/AWTEvent;)V+581
j  java.awt.Container.dispatchEventImpl(Ljava/awt/AWTEvent;)V+42
j  java.awt.Component.dispatchEvent(Ljava/awt/AWTEvent;)V+2
j  java.awt.LightweightDispatcher.retargetMouseEvent(Ljava/awt/Component;ILjava/awt/event/MouseEvent;)V+327
j  java.awt.LightweightDispatcher.processMouseEvent(Ljava/awt/event/MouseEvent;)Z+139
j  java.awt.LightweightDispatcher.dispatchEvent(Ljava/awt/AWTEvent;)Z+50
j  java.awt.Container.dispatchEventImpl(Ljava/awt/AWTEvent;)V+12
j  java.awt.Window.dispatchEventImpl(Ljava/awt/AWTEvent;)V+19
j  java.awt.Component.dispatchEvent(Ljava/awt/AWTEvent;)V+2
j  java.awt.EventQueue.dispatchEventImpl(Ljava/awt/AWTEvent;Ljava/lang/Object;)V+41
j  java.awt.EventQueue.access$300(Ljava/awt/EventQueue;Ljava/awt/AWTEvent;Ljava/lang/Object;)V+3
j  java.awt.EventQueue$3.run()Ljava/lang/Void;+12
j  java.awt.EventQueue$3.run()Ljava/lang/Object;+1
v  ~StubRoutines::call_stub
j  java.security.AccessController.doPrivileged(Ljava/security/PrivilegedAction;Ljava/security/AccessControlContext;)Ljava/lang/Object;+0
j  java.security.ProtectionDomain$1.doIntersectionPrivilege(Ljava/security/PrivilegedAction;Ljava/security/AccessControlContext;Ljava/security/AccessControlContext;)Ljava/lang/Object;+28
j  java.security.ProtectionDomain$1.doIntersectionPrivilege(Ljava/security/PrivilegedAction;Ljava/security/AccessControlContext;)Ljava/lang/Object;+6
j  java.awt.EventQueue$4.run()Ljava/lang/Void;+11
j  java.awt.EventQueue$4.run()Ljava/lang/Object;+1
v  ~StubRoutines::call_stub
j  java.security.AccessController.doPrivileged(Ljava/security/PrivilegedAction;Ljava/security/AccessControlContext;)Ljava/lang/Object;+0
j  java.security.ProtectionDomain$1.doIntersectionPrivilege(Ljava/security/PrivilegedAction;Ljava/security/AccessControlContext;Ljava/security/AccessControlContext;)Ljava/lang/Object;+28
j  java.awt.EventQueue.dispatchEvent(Ljava/awt/AWTEvent;)V+73
j  java.awt.EventDispatchThread.pumpOneEventForFilters(I)V+245
j  java.awt.EventDispatchThread.pumpEventsForFilter(ILjava/awt/Conditional;Ljava/awt/EventFilter;)V+35
j  java.awt.EventDispatchThread.pumpEventsForHierarchy(ILjava/awt/Conditional;Ljava/awt/Component;)V+11
j  java.awt.EventDispatchThread.pumpEvents(ILjava/awt/Conditional;)V+4
j  java.awt.EventDispatchThread.pumpEvents(Ljava/awt/Conditional;)V+3
j  java.awt.EventDispatchThread.run()V+9
v  ~StubRoutines::call_stub

---------------  P R O C E S S  ---------------

Java Threads: ( => current thread )
  0x00007fdf9a30d000 JavaThread "Keep-Alive-Timer" daemon [_thread_blocked, id=55059, stack(0x0000000160e68000,0x0000000160f68000)]
  0x00007fdf9b027800 JavaThread "TimerQueue" daemon [_thread_blocked, id=54819, stack(0x000000016065b000,0x000000016075b000)]
  0x00007fdf9a19e000 JavaThread "OSMJobThread 6" daemon [_thread_blocked, id=54019, stack(0x000000016012a000,0x000000016022a000)]
  0x00007fdf9a19d800 JavaThread "OSMJobThread 5" daemon [_thread_blocked, id=53507, stack(0x0000000160027000,0x0000000160127000)]
  0x00007fdf9b0b2000 JavaThread "OSMJobThread 4" daemon [_thread_blocked, id=52995, stack(0x000000015ff24000,0x0000000160024000)]
  0x00007fdf9b02a000 JavaThread "OSMJobThread 3" daemon [_thread_blocked, id=52499, stack(0x000000015fe21000,0x000000015ff21000)]
  0x00007fdf9a87e800 JavaThread "OSMJobThread 2" daemon [_thread_blocked, id=51499, stack(0x000000015fcde000,0x000000015fdde000)]
  0x00007fdf9a1c1800 JavaThread "Image Fetcher 0" daemon [_thread_blocked, id=46851, stack(0x000000015b96b000,0x000000015ba6b000)]
  0x00007fdf991b5800 JavaThread "OSMJobThread 1" daemon [_thread_blocked, id=46339, stack(0x000000015b7b6000,0x000000015b8b6000)]
  0x00007fdf99115000 JavaThread "DestroyJavaVM" [_thread_blocked, id=6403, stack(0x0000000109092000,0x0000000109192000)]
=>0x00007fdf99196800 JavaThread "AWT-EventQueue-0" [_thread_in_native, id=45835, stack(0x000000015b6b3000,0x000000015b7b3000)]
  0x00007fdf990d2000 JavaThread "Java2D Disposer" daemon [_thread_blocked, id=43779, stack(0x000000015b32c000,0x000000015b42c000)]
  0x00007fdf990d1800 JavaThread "Java2D Queue Flusher" daemon [_thread_blocked, id=39183, stack(0x0000000159d16000,0x0000000159e16000)]
  0x00007fdf99021800 JavaThread "AWT-Shutdown" [_thread_blocked, id=28931, stack(0x0000000157378000,0x0000000157478000)]
  0x00007fdf9a0ec000 JavaThread "AppKit Thread" daemon [_thread_in_native, id=3847, stack(0x00007fff56efd000,0x00007fff576fd000)]
  0x00007fdf9a07d800 JavaThread "Service Thread" daemon [_thread_blocked, id=22787, stack(0x0000000155c44000,0x0000000155d44000)]
  0x00007fdf9a07d000 JavaThread "C2 CompilerThread1" daemon [_thread_blocked, id=22275, stack(0x0000000155b41000,0x0000000155c41000)]
  0x00007fdf9a07b000 JavaThread "C2 CompilerThread0" daemon [_thread_blocked, id=21763, stack(0x0000000155a3e000,0x0000000155b3e000)]
  0x00007fdf9a075800 JavaThread "Signal Dispatcher" daemon [_thread_blocked, id=21251, stack(0x000000015593b000,0x0000000155a3b000)]
  0x00007fdf9a042800 JavaThread "Finalizer" daemon [_thread_blocked, id=16899, stack(0x0000000155703000,0x0000000155803000)]
  0x00007fdf9a041800 JavaThread "Reference Handler" daemon [_thread_blocked, id=16387, stack(0x0000000155600000,0x0000000155700000)]

Other Threads:
  0x00007fdf9a03f000 VMThread [stack: 0x00000001554fd000,0x00000001555fd000] [id=15875]
  0x00007fdf9a076800 WatcherThread [stack: 0x0000000155d47000,0x0000000155e47000] [id=23299]

VM state:not at safepoint (normal execution)

VM Mutex/Monitor currently owned by a thread: None

Heap
 PSYoungGen      total 19456K, used 18866K [0x000000013c080000, 0x000000013d600000, 0x0000000151600000)
  eden space 16896K, 96% used [0x000000013c080000,0x000000013d06d288,0x000000013d100000)
  from space 2560K, 99% used [0x000000013d100000,0x000000013d37f848,0x000000013d380000)
  to   space 2560K, 0% used [0x000000013d380000,0x000000013d380000,0x000000013d600000)
 ParOldGen       total 43520K, used 3081K [0x0000000111600000, 0x0000000114080000, 0x000000013c080000)
  object space 43520K, 7% used [0x0000000111600000,0x00000001119027b0,0x0000000114080000)
 PSPermGen       total 21504K, used 17061K [0x000000010c400000, 0x000000010d900000, 0x0000000111600000)
  object space 21504K, 79% used [0x000000010c400000,0x000000010d4a9500,0x000000010d900000)

Card table byte_map: [0x0000000151600000,0x000000015182a000] byte_map_base: 0x0000000150d9e000

Polling page: 0x00000001091d1000

Code Cache  [0x0000000109267000, 0x00000001094d7000, 0x000000010c267000)
 total_blobs=660 nmethods=143 adapters=471 free_code_cache=48325Kb largest_free_block=49454208

Compilation events (10 events):
Event: 2.178 Thread 0x00007fdf9a07d000 nmethod 136 0x00000001093308d0 code [0x0000000109330a20, 0x0000000109330f18]
Event: 2.181 Thread 0x00007fdf9a07b000 nmethod 138 0x0000000109330450 code [0x00000001093305a0, 0x00000001093307b8]
Event: 2.849 Thread 0x00007fdf9a07d000  140             java.util.ArrayList::size (5 bytes)
Event: 2.850 Thread 0x00007fdf9a07d000 nmethod 140 0x000000010932fed0 code [0x0000000109330000, 0x0000000109330058]
Event: 2.866 Thread 0x00007fdf9a07b000  141             java.util.ArrayList::rangeCheck (22 bytes)
Event: 2.866 Thread 0x00007fdf9a07d000  142             java.util.ArrayList::elementData (7 bytes)
Event: 2.867 Thread 0x00007fdf9a07b000 nmethod 141 0x000000010932fc90 code [0x000000010932fdc0, 0x000000010932fe38]
Event: 2.867 Thread 0x00007fdf9a07d000 nmethod 142 0x000000010932f9d0 code [0x000000010932fb20, 0x000000010932fbd8]
Event: 2.999 Thread 0x00007fdf9a07b000  143             java.util.ArrayList::get (11 bytes)
Event: 3.000 Thread 0x00007fdf9a07b000 nmethod 143 0x0000000109339710 code [0x0000000109339860, 0x0000000109339918]

GC Heap History (2 events):
Event: 1.612 GC heap before
{Heap before GC invocations=1 (full 0):
 PSYoungGen      total 19456K, used 16896K [0x000000013c080000, 0x000000013d600000, 0x0000000151600000)
  eden space 16896K, 100% used [0x000000013c080000,0x000000013d100000,0x000000013d100000)
  from space 2560K, 0% used [0x000000013d380000,0x000000013d380000,0x000000013d600000)
  to   space 2560K, 0% used [0x000000013d100000,0x000000013d100000,0x000000013d380000)
 ParOldGen       total 43520K, used 0K [0x0000000111600000, 0x0000000114080000, 0x000000013c080000)
  object space 43520K, 0% used [0x0000000111600000,0x0000000111600000,0x0000000114080000)
 PSPermGen       total 21504K, used 14884K [0x000000010c400000, 0x000000010d900000, 0x0000000111600000)
  object space 21504K, 69% used [0x000000010c400000,0x000000010d2890f0,0x000000010d900000)
Event: 1.622 GC heap after
Heap after GC invocations=1 (full 0):
 PSYoungGen      total 19456K, used 2558K [0x000000013c080000, 0x000000013d600000, 0x0000000151600000)
  eden space 16896K, 0% used [0x000000013c080000,0x000000013c080000,0x000000013d100000)
  from space 2560K, 99% used [0x000000013d100000,0x000000013d37f848,0x000000013d380000)
  to   space 2560K, 0% used [0x000000013d380000,0x000000013d380000,0x000000013d600000)
 ParOldGen       total 43520K, used 3081K [0x0000000111600000, 0x0000000114080000, 0x000000013c080000)
  object space 43520K, 7% used [0x0000000111600000,0x00000001119027b0,0x0000000114080000)
 PSPermGen       total 21504K, used 14884K [0x000000010c400000, 0x000000010d900000, 0x0000000111600000)
  object space 21504K, 69% used [0x000000010c400000,0x000000010d2890f0,0x000000010d900000)
}

Deoptimization events (10 events):
Event: 1.649 Thread 0x00007fdf9a87e800 Uncommon trap: reason=class_check action=maybe_recompile pc=0x0000000109305cf8 method=java.util.HashMap.put(Ljava/lang/Object;Ljava/lang/Object;)Ljava/lang/Object; @ 83
Event: 1.656 Thread 0x00007fdf9a87e800 Uncommon trap: reason=class_check action=maybe_recompile pc=0x0000000109305cf8 method=java.util.HashMap.put(Ljava/lang/Object;Ljava/lang/Object;)Ljava/lang/Object; @ 83
Event: 1.740 Thread 0x00007fdf9b02a000 Uncommon trap: reason=unreached action=reinterpret pc=0x000000010930a0ec method=java.lang.Integer.parseInt(Ljava/lang/String;I)I @ 1
Event: 2.088 Thread 0x00007fdf9a87e800 Uncommon trap: reason=unreached action=reinterpret pc=0x000000010930aa64 method=java.util.Arrays.equals([B[B)Z @ 12
Event: 2.089 Thread 0x00007fdf991b5800 Uncommon trap: reason=unreached action=reinterpret pc=0x000000010930aa64 method=java.util.Arrays.equals([B[B)Z @ 12
Event: 2.090 Thread 0x00007fdf9a19d800 Uncommon trap: reason=unreached action=reinterpret pc=0x000000010930aa64 method=java.util.Arrays.equals([B[B)Z @ 12
Event: 2.167 Thread 0x00007fdf9b0b2000 Uncommon trap: reason=class_check action=maybe_recompile pc=0x000000010931a9ac method=java.io.FilterInputStream.read()I @ 4
Event: 2.167 Thread 0x00007fdf9b0b2000 Uncommon trap: reason=class_check action=maybe_recompile pc=0x000000010931a9ac method=java.io.FilterInputStream.read()I @ 4
Event: 2.167 Thread 0x00007fdf9b0b2000 Uncommon trap: reason=class_check action=maybe_recompile pc=0x000000010931a9ac method=java.io.FilterInputStream.read()I @ 4
Event: 2.167 Thread 0x00007fdf9b0b2000 Uncommon trap: reason=class_check action=maybe_recompile pc=0x000000010931a9ac method=java.io.FilterInputStream.read()I @ 4

Internal exceptions (10 events):
Event: 3.437 Thread 0x00007fdf99196800 Threw 0x000000013d012488 at /HUDSON/workspace/7u-2-build-macosx-x86_64/jdk7u75/1940/hotspot/src/share/vm/prims/jvm.cpp:1281
Event: 3.437 Thread 0x00007fdf99196800 Threw 0x000000013d018570 at /HUDSON/workspace/7u-2-build-macosx-x86_64/jdk7u75/1940/hotspot/src/share/vm/prims/jvm.cpp:1281
Event: 3.438 Thread 0x00007fdf99196800 Threw 0x000000013d01eca0 at /HUDSON/workspace/7u-2-build-macosx-x86_64/jdk7u75/1940/hotspot/src/share/vm/prims/jvm.cpp:1281
Event: 3.439 Thread 0x00007fdf99196800 Threw 0x000000013d025668 at /HUDSON/workspace/7u-2-build-macosx-x86_64/jdk7u75/1940/hotspot/src/share/vm/prims/jni.cpp:717
Event: 3.439 Thread 0x00007fdf99196800 Threw 0x000000013d027c78 at /HUDSON/workspace/7u-2-build-macosx-x86_64/jdk7u75/1940/hotspot/src/share/vm/prims/jni.cpp:717
Event: 3.442 Thread 0x00007fdf99196800 Threw 0x000000013d0337e8 at /HUDSON/workspace/7u-2-build-macosx-x86_64/jdk7u75/1940/hotspot/src/share/vm/prims/jvm.cpp:1281
Event: 3.442 Thread 0x00007fdf99196800 Threw 0x000000013d037cd0 at /HUDSON/workspace/7u-2-build-macosx-x86_64/jdk7u75/1940/hotspot/src/share/vm/prims/jvm.cpp:1281
Event: 3.443 Thread 0x00007fdf99196800 Threw 0x000000013d03cea0 at /HUDSON/workspace/7u-2-build-macosx-x86_64/jdk7u75/1940/hotspot/src/share/vm/prims/jvm.cpp:1281
Event: 3.444 Thread 0x00007fdf99196800 Threw 0x000000013d0414e0 at /HUDSON/workspace/7u-2-build-macosx-x86_64/jdk7u75/1940/hotspot/src/share/vm/prims/jvm.cpp:1281
Event: 3.445 Thread 0x00007fdf99196800 Threw 0x000000013d047ed8 at /HUDSON/workspace/7u-2-build-macosx-x86_64/jdk7u75/1940/hotspot/src/share/vm/prims/jvm.cpp:1281

Events (10 events):
Event: 3.442 loading class 0x00007fdf9d203240
Event: 3.442 loading class 0x00007fdf9d203240 done
Event: 3.443 loading class 0x00007fdf9d2034d0
Event: 3.443 loading class 0x00007fdf9d2034d0 done
Event: 3.444 loading class 0x00007fdf9d12b490
Event: 3.444 loading class 0x00007fdf9d12b490 done
Event: 3.445 loading class 0x00007fdf9d203270
Event: 3.445 loading class 0x00007fdf9d203270 done
Event: 3.446 Thread 0x00007fdf9b0d0000 Thread added: 0x00007fdf9b0d0000
Event: 3.453 Thread 0x00007fdf9b0d0000 Thread exited: 0x00007fdf9b0d0000


Dynamic libraries:
0x000000000493d000 	/System/Library/Frameworks/Cocoa.framework/Versions/A/Cocoa
0x000000000493d000 	/System/Library/Frameworks/Security.framework/Versions/A/Security
0x000000000493d000 	/System/Library/Frameworks/ApplicationServices.framework/Versions/A/ApplicationServices
0x000000000493d000 	/usr/lib/libz.1.dylib
0x000000000493d000 	/usr/lib/libSystem.B.dylib
0x000000000493d000 	/usr/lib/libobjc.A.dylib
0x000000000493d000 	/System/Library/Frameworks/CoreFoundation.framework/Versions/A/CoreFoundation
0x000000000493d000 	/System/Library/Frameworks/Foundation.framework/Versions/C/Foundation
0x000000000493d000 	/System/Library/Frameworks/AppKit.framework/Versions/C/AppKit
0x000000000493d000 	/System/Library/Frameworks/CoreData.framework/Versions/A/CoreData
0x000000000493d000 	/System/Library/PrivateFrameworks/RemoteViewServices.framework/Versions/A/RemoteViewServices
0x000000000493d000 	/System/Library/Frameworks/AudioToolbox.framework/Versions/A/AudioToolbox
0x000000000493d000 	/System/Library/Frameworks/AudioUnit.framework/Versions/A/AudioUnit
0x000000000493d000 	/System/Library/PrivateFrameworks/DataDetectorsCore.framework/Versions/A/DataDetectorsCore
0x000000000493d000 	/System/Library/PrivateFrameworks/DesktopServicesPriv.framework/Versions/A/DesktopServicesPriv
0x000000000493d000 	/System/Library/Frameworks/Carbon.framework/Versions/A/Frameworks/HIToolbox.framework/Versions/A/HIToolbox
0x000000000493d000 	/System/Library/Frameworks/QuartzCore.framework/Versions/A/QuartzCore
0x000000000493d000 	/System/Library/Frameworks/Carbon.framework/Versions/A/Frameworks/SpeechRecognition.framework/Versions/A/SpeechRecognition
0x000000000493d000 	/usr/lib/libauto.dylib
0x000000000493d000 	/usr/lib/libicucore.A.dylib
0x000000000493d000 	/usr/lib/libxml2.2.dylib
0x000000000493d000 	/System/Library/PrivateFrameworks/CoreUI.framework/Versions/A/CoreUI
0x000000000493d000 	/System/Library/Frameworks/CoreAudio.framework/Versions/A/CoreAudio
0x000000000493d000 	/System/Library/Frameworks/DiskArbitration.framework/Versions/A/DiskArbitration
0x000000000493d000 	/usr/lib/liblangid.dylib
0x000000000493d000 	/System/Library/PrivateFrameworks/MultitouchSupport.framework/Versions/A/MultitouchSupport
0x000000000493d000 	/System/Library/Frameworks/IOKit.framework/Versions/A/IOKit
0x000000000493d000 	/usr/lib/libDiagnosticMessagesClient.dylib
0x000000000493d000 	/System/Library/Frameworks/CoreServices.framework/Versions/A/CoreServices
0x000000000493d000 	/System/Library/PrivateFrameworks/PerformanceAnalysis.framework/Versions/A/PerformanceAnalysis
0x000000000493d000 	/System/Library/PrivateFrameworks/GenerationalStorage.framework/Versions/A/GenerationalStorage
0x000000000493d000 	/System/Library/Frameworks/OpenGL.framework/Versions/A/OpenGL
0x000000000493d000 	/System/Library/Frameworks/CoreText.framework/Versions/A/CoreText
0x000000000493d000 	/System/Library/Frameworks/ImageIO.framework/Versions/A/ImageIO
0x000000000493d000 	/System/Library/PrivateFrameworks/Backup.framework/Versions/A/Backup
0x000000000493d000 	/System/Library/Frameworks/CFNetwork.framework/Versions/A/CFNetwork
0x000000000493d000 	/System/Library/Frameworks/SystemConfiguration.framework/Versions/A/SystemConfiguration
0x000000000493d000 	/usr/lib/libCRFSuite.dylib
0x000000000493d000 	/System/Library/PrivateFrameworks/TCC.framework/Versions/A/TCC
0x000000000493d000 	/usr/lib/libc++.1.dylib
0x000000000493d000 	/usr/lib/libc++abi.dylib
0x000000000493d000 	/usr/lib/system/libcache.dylib
0x000000000493d000 	/usr/lib/system/libcommonCrypto.dylib
0x000000000493d000 	/usr/lib/system/libcompiler_rt.dylib
0x000000000493d000 	/usr/lib/system/libcopyfile.dylib
0x000000000493d000 	/usr/lib/system/libdispatch.dylib
0x000000000493d000 	/usr/lib/system/libdnsinfo.dylib
0x000000000493d000 	/usr/lib/system/libdyld.dylib
0x000000000493d000 	/usr/lib/system/libkeymgr.dylib
0x000000000493d000 	/usr/lib/system/liblaunch.dylib
0x000000000493d000 	/usr/lib/system/libmacho.dylib
0x000000000493d000 	/usr/lib/system/libquarantine.dylib
0x000000000493d000 	/usr/lib/system/libremovefile.dylib
0x000000000493d000 	/usr/lib/system/libsystem_blocks.dylib
0x000000000493d000 	/usr/lib/system/libsystem_c.dylib
0x000000000493d000 	/usr/lib/system/libsystem_dnssd.dylib
0x000000000493d000 	/usr/lib/system/libsystem_info.dylib
0x000000000493d000 	/usr/lib/system/libsystem_kernel.dylib
0x000000000493d000 	/usr/lib/system/libsystem_m.dylib
0x000000000493d000 	/usr/lib/system/libsystem_network.dylib
0x000000000493d000 	/usr/lib/system/libsystem_notify.dylib
0x000000000493d000 	/usr/lib/system/libsystem_sandbox.dylib
0x000000000493d000 	/usr/lib/system/libunc.dylib
0x000000000493d000 	/usr/lib/system/libunwind.dylib
0x000000000493d000 	/usr/lib/system/libxpc.dylib
0x000000000493d000 	/usr/lib/system/libcorecrypto.dylib
0x000000000493d000 	/usr/lib/libstdc++.6.dylib
0x000000000493d000 	/usr/lib/libbsm.0.dylib
0x000000000493d000 	/usr/lib/libsqlite3.dylib
0x000000000493d000 	/usr/lib/libxar.1.dylib
0x000000000493d000 	/usr/lib/libpam.2.dylib
0x000000000493d000 	/usr/lib/libOpenScriptingUtil.dylib
0x000000000493d000 	/usr/lib/libbz2.1.0.dylib
0x000000000493d000 	/System/Library/Frameworks/CoreServices.framework/Versions/A/Frameworks/CarbonCore.framework/Versions/A/CarbonCore
0x000000000493d000 	/System/Library/Frameworks/CoreServices.framework/Versions/A/Frameworks/Metadata.framework/Versions/A/Metadata
0x000000000493d000 	/System/Library/Frameworks/CoreServices.framework/Versions/A/Frameworks/OSServices.framework/Versions/A/OSServices
0x000000000493d000 	/System/Library/Frameworks/CoreServices.framework/Versions/A/Frameworks/SearchKit.framework/Versions/A/SearchKit
0x000000000493d000 	/System/Library/Frameworks/CoreServices.framework/Versions/A/Frameworks/AE.framework/Versions/A/AE
0x000000000493d000 	/System/Library/Frameworks/CoreServices.framework/Versions/A/Frameworks/LaunchServices.framework/Versions/A/LaunchServices
0x000000000493d000 	/System/Library/Frameworks/CoreServices.framework/Versions/A/Frameworks/DictionaryServices.framework/Versions/A/DictionaryServices
0x000000000493d000 	/System/Library/Frameworks/NetFS.framework/Versions/A/NetFS
0x000000000493d000 	/usr/lib/system/libkxld.dylib
0x000000000493d000 	/System/Library/PrivateFrameworks/NetAuth.framework/Versions/A/NetAuth
0x000000000493d000 	/System/Library/Frameworks/OpenDirectory.framework/Versions/A/Frameworks/CFOpenDirectory.framework/Versions/A/CFOpenDirectory
0x000000000493d000 	/usr/lib/libxslt.1.dylib
0x000000000493d000 	/System/Library/PrivateFrameworks/FamilyControls.framework/Versions/A/FamilyControls
0x000000000493d000 	/System/Library/Frameworks/Carbon.framework/Versions/A/Frameworks/Ink.framework/Versions/A/Ink
0x000000000493d000 	/System/Library/Frameworks/ApplicationServices.framework/Versions/A/Frameworks/CoreGraphics.framework/Versions/A/CoreGraphics
0x000000000493d000 	/System/Library/Frameworks/ApplicationServices.framework/Versions/A/Frameworks/ATS.framework/Versions/A/ATS
0x000000000493d000 	/System/Library/Frameworks/ApplicationServices.framework/Versions/A/Frameworks/ColorSync.framework/Versions/A/ColorSync
0x000000000493d000 	/System/Library/Frameworks/ApplicationServices.framework/Versions/A/Frameworks/HIServices.framework/Versions/A/HIServices
0x000000000493d000 	/System/Library/Frameworks/ApplicationServices.framework/Versions/A/Frameworks/LangAnalysis.framework/Versions/A/LangAnalysis
0x000000000493d000 	/System/Library/Frameworks/ApplicationServices.framework/Versions/A/Frameworks/PrintCore.framework/Versions/A/PrintCore
0x000000000493d000 	/System/Library/Frameworks/ApplicationServices.framework/Versions/A/Frameworks/QD.framework/Versions/A/QD
0x000000000493d000 	/System/Library/Frameworks/ApplicationServices.framework/Versions/A/Frameworks/SpeechSynthesis.framework/Versions/A/SpeechSynthesis
0x000000000493d000 	/System/Library/Frameworks/IOSurface.framework/Versions/A/IOSurface
0x000000000493d000 	/System/Library/Frameworks/Accelerate.framework/Versions/A/Accelerate
0x000000000493d000 	/System/Library/Frameworks/ApplicationServices.framework/Versions/A/Frameworks/ATS.framework/Versions/A/Resources/libFontParser.dylib
0x000000000493d000 	/System/Library/Frameworks/ApplicationServices.framework/Versions/A/Frameworks/ATS.framework/Versions/A/Resources/libFontRegistry.dylib
0x000000000493d000 	/System/Library/Frameworks/Accelerate.framework/Versions/A/Frameworks/vImage.framework/Versions/A/vImage
0x000000000493d000 	/System/Library/Frameworks/Accelerate.framework/Versions/A/Frameworks/vecLib.framework/Versions/A/vecLib
0x000000000493d000 	/System/Library/Frameworks/Accelerate.framework/Versions/A/Frameworks/vecLib.framework/Versions/A/libvDSP.dylib
0x000000000493d000 	/System/Library/Frameworks/Accelerate.framework/Versions/A/Frameworks/vecLib.framework/Versions/A/libvMisc.dylib
0x000000000493d000 	/System/Library/Frameworks/Accelerate.framework/Versions/A/Frameworks/vecLib.framework/Versions/A/libLAPACK.dylib
0x000000000493d000 	/System/Library/Frameworks/Accelerate.framework/Versions/A/Frameworks/vecLib.framework/Versions/A/libBLAS.dylib
0x000000000493d000 	/System/Library/Frameworks/ImageIO.framework/Versions/A/Resources/libJPEG.dylib
0x000000000493d000 	/System/Library/Frameworks/ImageIO.framework/Versions/A/Resources/libTIFF.dylib
0x000000000493d000 	/System/Library/Frameworks/ImageIO.framework/Versions/A/Resources/libPng.dylib
0x000000000493d000 	/System/Library/Frameworks/ImageIO.framework/Versions/A/Resources/libGIF.dylib
0x000000000493d000 	/System/Library/Frameworks/ImageIO.framework/Versions/A/Resources/libJP2.dylib
0x000000000493d000 	/System/Library/Frameworks/ImageIO.framework/Versions/A/Resources/libRadiance.dylib
0x000000000493d000 	/usr/lib/libcups.2.dylib
0x000000000493d000 	/System/Library/Frameworks/Kerberos.framework/Versions/A/Kerberos
0x000000000493d000 	/System/Library/Frameworks/GSS.framework/Versions/A/GSS
0x000000000493d000 	/usr/lib/libresolv.9.dylib
0x000000000493d000 	/usr/lib/libiconv.2.dylib
0x000000000493d000 	/System/Library/PrivateFrameworks/Heimdal.framework/Versions/A/Heimdal
0x000000000493d000 	/System/Library/PrivateFrameworks/TrustEvaluationAgent.framework/Versions/A/TrustEvaluationAgent
0x000000000493d000 	/System/Library/Frameworks/OpenDirectory.framework/Versions/A/OpenDirectory
0x000000000493d000 	/System/Library/PrivateFrameworks/CommonAuth.framework/Versions/A/CommonAuth
0x000000000493d000 	/System/Library/PrivateFrameworks/Bom.framework/Versions/A/Bom
0x000000000493d000 	/System/Library/Frameworks/CoreVideo.framework/Versions/A/CoreVideo
0x000000000493d000 	/System/Library/Frameworks/QuartzCore.framework/Versions/A/Frameworks/CoreImage.framework/Versions/A/CoreImage
0x000000000493d000 	/System/Library/Frameworks/QuartzCore.framework/Versions/A/Frameworks/ScalableUserInterface.framework/Versions/A/ScalableUserInterface
0x000000000493d000 	/System/Library/Frameworks/OpenGL.framework/Versions/A/Libraries/libGLU.dylib
0x000000000493d000 	/System/Library/Frameworks/OpenGL.framework/Versions/A/Libraries/libGFXShared.dylib
0x000000000493d000 	/System/Library/Frameworks/OpenGL.framework/Versions/A/Libraries/libGL.dylib
0x000000000493d000 	/System/Library/Frameworks/OpenGL.framework/Versions/A/Libraries/libGLImage.dylib
0x000000000493d000 	/System/Library/Frameworks/OpenGL.framework/Versions/A/Libraries/libCVMSPluginSupport.dylib
0x000000000493d000 	/System/Library/Frameworks/OpenGL.framework/Versions/A/Libraries/libCoreVMClient.dylib
0x000000000493d000 	/System/Library/PrivateFrameworks/CrashReporterSupport.framework/Versions/A/CrashReporterSupport
0x000000000493d000 	/System/Library/Frameworks/OpenCL.framework/Versions/A/OpenCL
0x000000000493d000 	/System/Library/PrivateFrameworks/FaceCoreLight.framework/Versions/A/FaceCoreLight
0x000000000493d000 	/System/Library/PrivateFrameworks/AppleFSCompression.framework/Versions/A/AppleFSCompression
0x000000000493d000 	/System/Library/PrivateFrameworks/Ubiquity.framework/Versions/A/Ubiquity
0x000000000493d000 	/System/Library/Frameworks/ServiceManagement.framework/Versions/A/ServiceManagement
0x000000000493d000 	/System/Library/PrivateFrameworks/ChunkingLibrary.framework/Versions/A/ChunkingLibrary
0x000000000493d000 	/System/Library/Frameworks/vecLib.framework/Versions/A/vecLib
0x000000000493d000 	/System/Library/Frameworks/SecurityFoundation.framework/Versions/A/SecurityFoundation
0x000000000493d000 	/System/Library/PrivateFrameworks/CommerceKit.framework/Versions/A/Frameworks/CommerceCore.framework/Versions/A/CommerceCore
0x000000000493d000 	/System/Library/PrivateFrameworks/CoreSymbolication.framework/Versions/A/CoreSymbolication
0x000000000493d000 	/System/Library/PrivateFrameworks/Symbolication.framework/Versions/A/Symbolication
0x000000000493d000 	/System/Library/PrivateFrameworks/DebugSymbols.framework/Versions/A/DebugSymbols
0x0000000108630000 	/Library/Java/JavaVirtualMachines/jdk1.7.0_75.jdk/Contents/Home/jre/lib/server/libjvm.dylib
0x0000000109194000 	/Library/Java/JavaVirtualMachines/jdk1.7.0_75.jdk/Contents/Home/jre/lib/libverify.dylib
0x00000001091a1000 	/Library/Java/JavaVirtualMachines/jdk1.7.0_75.jdk/Contents/Home/jre/lib/libjava.dylib
0x000000010925e000 	/Library/Java/JavaVirtualMachines/jdk1.7.0_75.jdk/Contents/Home/jre/lib/libzip.dylib
0x000000010c367000 	/System/Library/Frameworks/JavaVM.framework/Frameworks/JavaRuntimeSupport.framework/JavaRuntimeSupport
0x0000000155805000 	/System/Library/Frameworks/JavaVM.framework/Versions/A/Frameworks/JavaNativeFoundation.framework/Versions/A/JavaNativeFoundation
0x000000015581a000 	/System/Library/Frameworks/JavaVM.framework/Versions/A/JavaVM
0x000000000493d000 	/System/Library/Frameworks/Carbon.framework/Versions/A/Carbon
0x0000000155827000 	/System/Library/PrivateFrameworks/JavaLaunching.framework/Versions/A/JavaLaunching
0x000000000493d000 	/System/Library/Frameworks/Carbon.framework/Versions/A/Frameworks/CommonPanels.framework/Versions/A/CommonPanels
0x000000000493d000 	/System/Library/Frameworks/Carbon.framework/Versions/A/Frameworks/Help.framework/Versions/A/Help
0x000000000493d000 	/System/Library/Frameworks/Carbon.framework/Versions/A/Frameworks/ImageCapture.framework/Versions/A/ImageCapture
0x000000000493d000 	/System/Library/Frameworks/Carbon.framework/Versions/A/Frameworks/OpenScripting.framework/Versions/A/OpenScripting
0x000000000493d000 	/System/Library/Frameworks/Carbon.framework/Versions/A/Frameworks/Print.framework/Versions/A/Print
0x000000000493d000 	/System/Library/Frameworks/Carbon.framework/Versions/A/Frameworks/SecurityHI.framework/Versions/A/SecurityHI
0x0000000155e9c000 	/Library/Java/JavaVirtualMachines/jdk1.7.0_75.jdk/Contents/Home/jre/lib/libawt.dylib
0x0000000155f4b000 	/Library/Java/JavaVirtualMachines/jdk1.7.0_75.jdk/Contents/Home/jre/lib/./libmlib_image.dylib
0x0000000156017000 	/Library/Java/JavaVirtualMachines/jdk1.7.0_75.jdk/Contents/Home/jre/lib/lwawt/liblwawt.dylib
0x00000001560cb000 	/Library/Java/JavaVirtualMachines/jdk1.7.0_75.jdk/Contents/Home/jre/lib/libosxapp.dylib
0x00000001560e7000 	/System/Library/Frameworks/ExceptionHandling.framework/Versions/A/ExceptionHandling
0x000000000493d000 	/System/Library/PrivateFrameworks/CoreServicesInternal.framework/Versions/A/CoreServicesInternal
0x000000000493d000 	/System/Library/PrivateFrameworks/Librarian.framework/Versions/A/Librarian
0x000000000493d000 	/System/Library/Frameworks/ApplicationServices.framework/Versions/A/Frameworks/CoreGraphics.framework/Versions/A/Resources/libCSync.A.dylib
0x000000000493d000 	/System/Library/Frameworks/ApplicationServices.framework/Versions/A/Frameworks/CoreGraphics.framework/Versions/A/Resources/libRIP.A.dylib
0x000000000493d000 	/System/Library/Frameworks/ApplicationServices.framework/Versions/A/Frameworks/CoreGraphics.framework/Versions/A/Resources/libCGXType.A.dylib
0x0000000159cae000 	/Library/Java/JavaVirtualMachines/jdk1.7.0_75.jdk/Contents/Home/jre/lib/libfontmanager.dylib
0x00000001575d6000 	/Library/Java/JavaVirtualMachines/jdk1.7.0_75.jdk/Contents/Home/jre/lib/libosxui.dylib
0x0000000159e18000 	/System/Library/Frameworks/OpenGL.framework/Resources/GLEngine.bundle/GLEngine
0x000000015a00d000 	/System/Library/Frameworks/OpenGL.framework/Versions/A/Libraries/libGLProgrammability.dylib
0x000000015a1b5000 	/System/Library/Extensions/AppleIntelHD4000GraphicsGLDriver.bundle/Contents/MacOS/AppleIntelHD4000GraphicsGLDriver
0x00000001575e0000 	/System/Library/PrivateFrameworks/IOAccelerator.framework/Versions/A/IOAccelerator
0x00000001575ed000 	/System/Library/PrivateFrameworks/GPUSupport.framework/Versions/A/Libraries/libGPUSupportMercury.dylib
0x000000015839f000 	/System/Library/Frameworks/OpenGL.framework/Resources//GLRendererFloat.bundle/GLRendererFloat
0x0000000157604000 	/System/Library/Frameworks/OpenCL.framework/Versions/A/Libraries/libcldcpuengine.dylib
0x000000000493d000 	/System/Library/PrivateFrameworks/DiskImages.framework/Versions/A/DiskImages
0x000000000493d000 	/System/Library/Frameworks/DiscRecording.framework/Versions/A/DiscRecording
0x000000000493d000 	/usr/lib/libcurl.4.dylib
0x000000000493d000 	/System/Library/PrivateFrameworks/MediaKit.framework/Versions/A/MediaKit
0x000000000493d000 	/usr/lib/libssl.0.9.8.dylib
0x000000000493d000 	/usr/lib/libcrypto.0.9.8.dylib
0x000000000493d000 	/System/Library/Frameworks/LDAP.framework/Versions/A/LDAP
0x000000000493d000 	/usr/lib/libsasl2.2.dylib
0x000000015b8b8000 	/Library/Java/JavaVirtualMachines/jdk1.7.0_75.jdk/Contents/Home/jre/lib/libnet.dylib
0x000000015b916000 	/Library/Java/JavaVirtualMachines/jdk1.7.0_75.jdk/Contents/Home/jre/lib/libnio.dylib
0x000000015d357000 	/Library/Java/JavaVirtualMachines/jdk1.7.0_75.jdk/Contents/Home/jre/lib/libdcpr.dylib
0x0000000160632000 	/Library/Java/JavaVirtualMachines/jdk1.7.0_75.jdk/Contents/Home/jre/lib/libsunec.dylib
0x0000000160ce4000 	/Library/Java/Extensions/librxtxSerial.jnilib

VM Arguments:
jvm_args: -Dfile.encoding=UTF-8 
java_command: jcan2.Main
Launcher Type: SUN_STANDARD

Environment Variables:
PATH=/usr/bin:/bin:/usr/sbin:/sbin
LD_LIBRARY_PATH=/Library/Java/JavaVirtualMachines/jdk1.7.0_75.jdk/Contents/Home/jre/lib/amd64:/Library/Java/JavaVirtualMachines/jdk1.7.0_75.jdk/Contents/Home/jre/lib/i386:
SHELL=/bin/bash
DISPLAY=/tmp/launch-dPkb48/org.macosforge.xquartz:0
DYLD_LIBRARY_PATH=/Applications/NetBeans/NetBeans 8.0.2.app/Contents/Resources/NetBeans/webcommon/bin:

Signal Handlers:
SIGSEGV: [libjvm.dylib+0x52d20d], sa_mask[0]=0xfffefeff, sa_flags=0x00000043
SIGBUS: [libjvm.dylib+0x52d20d], sa_mask[0]=0xfffefeff, sa_flags=0x00000042
SIGFPE: [libjvm.dylib+0x41ee7a], sa_mask[0]=0xfffefeff, sa_flags=0x00000042
SIGPIPE: [libjvm.dylib+0x41ee7a], sa_mask[0]=0xfffefeff, sa_flags=0x00000042
SIGXFSZ: [libjvm.dylib+0x41ee7a], sa_mask[0]=0xfffefeff, sa_flags=0x00000042
SIGILL: [libjvm.dylib+0x41ee7a], sa_mask[0]=0xfffefeff, sa_flags=0x00000042
SIGUSR1: SIG_DFL, sa_mask[0]=0x00000000, sa_flags=0x00000002
SIGUSR2: [libjvm.dylib+0x41e96c], sa_mask[0]=0x00000004, sa_flags=0x00000042
SIGHUP: [libjvm.dylib+0x41cbfd], sa_mask[0]=0xfffefeff, sa_flags=0x00000042
SIGINT: SIG_IGN, sa_mask[0]=0x00000000, sa_flags=0x00000000
SIGTERM: [libjvm.dylib+0x41cbfd], sa_mask[0]=0xfffefeff, sa_flags=0x00000042
SIGQUIT: [libjvm.dylib+0x41cbfd], sa_mask[0]=0xfffefeff, sa_flags=0x00000042


---------------  S Y S T E M  ---------------

OS:Bsduname:Darwin 12.6.0 Darwin Kernel Version 12.6.0: Wed Dec 17 19:11:40 PST 2014; root:xnu-2050.48.15~1/RELEASE_X86_64 x86_64
rlimit: STACK 8192k, CORE 0k, NPROC 709, NOFILE 10240, AS infinity
load average:0.64 0.81 0.84

CPU:total 4 (2 cores per cpu, 2 threads per core) family 6 model 58 stepping 9, cmov, cx8, fxsr, mmx, sse, sse2, sse3, ssse3, sse4.1, sse4.2, popcnt, avx, aes, erms, ht, tsc, tscinvbit, tscinv

Memory: 4k page, physical 4194304k(1048576k free)

/proc/meminfo:


vm_info: Java HotSpot(TM) 64-Bit Server VM (24.75-b04) for bsd-amd64 JRE (1.7.0_75-b13), built on Dec 18 2014 21:48:12 by "java_re" with gcc 4.2.1 (Based on Apple Inc. build 5658) (LLVM build 2336.11.00)

time: Tue Feb 24 16:56:14 2015
elapsed time: 3 seconds

